Running in Lattice mode

Starting:    C:\lscc\diamond\3.11_x64\synpbase\bin64\mbin\synbatch.exe
Install:     C:\lscc\diamond\3.11_x64\synpbase
Hostname:    DESKTOP-56RQHKQ
Date:        Fri Sep  6 00:43:15 2019
Version:     N-2018.03L-SP1-1

Arguments:   -product synplify_pro -batch shiftRL00_shiftRL0_synplify.tcl
ProductType: synplify_pro




log file: "C:\Users\martin\Desktop\Arqui3cm2\PrimerParcial\project3CM2\shiftRL00\shiftRL0\shiftRL00_shiftRL0.srr"
Running: hdl_info_gen in foreground

Generating HDL info...

hdl_info_gen completed
# Fri Sep  6 00:43:17 2019

Return Code: 0
Run Time:00h:00m:01s
log file: "C:\Users\martin\Desktop\Arqui3cm2\PrimerParcial\project3CM2\shiftRL00\shiftRL0\shiftRL00_shiftRL0.srr"
Running: shiftRL0 in foreground

Running proj_1|shiftRL0

Running Flow: compile (Compile) on proj_1|shiftRL0
# Fri Sep  6 00:43:18 2019

Running Flow: compile_flow (Compile Process) on proj_1|shiftRL0
# Fri Sep  6 00:43:18 2019

Running: compiler (Compile Input) on proj_1|shiftRL0
# Fri Sep  6 00:43:18 2019
Copied C:\Users\martin\Desktop\Arqui3cm2\PrimerParcial\project3CM2\shiftRL00\shiftRL0\synwork\shiftRL00_shiftRL0_comp.srs to C:\Users\martin\Desktop\Arqui3cm2\PrimerParcial\project3CM2\shiftRL00\shiftRL0\shiftRL00_shiftRL0.srs

compiler completed
# Fri Sep  6 00:43:21 2019

Return Code: 0
Run Time:00h:00m:03s

Running: multi_srs_gen (Multi-srs Generator) on proj_1|shiftRL0
# Fri Sep  6 00:43:21 2019

multi_srs_gen completed
# Fri Sep  6 00:43:22 2019

Return Code: 0
Run Time:00h:00m:01s
Copied C:\Users\martin\Desktop\Arqui3cm2\PrimerParcial\project3CM2\shiftRL00\shiftRL0\synwork\shiftRL00_shiftRL0_mult.srs to C:\Users\martin\Desktop\Arqui3cm2\PrimerParcial\project3CM2\shiftRL00\shiftRL0\shiftRL00_shiftRL0.srs
Copied C:\Users\martin\Desktop\Arqui3cm2\PrimerParcial\project3CM2\shiftRL00\shiftRL0\shiftRL00_shiftRL0.srr to C:\Users\martin\Desktop\Arqui3cm2\PrimerParcial\project3CM2\shiftRL00\shiftRL0\shiftRL00_shiftRL0.srf
Complete: Compile Process on proj_1|shiftRL0

Running: premap (Premap) on proj_1|shiftRL0
# Fri Sep  6 00:43:22 2019

premap completed with warnings
# Fri Sep  6 00:43:25 2019

Return Code: 1
Run Time:00h:00m:03s
Complete: Compile on proj_1|shiftRL0

Running Flow: map (Map) on proj_1|shiftRL0
# Fri Sep  6 00:43:25 2019
License granted for 4 parallel jobs

Running: fpga_mapper (Map & Optimize) on proj_1|shiftRL0
# Fri Sep  6 00:43:25 2019
Copied C:\Users\martin\Desktop\Arqui3cm2\PrimerParcial\project3CM2\shiftRL00\shiftRL0\synwork\shiftRL00_shiftRL0_m.srm to C:\Users\martin\Desktop\Arqui3cm2\PrimerParcial\project3CM2\shiftRL00\shiftRL0\shiftRL00_shiftRL0.srm

fpga_mapper completed with warnings
# Fri Sep  6 00:43:31 2019

Return Code: 1
Run Time:00h:00m:06s
Complete: Map on proj_1|shiftRL0
Copied C:\Users\martin\Desktop\Arqui3cm2\PrimerParcial\project3CM2\shiftRL00\shiftRL0\shiftRL00_shiftRL0.srr to C:\Users\martin\Desktop\Arqui3cm2\PrimerParcial\project3CM2\shiftRL00\shiftRL0\shiftRL00_shiftRL0.srf
Complete: Logic Synthesis on proj_1|shiftRL0
TCL script complete: "shiftRL00_shiftRL0_synplify.tcl"
exit status=0
exit status=0
Save changes for project:
C:\Users\martin\Desktop\Arqui3cm2\PrimerParcial\project3CM2\shiftRL00\shiftRL0\proj_1.prj
batch mode default:no
