Running in Lattice mode

Starting:    C:\lscc\diamond\3.11_x64\synpbase\bin64\mbin\synbatch.exe
Install:     C:\lscc\diamond\3.11_x64\synpbase
Hostname:    DESKTOP-56RQHKQ
Date:        Tue Aug 27 11:30:05 2019
Version:     N-2018.03L-SP1-1

Arguments:   -product synplify_pro -batch adder4bitLib00_adder4bitLib00_synplify.tcl
ProductType: synplify_pro




log file: "C:\Users\martin\Desktop\adder4bitLib00\adder4bitLib00\adder4bitLib00_adder4bitLib00.srr"
Running: hdl_info_gen in foreground

Generating HDL info...
Copied C:\Users\martin\Desktop\adder4bitLib00\adder4bitLib00\adder4bitLib00_adder4bitLib00.srr to C:\Users\martin\Desktop\adder4bitLib00\adder4bitLib00\adder4bitLib00_adder4bitLib00.srf

hdl_info_gen completed
# Tue Aug 27 11:30:06 2019

Return Code: 0
Run Time:00h:00m:00s
log file: "C:\Users\martin\Desktop\adder4bitLib00\adder4bitLib00\adder4bitLib00_adder4bitLib00.srr"
Running: adder4bitLib00 in foreground

Running proj_1|adder4bitLib00

Running Flow: compile (Compile) on proj_1|adder4bitLib00
# Tue Aug 27 11:30:06 2019

Running Flow: compile_flow (Compile Process) on proj_1|adder4bitLib00
# Tue Aug 27 11:30:06 2019

Running: compiler (Compile Input) on proj_1|adder4bitLib00
# Tue Aug 27 11:30:06 2019
Copied C:\Users\martin\Desktop\adder4bitLib00\adder4bitLib00\synwork\adder4bitLib00_adder4bitLib00_comp.srs to C:\Users\martin\Desktop\adder4bitLib00\adder4bitLib00\adder4bitLib00_adder4bitLib00.srs

compiler completed
# Tue Aug 27 11:30:09 2019

Return Code: 0
Run Time:00h:00m:03s

Running: multi_srs_gen (Multi-srs Generator) on proj_1|adder4bitLib00
# Tue Aug 27 11:30:09 2019

multi_srs_gen completed
# Tue Aug 27 11:30:09 2019

Return Code: 0
Run Time:00h:00m:00s
Copied C:\Users\martin\Desktop\adder4bitLib00\adder4bitLib00\synwork\adder4bitLib00_adder4bitLib00_mult.srs to C:\Users\martin\Desktop\adder4bitLib00\adder4bitLib00\adder4bitLib00_adder4bitLib00.srs
Copied C:\Users\martin\Desktop\adder4bitLib00\adder4bitLib00\adder4bitLib00_adder4bitLib00.srr to C:\Users\martin\Desktop\adder4bitLib00\adder4bitLib00\adder4bitLib00_adder4bitLib00.srf
Complete: Compile Process on proj_1|adder4bitLib00

Running: premap (Premap) on proj_1|adder4bitLib00
# Tue Aug 27 11:30:09 2019

premap completed
# Tue Aug 27 11:30:11 2019

Return Code: 0
Run Time:00h:00m:02s
Complete: Compile on proj_1|adder4bitLib00

Running Flow: map (Map) on proj_1|adder4bitLib00
# Tue Aug 27 11:30:11 2019
License granted for 4 parallel jobs

Running: fpga_mapper (Map & Optimize) on proj_1|adder4bitLib00
# Tue Aug 27 11:30:11 2019
Copied C:\Users\martin\Desktop\adder4bitLib00\adder4bitLib00\synwork\adder4bitLib00_adder4bitLib00_m.srm to C:\Users\martin\Desktop\adder4bitLib00\adder4bitLib00\adder4bitLib00_adder4bitLib00.srm

fpga_mapper completed
# Tue Aug 27 11:30:13 2019

Return Code: 0
Run Time:00h:00m:02s
Complete: Map on proj_1|adder4bitLib00
Copied C:\Users\martin\Desktop\adder4bitLib00\adder4bitLib00\adder4bitLib00_adder4bitLib00.srr to C:\Users\martin\Desktop\adder4bitLib00\adder4bitLib00\adder4bitLib00_adder4bitLib00.srf
Complete: Logic Synthesis on proj_1|adder4bitLib00
TCL script complete: "adder4bitLib00_adder4bitLib00_synplify.tcl"
exit status=0
exit status=0
Save changes for project:
C:\Users\martin\Desktop\adder4bitLib00\adder4bitLib00\proj_1.prj
batch mode default:no
