
Copyright (C) 1994-2018 Synopsys, Inc.
This Synopsys software and all associated documentation are proprietary to Synopsys, Inc.
and may only be used pursuant to the terms and conditions of a written license agreement
with Synopsys, Inc. All other use, reproduction, modification, or distribution of the
Synopsys software or the associated documentation is strictly prohibited.
Tool: Synplify Pro (R)
Build: N-2018.03L-SP1-1
Install: C:\lscc\diamond\3.11_x64\synpbase
OS: Windows 6.2

Hostname: DESKTOP-56RQHKQ

Implementation : mult4bit00
Synopsys HDL compiler and linker, Version comp2018q2p1, Build 461R, Built Apr  1 2019 09:17:43

Modified Files: 20
FID:  path (prevtimestamp, timestamp)
0        C:\Users\martin\Desktop\Arqui3cm2\PrimerParcial\project3CM2\fa00VHDL\and00.vhdl (N/A, 2019-08-22 11:45:31)
1        C:\Users\martin\Desktop\Arqui3cm2\PrimerParcial\project3CM2\fa00VHDL\fa00.vhdl (N/A, 2019-08-22 11:44:46)
2        C:\Users\martin\Desktop\Arqui3cm2\PrimerParcial\project3CM2\fa00VHDL\ha00.vhdl (N/A, 2019-08-22 11:45:06)
3        C:\Users\martin\Desktop\Arqui3cm2\PrimerParcial\project3CM2\fa00VHDL\or00.vhdl (N/A, 2019-08-22 12:04:49)
4        C:\Users\martin\Desktop\Arqui3cm2\PrimerParcial\project3CM2\fa00VHDL\packagefa00.vhdl (N/A, 2019-08-20 09:16:28)
5        C:\Users\martin\Desktop\Arqui3cm2\PrimerParcial\project3CM2\fa00VHDL\packageha00.vhdl (N/A, 2019-08-22 12:04:57)
6        C:\Users\martin\Desktop\Arqui3cm2\PrimerParcial\project3CM2\fa00VHDL\xor00.vhdl (N/A, 2019-08-26 11:10:19)
7        C:\Users\martin\Desktop\Arqui3cm2\PrimerParcial\project3CM2\mult4bit00\mult4bit00.vhdl (N/A, 2019-08-27 09:40:36)
8        C:\Users\martin\Desktop\Arqui3cm2\PrimerParcial\project3CM2\mult4bit00\packagemult4bit00.vhdl (N/A, 2019-08-26 11:14:14)
9        C:\lscc\diamond\3.11_x64\cae_library\synthesis\vhdl\machxo2.vhd (N/A, 2018-11-15 00:32:12)
10       C:\lscc\diamond\3.11_x64\synpbase\lib\cpld\lattice.vhd (N/A, 2019-04-01 08:08:08)
11       C:\lscc\diamond\3.11_x64\synpbase\lib\vhd\arith.vhd (N/A, 2019-04-01 08:07:44)
12       C:\lscc\diamond\3.11_x64\synpbase\lib\vhd\hyperents.vhd (N/A, 2019-04-01 08:07:44)
13       C:\lscc\diamond\3.11_x64\synpbase\lib\vhd\location.map (N/A, 2019-04-01 15:01:20)
14       C:\lscc\diamond\3.11_x64\synpbase\lib\vhd\numeric.vhd (N/A, 2019-04-01 08:07:44)
15       C:\lscc\diamond\3.11_x64\synpbase\lib\vhd\snps_haps_pkg.vhd (N/A, 2019-04-01 08:07:44)
16       C:\lscc\diamond\3.11_x64\synpbase\lib\vhd\std.vhd (N/A, 2019-04-01 08:07:44)
17       C:\lscc\diamond\3.11_x64\synpbase\lib\vhd\std1164.vhd (N/A, 2019-04-01 08:07:44)
18       C:\lscc\diamond\3.11_x64\synpbase\lib\vhd\umr_capim.vhd (N/A, 2019-04-01 08:07:44)
19       C:\lscc\diamond\3.11_x64\synpbase\lib\vhd\unsigned.vhd (N/A, 2019-04-01 08:07:44)

*******************************************************************
Modules that may have changed as a result of file changes: 6
MID:  lib.cell.view
0        work.and00.and0 may have changed because the following files changed:
                        C:\Users\martin\Desktop\Arqui3cm2\PrimerParcial\project3CM2\fa00VHDL\and00.vhdl (N/A, 2019-08-22 11:45:31) <-- (architecture and entity definition)
                        C:\Users\martin\Desktop\Arqui3cm2\PrimerParcial\project3CM2\fa00VHDL\fa00.vhdl (N/A, 2019-08-22 11:44:46) <-- (may instantiate this module)
                        C:\Users\martin\Desktop\Arqui3cm2\PrimerParcial\project3CM2\fa00VHDL\ha00.vhdl (N/A, 2019-08-22 11:45:06) <-- (may instantiate this module)
                        C:\Users\martin\Desktop\Arqui3cm2\PrimerParcial\project3CM2\mult4bit00\mult4bit00.vhdl (N/A, 2019-08-27 09:40:36) <-- (may instantiate this module)
2        work.fa00.fa0 may have changed because the following files changed:
                        C:\Users\martin\Desktop\Arqui3cm2\PrimerParcial\project3CM2\fa00VHDL\fa00.vhdl (N/A, 2019-08-22 11:44:46) <-- (architecture and entity definition)
                        C:\Users\martin\Desktop\Arqui3cm2\PrimerParcial\project3CM2\mult4bit00\mult4bit00.vhdl (N/A, 2019-08-27 09:40:36) <-- (may instantiate this module)
4        work.ha00.ha0 may have changed because the following files changed:
                        C:\Users\martin\Desktop\Arqui3cm2\PrimerParcial\project3CM2\fa00VHDL\fa00.vhdl (N/A, 2019-08-22 11:44:46) <-- (may instantiate this module)
                        C:\Users\martin\Desktop\Arqui3cm2\PrimerParcial\project3CM2\fa00VHDL\ha00.vhdl (N/A, 2019-08-22 11:45:06) <-- (architecture and entity definition)
                        C:\Users\martin\Desktop\Arqui3cm2\PrimerParcial\project3CM2\mult4bit00\mult4bit00.vhdl (N/A, 2019-08-27 09:40:36) <-- (may instantiate this module)
6        work.mult4bit00.mult4bit0 may have changed because the following files changed:
                        C:\Users\martin\Desktop\Arqui3cm2\PrimerParcial\project3CM2\mult4bit00\mult4bit00.vhdl (N/A, 2019-08-27 09:40:36) <-- (architecture and entity definition)
8        work.or00.or0 may have changed because the following files changed:
                        C:\Users\martin\Desktop\Arqui3cm2\PrimerParcial\project3CM2\fa00VHDL\fa00.vhdl (N/A, 2019-08-22 11:44:46) <-- (may instantiate this module)
                        C:\Users\martin\Desktop\Arqui3cm2\PrimerParcial\project3CM2\fa00VHDL\or00.vhdl (N/A, 2019-08-22 12:04:49) <-- (architecture and entity definition)
                        C:\Users\martin\Desktop\Arqui3cm2\PrimerParcial\project3CM2\mult4bit00\mult4bit00.vhdl (N/A, 2019-08-27 09:40:36) <-- (may instantiate this module)
11       work.xor00.xor0 may have changed because the following files changed:
                        C:\Users\martin\Desktop\Arqui3cm2\PrimerParcial\project3CM2\fa00VHDL\fa00.vhdl (N/A, 2019-08-22 11:44:46) <-- (may instantiate this module)
                        C:\Users\martin\Desktop\Arqui3cm2\PrimerParcial\project3CM2\fa00VHDL\ha00.vhdl (N/A, 2019-08-22 11:45:06) <-- (may instantiate this module)
                        C:\Users\martin\Desktop\Arqui3cm2\PrimerParcial\project3CM2\fa00VHDL\xor00.vhdl (N/A, 2019-08-26 11:10:19) <-- (architecture and entity definition)
                        C:\Users\martin\Desktop\Arqui3cm2\PrimerParcial\project3CM2\mult4bit00\mult4bit00.vhdl (N/A, 2019-08-27 09:40:36) <-- (may instantiate this module)

*******************************************************************
Unmodified files: 0
FID:  path (timestamp)

*******************************************************************
Unchanged modules: 0
MID:  lib.cell.view
