
synpwrap -msg -prj "barrel00_barrel0_synplify.tcl" -log "barrel00_barrel0.srf"
Copyright (C) 1992-2019 Lattice Semiconductor Corporation. All rights reserved.
Lattice Diamond Version 3.11.0.396.4
    <postMsg mid="2011000" type="Info"    dynamic="0" navigation="0"  />

==contents of barrel00_barrel0.srf
#Build: Synplify Pro (R) N-2018.03L-SP1-1, Build 443R, Apr  1 2019
#install: C:\lscc\diamond\3.11_x64\synpbase
#OS: Windows 8 6.2
#Hostname: DESKTOP-56RQHKQ

# Fri Sep  6 09:58:33 2019

#Implementation: barrel0


Copyright (C) 1994-2018 Synopsys, Inc.
This Synopsys software and all associated documentation are proprietary to Synopsys, Inc.
and may only be used pursuant to the terms and conditions of a written license agreement
with Synopsys, Inc. All other use, reproduction, modification, or distribution of the
Synopsys software or the associated documentation is strictly prohibited.
Tool: Synplify Pro (R)
Build: N-2018.03L-SP1-1
Install: C:\lscc\diamond\3.11_x64\synpbase
OS: Windows 6.2

Hostname: DESKTOP-56RQHKQ

Implementation : barrel0
Synopsys HDL Compiler, Version comp2018q2p1, Build 461R, Built Apr  1 2019 09:17:43

@N|Running in 64-bit mode

Copyright (C) 1994-2018 Synopsys, Inc.
This Synopsys software and all associated documentation are proprietary to Synopsys, Inc.
and may only be used pursuant to the terms and conditions of a written license agreement
with Synopsys, Inc. All other use, reproduction, modification, or distribution of the
Synopsys software or the associated documentation is strictly prohibited.
Tool: Synplify Pro (R)
Build: N-2018.03L-SP1-1
Install: C:\lscc\diamond\3.11_x64\synpbase
OS: Windows 6.2

Hostname: DESKTOP-56RQHKQ

Implementation : barrel0
Synopsys VHDL Compiler, Version comp2018q2p1, Build 461R, Built Apr  1 2019 09:17:43

@N|Running in 64-bit mode
@N:"C:\Users\martin\Desktop\Arqui3cm2\PrimerParcial\project3CM2\barrel00\topbarrel00.vhdl":7:7:7:17|Top entity is set to topbarrel00.
VHDL syntax check successful!
@N: CD630 :"C:\Users\martin\Desktop\Arqui3cm2\PrimerParcial\project3CM2\barrel00\topbarrel00.vhdl":7:7:7:17|Synthesizing work.topbarrel00.topbarrel0.
@N: CD630 :"C:\Users\martin\Desktop\Arqui3cm2\PrimerParcial\project3CM2\barrel00\barrel00.vhdl":8:7:8:14|Synthesizing work.barrel00.barrel0.
Post processing for work.barrel00.barrel0
Running optimization stage 1 on barrel00 .......
@N: CD630 :"C:\Users\martin\Desktop\Arqui3cm2\PrimerParcial\project3CM2\div00VHDL\topdiv00.vhdl":7:7:7:14|Synthesizing work.topdiv00.topdiv0.
@N: CD630 :"C:\Users\martin\Desktop\Arqui3cm2\PrimerParcial\project3CM2\div00VHDL\div00.vhdl":8:7:8:11|Synthesizing work.div00.div0.
@N: CD364 :"C:\Users\martin\Desktop\Arqui3cm2\PrimerParcial\project3CM2\div00VHDL\div00.vhdl":28:6:28:11|Removing redundant assignment.
@N: CD364 :"C:\Users\martin\Desktop\Arqui3cm2\PrimerParcial\project3CM2\div00VHDL\div00.vhdl":36:6:36:11|Removing redundant assignment.
@N: CD364 :"C:\Users\martin\Desktop\Arqui3cm2\PrimerParcial\project3CM2\div00VHDL\div00.vhdl":44:6:44:11|Removing redundant assignment.
@N: CD364 :"C:\Users\martin\Desktop\Arqui3cm2\PrimerParcial\project3CM2\div00VHDL\div00.vhdl":52:6:52:11|Removing redundant assignment.
@N: CD364 :"C:\Users\martin\Desktop\Arqui3cm2\PrimerParcial\project3CM2\div00VHDL\div00.vhdl":60:6:60:11|Removing redundant assignment.
@N: CD364 :"C:\Users\martin\Desktop\Arqui3cm2\PrimerParcial\project3CM2\div00VHDL\div00.vhdl":68:6:68:11|Removing redundant assignment.
@N: CD364 :"C:\Users\martin\Desktop\Arqui3cm2\PrimerParcial\project3CM2\div00VHDL\div00.vhdl":76:6:76:11|Removing redundant assignment.
@N: CD364 :"C:\Users\martin\Desktop\Arqui3cm2\PrimerParcial\project3CM2\div00VHDL\div00.vhdl":84:6:84:11|Removing redundant assignment.
@N: CD364 :"C:\Users\martin\Desktop\Arqui3cm2\PrimerParcial\project3CM2\div00VHDL\div00.vhdl":92:6:92:11|Removing redundant assignment.
Post processing for work.div00.div0
Running optimization stage 1 on div00 .......
@N: CD630 :"C:\Users\martin\Desktop\Arqui3cm2\PrimerParcial\project3CM2\div00VHDL\osc00.vhdl":6:7:6:11|Synthesizing work.osc00.osc0.
@W: CD276 :"C:\lscc\diamond\3.11_x64\cae_library\synthesis\vhdl\machxo2.vhd":2297:8:2297:15|Map for port sedstdby of component osch not found
@N: CD630 :"C:\lscc\diamond\3.11_x64\cae_library\synthesis\vhdl\machxo2.vhd":2291:10:2291:13|Synthesizing work.osch.syn_black_box.
Post processing for work.osch.syn_black_box
Running optimization stage 1 on OSCH .......
Post processing for work.osc00.osc0
Running optimization stage 1 on osc00 .......
Post processing for work.topdiv00.topdiv0
Running optimization stage 1 on topdiv00 .......
Post processing for work.topbarrel00.topbarrel0
Running optimization stage 1 on topbarrel00 .......
Running optimization stage 2 on OSCH .......
Running optimization stage 2 on osc00 .......
Running optimization stage 2 on div00 .......
Running optimization stage 2 on topdiv00 .......
Running optimization stage 2 on barrel00 .......
Running optimization stage 2 on topbarrel00 .......

For a summary of runtime and memory usage per design unit, please see file:
==========================================================
@L: C:\Users\martin\Desktop\Arqui3cm2\PrimerParcial\project3CM2\barrel00\barrel0\synwork\layer0.rt.csv


At c_vhdl Exit (Real Time elapsed 0h:00m:00s; CPU Time elapsed 0h:00m:00s; Memory used current: 76MB peak: 86MB)

Process took 0h:00m:01s realtime, 0h:00m:01s cputime

Process completed successfully.
# Fri Sep  6 09:58:34 2019

###########################################################]

Copyright (C) 1994-2018 Synopsys, Inc.
This Synopsys software and all associated documentation are proprietary to Synopsys, Inc.
and may only be used pursuant to the terms and conditions of a written license agreement
with Synopsys, Inc. All other use, reproduction, modification, or distribution of the
Synopsys software or the associated documentation is strictly prohibited.
Tool: Synplify Pro (R)
Build: N-2018.03L-SP1-1
Install: C:\lscc\diamond\3.11_x64\synpbase
OS: Windows 6.2

Hostname: DESKTOP-56RQHKQ

Implementation : barrel0
Synopsys Synopsys Netlist Linker, Version comp2018q2p1, Build 461R, Built Apr  1 2019 09:17:43

@N|Running in 64-bit mode

At syn_nfilter Exit (Real Time elapsed 0h:00m:00s; CPU Time elapsed 0h:00m:00s; Memory used current: 67MB peak: 68MB)

Process took 0h:00m:01s realtime, 0h:00m:01s cputime

Process completed successfully.
# Fri Sep  6 09:58:35 2019

###########################################################]

For a summary of runtime and memory usage for all design units, please see file:
==========================================================
@L: C:\Users\martin\Desktop\Arqui3cm2\PrimerParcial\project3CM2\barrel00\barrel0\synwork\barrel00_barrel0_comp.rt.csv

@END

At c_hdl Exit (Real Time elapsed 0h:00m:01s; CPU Time elapsed 0h:00m:00s; Memory used current: 3MB peak: 4MB)

Process took 0h:00m:01s realtime, 0h:00m:01s cputime

Process completed successfully.
# Fri Sep  6 09:58:35 2019

###########################################################]

Copyright (C) 1994-2018 Synopsys, Inc.
This Synopsys software and all associated documentation are proprietary to Synopsys, Inc.
and may only be used pursuant to the terms and conditions of a written license agreement
with Synopsys, Inc. All other use, reproduction, modification, or distribution of the
Synopsys software or the associated documentation is strictly prohibited.
Tool: Synplify Pro (R)
Build: N-2018.03L-SP1-1
Install: C:\lscc\diamond\3.11_x64\synpbase
OS: Windows 6.2

Hostname: DESKTOP-56RQHKQ

Database state : C:\Users\martin\Desktop\Arqui3cm2\PrimerParcial\project3CM2\barrel00\barrel0\synwork\|barrel0
Synopsys Synopsys Netlist Linker, Version comp2018q2p1, Build 461R, Built Apr  1 2019 09:17:43

@N|Running in 64-bit mode

At syn_nfilter Exit (Real Time elapsed 0h:00m:00s; CPU Time elapsed 0h:00m:00s; Memory used current: 67MB peak: 68MB)

Process took 0h:00m:01s realtime, 0h:00m:01s cputime

Process completed successfully.
# Fri Sep  6 09:58:36 2019

###########################################################]
Premap Report

# Fri Sep  6 09:58:37 2019


Copyright (C) 1994-2018 Synopsys, Inc.
This Synopsys software and all associated documentation are proprietary to Synopsys, Inc.
and may only be used pursuant to the terms and conditions of a written license agreement
with Synopsys, Inc. All other use, reproduction, modification, or distribution of the
Synopsys software or the associated documentation is strictly prohibited.
Tool: Synplify Pro (R)
Build: N-2018.03L-SP1-1
Install: C:\lscc\diamond\3.11_x64\synpbase
OS: Windows 6.2

Hostname: DESKTOP-56RQHKQ

Implementation : barrel0
Synopsys Lattice Technology Pre-mapping, Version maplat2018q2p1, Build 055R, Built Apr  3 2019 09:51:54


Mapper Startup Complete (Real Time elapsed 0h:00m:00s; CPU Time elapsed 0h:00m:00s; Memory used current: 99MB peak: 100MB)

@A: MF827 |No constraint file specified.
@N: MF284 |Setting synthesis effort to medium for the design
@L: C:\Users\martin\Desktop\Arqui3cm2\PrimerParcial\project3CM2\barrel00\barrel0\barrel00_barrel0_scck.rpt 
Printing clock  summary report in "C:\Users\martin\Desktop\Arqui3cm2\PrimerParcial\project3CM2\barrel00\barrel0\barrel00_barrel0_scck.rpt" file 
@N: MF916 |Option synthesis_strategy=base is enabled. 
@N: MF248 |Running in 64-bit mode.
@N: MF666 |Clock conversion enabled. (Command "set_option -fix_gated_and_generated_clocks 1" in the project file.)

Design Input Complete (Real Time elapsed 0h:00m:00s; CPU Time elapsed 0h:00m:00s; Memory used current: 100MB peak: 102MB)


Mapper Initialization Complete (Real Time elapsed 0h:00m:00s; CPU Time elapsed 0h:00m:00s; Memory used current: 100MB peak: 102MB)


Start loading timing files (Real Time elapsed 0h:00m:00s; CPU Time elapsed 0h:00m:00s; Memory used current: 112MB peak: 113MB)


Finished loading timing files (Real Time elapsed 0h:00m:00s; CPU Time elapsed 0h:00m:00s; Memory used current: 112MB peak: 115MB)

@N: MF284 |Setting synthesis effort to medium for the design
@N: MH105 |UMR3 is only supported for HAPS-80.
@N: MH105 |UMR3 is only supported for HAPS-80.
syn_allowed_resources : blockrams=26  set on top level netlist topbarrel00

Finished netlist restructuring (Real Time elapsed 0h:00m:00s; CPU Time elapsed 0h:00m:00s; Memory used current: 140MB peak: 143MB)



Clock Summary
******************

          Start                            Requested     Requested     Clock                                           Clock                   Clock
Level     Clock                            Frequency     Period        Type                                            Group                   Load 
----------------------------------------------------------------------------------------------------------------------------------------------------
0 -       osc00|osc_int_inferred_clock     2.1 MHz       480.769       inferred                                        Inferred_clkgroup_0     23   
1 .         div00|oscout_derived_clock     2.1 MHz       480.769       derived (from osc00|osc_int_inferred_clock)     Inferred_clkgroup_0     20   
====================================================================================================================================================



Clock Load Summary
***********************

                                 Clock     Source                           Clock Pin              Non-clock Pin     Non-clock Pin
Clock                            Load      Pin                              Seq Example            Seq Example       Comb Example 
----------------------------------------------------------------------------------------------------------------------------------
osc00|osc_int_inferred_clock     23        SRL00.D00.OSCInst0.OSC(OSCH)     SRL00.D01.oscout.C     -                 -            
div00|oscout_derived_clock       20        SRL00.D01.oscout.Q[0](dffe)      SRL01.scont[3:0].C     -                 -            
==================================================================================================================================

@W: MT529 :"c:\users\martin\desktop\arqui3cm2\primerparcial\project3cm2\div00vhdl\div00.vhdl":20:2:20:3|Found inferred clock osc00|osc_int_inferred_clock which controls 23 sequential elements including SRL00.D01.sdiv[21:0]. This clock has no specified timing constraint which may prevent conversion of gated or generated clocks and may adversely impact design performance. 

ICG Latch Removal Summary:
Number of ICG latches removed: 0
Number of ICG latches not removed:	0


@S |Clock Optimization Summary



#### START OF PREMAP CLOCK OPTIMIZATION REPORT #####[

0 non-gated/non-generated clock tree(s) driving 0 clock pin(s) of sequential element(s)
2 gated/generated clock tree(s) driving 43 clock pin(s) of sequential element(s)
0 instances converted, 43 sequential instances remain driven by gated/generated clocks

=================================================================== Gated/Generated Clocks ===================================================================
Clock Tree ID     Driving Element            Drive Element Type     Unconverted Fanout     Sample Instance          Explanation                               
--------------------------------------------------------------------------------------------------------------------------------------------------------------
@KP:ckid0_0       SRL00.D01.oscout.Q[0]      dffe                   20                     SRL01.outs[7:0]          Derived clock on input (not legal for GCC)
@KP:ckid0_2       SRL00.D00.OSCInst0.OSC     OSCH                   23                     SRL00.D01.sdiv[21:0]     Black box on clock path                   
==============================================================================================================================================================


##### END OF CLOCK OPTIMIZATION REPORT ######

@N: FX1143 |Skipping assigning INTERNAL_VREF to iobanks, because the table of mapping from pin to iobank is not initialized.
Finished Pre Mapping Phase.

Starting constraint checker (Real Time elapsed 0h:00m:01s; CPU Time elapsed 0h:00m:00s; Memory used current: 140MB peak: 143MB)


Finished constraint checker preprocessing (Real Time elapsed 0h:00m:01s; CPU Time elapsed 0h:00m:00s; Memory used current: 140MB peak: 143MB)

None
None

Finished constraint checker (Real Time elapsed 0h:00m:01s; CPU Time elapsed 0h:00m:00s; Memory used current: 141MB peak: 143MB)

Pre-mapping successful!

At Mapper Exit (Real Time elapsed 0h:00m:01s; CPU Time elapsed 0h:00m:00s; Memory used current: 56MB peak: 143MB)

Process took 0h:00m:01s realtime, 0h:00m:01s cputime
# Fri Sep  6 09:58:38 2019

###########################################################]
Map & Optimize Report

# Fri Sep  6 09:58:39 2019


Copyright (C) 1994-2018 Synopsys, Inc.
This Synopsys software and all associated documentation are proprietary to Synopsys, Inc.
and may only be used pursuant to the terms and conditions of a written license agreement
with Synopsys, Inc. All other use, reproduction, modification, or distribution of the
Synopsys software or the associated documentation is strictly prohibited.
Tool: Synplify Pro (R)
Build: N-2018.03L-SP1-1
Install: C:\lscc\diamond\3.11_x64\synpbase
OS: Windows 6.2

Hostname: DESKTOP-56RQHKQ

Implementation : barrel0
Synopsys Lattice Technology Mapper, Version maplat2018q2p1, Build 055R, Built Apr  3 2019 09:51:54


Mapper Startup Complete (Real Time elapsed 0h:00m:00s; CPU Time elapsed 0h:00m:00s; Memory used current: 99MB peak: 100MB)

@N: MF284 |Setting synthesis effort to medium for the design
@N: MF916 |Option synthesis_strategy=base is enabled. 
@N: MF248 |Running in 64-bit mode.
@N: MF666 |Clock conversion enabled. (Command "set_option -fix_gated_and_generated_clocks 1" in the project file.)

Design Input Complete (Real Time elapsed 0h:00m:00s; CPU Time elapsed 0h:00m:00s; Memory used current: 98MB peak: 100MB)


Mapper Initialization Complete (Real Time elapsed 0h:00m:00s; CPU Time elapsed 0h:00m:00s; Memory used current: 98MB peak: 100MB)


Start loading timing files (Real Time elapsed 0h:00m:00s; CPU Time elapsed 0h:00m:00s; Memory used current: 112MB peak: 112MB)


Finished loading timing files (Real Time elapsed 0h:00m:00s; CPU Time elapsed 0h:00m:00s; Memory used current: 112MB peak: 114MB)

@N: MF284 |Setting synthesis effort to medium for the design


Starting Optimization and Mapping (Real Time elapsed 0h:00m:00s; CPU Time elapsed 0h:00m:00s; Memory used current: 139MB peak: 142MB)


Available hyper_sources - for debug and ip models
	None Found


Finished RTL optimizations (Real Time elapsed 0h:00m:00s; CPU Time elapsed 0h:00m:00s; Memory used current: 139MB peak: 142MB)


Starting factoring (Real Time elapsed 0h:00m:00s; CPU Time elapsed 0h:00m:00s; Memory used current: 140MB peak: 142MB)


Finished factoring (Real Time elapsed 0h:00m:00s; CPU Time elapsed 0h:00m:00s; Memory used current: 141MB peak: 142MB)


Finished generic timing optimizations - Pass 1 (Real Time elapsed 0h:00m:00s; CPU Time elapsed 0h:00m:00s; Memory used current: 142MB peak: 143MB)


Starting Early Timing Optimization (Real Time elapsed 0h:00m:00s; CPU Time elapsed 0h:00m:00s; Memory used current: 143MB peak: 143MB)


Finished Early Timing Optimization (Real Time elapsed 0h:00m:00s; CPU Time elapsed 0h:00m:00s; Memory used current: 143MB peak: 143MB)


Finished generic timing optimizations - Pass 2 (Real Time elapsed 0h:00m:00s; CPU Time elapsed 0h:00m:00s; Memory used current: 142MB peak: 143MB)


Finished preparing to map (Real Time elapsed 0h:00m:00s; CPU Time elapsed 0h:00m:00s; Memory used current: 143MB peak: 144MB)


Finished technology mapping (Real Time elapsed 0h:00m:00s; CPU Time elapsed 0h:00m:00s; Memory used current: 149MB peak: 150MB)

Pass		 CPU time		Worst Slack		Luts / Registers
------------------------------------------------------------
   1		0h:00m:00s		   466.65ns		  78 /        43

Finished technology timing optimizations and critical path resynthesis (Real Time elapsed 0h:00m:00s; CPU Time elapsed 0h:00m:00s; Memory used current: 149MB peak: 150MB)

@N: FX164 |The option to pack registers in the IOB has not been specified. Please set syn_useioff attribute.  
@A: BN291 :"c:\users\martin\desktop\arqui3cm2\primerparcial\project3cm2\barrel00\barrel00.vhdl":24:4:24:5|Boundary register SRL01.outs_7_.fb (in view: work.topbarrel00(topbarrel0)) is packed into a complex cell. To disable register packing, set syn_keep=1 on the net between the register and the complex cell. 
@A: BN291 :"c:\users\martin\desktop\arqui3cm2\primerparcial\project3cm2\barrel00\barrel00.vhdl":24:4:24:5|Boundary register SRL01.outs_6_.fb (in view: work.topbarrel00(topbarrel0)) is packed into a complex cell. To disable register packing, set syn_keep=1 on the net between the register and the complex cell. 
@A: BN291 :"c:\users\martin\desktop\arqui3cm2\primerparcial\project3cm2\barrel00\barrel00.vhdl":24:4:24:5|Boundary register SRL01.outs_5_.fb (in view: work.topbarrel00(topbarrel0)) is packed into a complex cell. To disable register packing, set syn_keep=1 on the net between the register and the complex cell. 
@A: BN291 :"c:\users\martin\desktop\arqui3cm2\primerparcial\project3cm2\barrel00\barrel00.vhdl":24:4:24:5|Boundary register SRL01.outs_4_.fb (in view: work.topbarrel00(topbarrel0)) is packed into a complex cell. To disable register packing, set syn_keep=1 on the net between the register and the complex cell. 
@A: BN291 :"c:\users\martin\desktop\arqui3cm2\primerparcial\project3cm2\barrel00\barrel00.vhdl":24:4:24:5|Boundary register SRL01.outs_3_.fb (in view: work.topbarrel00(topbarrel0)) is packed into a complex cell. To disable register packing, set syn_keep=1 on the net between the register and the complex cell. 
@A: BN291 :"c:\users\martin\desktop\arqui3cm2\primerparcial\project3cm2\barrel00\barrel00.vhdl":24:4:24:5|Boundary register SRL01.outs_2_.fb (in view: work.topbarrel00(topbarrel0)) is packed into a complex cell. To disable register packing, set syn_keep=1 on the net between the register and the complex cell. 
@A: BN291 :"c:\users\martin\desktop\arqui3cm2\primerparcial\project3cm2\barrel00\barrel00.vhdl":24:4:24:5|Boundary register SRL01.outs_1_.fb (in view: work.topbarrel00(topbarrel0)) is packed into a complex cell. To disable register packing, set syn_keep=1 on the net between the register and the complex cell. 
@A: BN291 :"c:\users\martin\desktop\arqui3cm2\primerparcial\project3cm2\barrel00\barrel00.vhdl":24:4:24:5|Boundary register SRL01.outs_0_.fb (in view: work.topbarrel00(topbarrel0)) is packed into a complex cell. To disable register packing, set syn_keep=1 on the net between the register and the complex cell. 

Finished restoring hierarchy (Real Time elapsed 0h:00m:01s; CPU Time elapsed 0h:00m:01s; Memory used current: 149MB peak: 150MB)


Start Writing Netlists (Real Time elapsed 0h:00m:01s; CPU Time elapsed 0h:00m:01s; Memory used current: 115MB peak: 150MB)

Writing Analyst data base C:\Users\martin\Desktop\Arqui3cm2\PrimerParcial\project3CM2\barrel00\barrel0\synwork\barrel00_barrel0_m.srm

Finished Writing Netlist Databases (Real Time elapsed 0h:00m:01s; CPU Time elapsed 0h:00m:01s; Memory used current: 148MB peak: 150MB)

Writing EDIF Netlist and constraint files
@N: FX1056 |Writing EDF file: C:\Users\martin\Desktop\Arqui3cm2\PrimerParcial\project3CM2\barrel00\barrel0\barrel00_barrel0.edi
N-2018.03L-SP1-1
@N: BW106 |Synplicity Constraint File capacitance units using default value of 1pF 

Finished Writing EDIF Netlist and constraint files (Real Time elapsed 0h:00m:02s; CPU Time elapsed 0h:00m:01s; Memory used current: 152MB peak: 154MB)


Start final timing analysis (Real Time elapsed 0h:00m:02s; CPU Time elapsed 0h:00m:02s; Memory used current: 152MB peak: 154MB)

@W: MT420 |Found inferred clock osc00|osc_int_inferred_clock with period 480.77ns. Please declare a user-defined clock on net SRL00.D00.sclk.
@N: MT615 |Found clock div00|oscout_derived_clock with period 480.77ns 


##### START OF TIMING REPORT #####[
# Timing Report written on Fri Sep  6 09:58:41 2019
#


Top view:               topbarrel00
Requested Frequency:    2.1 MHz
Wire load mode:         top
Paths requested:        5
Constraint File(s):    
@N: MT320 |This timing report is an estimate of place and route data. For final timing results, use the FPGA vendor place and route report.

@N: MT322 |Clock constraints include only register-to-register paths associated with each individual clock.



Performance Summary
*******************


Worst slack in design: 465.419

                                 Requested     Estimated     Requested     Estimated                 Clock                                           Clock              
Starting Clock                   Frequency     Frequency     Period        Period        Slack       Type                                            Group              
------------------------------------------------------------------------------------------------------------------------------------------------------------------------
div00|oscout_derived_clock       2.1 MHz       312.1 MHz     480.769       3.204         955.130     derived (from osc00|osc_int_inferred_clock)     Inferred_clkgroup_0
osc00|osc_int_inferred_clock     2.1 MHz       65.1 MHz      480.769       15.350        465.419     inferred                                        Inferred_clkgroup_0
========================================================================================================================================================================





Clock Relationships
*******************

Clocks                                                      |    rise  to  rise     |    fall  to  fall   |    rise  to  fall   |    fall  to  rise 
----------------------------------------------------------------------------------------------------------------------------------------------------
Starting                      Ending                        |  constraint  slack    |  constraint  slack  |  constraint  slack  |  constraint  slack
----------------------------------------------------------------------------------------------------------------------------------------------------
osc00|osc_int_inferred_clock  osc00|osc_int_inferred_clock  |  480.769     465.419  |  No paths    -      |  No paths    -      |  No paths    -    
div00|oscout_derived_clock    div00|oscout_derived_clock    |  480.769     955.130  |  No paths    -      |  No paths    -      |  No paths    -    
====================================================================================================================================================
 Note: 'No paths' indicates there are no paths in the design for that pair of clock edges.
       'Diff grp' indicates that paths exist but the starting clock and ending clock are in different clock groups.



Interface Information 
*********************

No IO constraint found



====================================
Detailed Report for Clock: div00|oscout_derived_clock
====================================



Starting Points with Worst Slack
********************************

                    Starting                                                         Arrival            
Instance            Reference                      Type        Pin     Net           Time        Slack  
                    Clock                                                                               
--------------------------------------------------------------------------------------------------------
SRL01.scont[0]      div00|oscout_derived_clock     FD1S3IX     Q       scont[0]      1.180       955.130
SRL01.scont[1]      div00|oscout_derived_clock     FD1S3IX     Q       scont[1]      1.148       955.305
SRL01.scont[2]      div00|oscout_derived_clock     FD1S3IX     Q       scont[2]      1.108       955.345
SRL01.scont[3]      div00|oscout_derived_clock     FD1S3IX     Q       scont[3]      1.044       957.292
SRL01.sshift[0]     div00|oscout_derived_clock     FD1P3AX     Q       sshift[0]     1.108       958.886
SRL01.sshift[1]     div00|oscout_derived_clock     FD1P3AX     Q       sshift[1]     1.108       958.886
SRL01.sshift[2]     div00|oscout_derived_clock     FD1P3AX     Q       sshift[2]     1.108       958.886
SRL01.sshift[3]     div00|oscout_derived_clock     FD1P3AX     Q       sshift[3]     1.108       958.886
SRL01.sshift[4]     div00|oscout_derived_clock     FD1P3AX     Q       sshift[4]     1.108       958.886
SRL01.sshift[5]     div00|oscout_derived_clock     FD1P3AX     Q       sshift[5]     1.108       958.886
========================================================================================================


Ending Points with Worst Slack
******************************

                    Starting                                                                      Required            
Instance            Reference                      Type         Pin     Net                       Time         Slack  
                    Clock                                                                                             
----------------------------------------------------------------------------------------------------------------------
SRL01_outsio[0]     div00|oscout_derived_clock     OFS1P3IX     SP      SRL01.outs_1_sqmuxa_i     961.067      955.130
SRL01_outsio[1]     div00|oscout_derived_clock     OFS1P3IX     SP      SRL01.outs_1_sqmuxa_i     961.067      955.130
SRL01_outsio[2]     div00|oscout_derived_clock     OFS1P3IX     SP      SRL01.outs_1_sqmuxa_i     961.067      955.130
SRL01_outsio[3]     div00|oscout_derived_clock     OFS1P3IX     SP      SRL01.outs_1_sqmuxa_i     961.067      955.130
SRL01_outsio[4]     div00|oscout_derived_clock     OFS1P3IX     SP      SRL01.outs_1_sqmuxa_i     961.067      955.130
SRL01_outsio[5]     div00|oscout_derived_clock     OFS1P3IX     SP      SRL01.outs_1_sqmuxa_i     961.067      955.130
SRL01_outsio[6]     div00|oscout_derived_clock     OFS1P3IX     SP      SRL01.outs_1_sqmuxa_i     961.067      955.130
SRL01_outsio[7]     div00|oscout_derived_clock     OFS1P3IX     SP      SRL01.outs_1_sqmuxa_i     961.067      955.130
SRL01.sshift[0]     div00|oscout_derived_clock     FD1P3AX      SP      outs_1_sqmuxa_i           961.067      955.130
SRL01.sshift[1]     div00|oscout_derived_clock     FD1P3AX      SP      outs_1_sqmuxa_i           961.067      955.130
======================================================================================================================



Worst Path Information
***********************


Path information for path number 1: 
      Requested Period:                      961.538
    - Setup time:                            0.472
    + Clock delay at ending point:           0.000 (ideal)
    = Required time:                         961.067

    - Propagation time:                      5.937
    - Clock delay at starting point:         0.000 (ideal)
    = Slack (non-critical) :                 955.130

    Number of logic level(s):                4
    Starting point:                          SRL01.scont[0] / Q
    Ending point:                            SRL01_outsio[0] / SP
    The start point is clocked by            div00|oscout_derived_clock [rising] on pin CK
    The end   point is clocked by            div00|oscout_derived_clock [rising] on pin SCLK
    -Timing constraint applied as multi cycle path with factor 2 (from c:div00|oscout_derived_clock to c:div00|oscout_derived_clock)

Instance / Net                                         Pin      Pin               Arrival     No. of    
Name                                      Type         Name     Dir     Delay     Time        Fan Out(s)
--------------------------------------------------------------------------------------------------------
SRL01.scont[0]                            FD1S3IX      Q        Out     1.180     1.180       -         
scont[0]                                  Net          -        -       -         -           5         
SRL01.pshift\.un2_sel_cry_0_0             CCU2D        A1       In      0.000     1.180       -         
SRL01.pshift\.un2_sel_cry_0_0             CCU2D        COUT     Out     1.544     2.724       -         
un2_sel_cry_0                             Net          -        -       -         -           1         
SRL01.pshift\.un2_sel_cry_1_0             CCU2D        CIN      In      0.000     2.724       -         
SRL01.pshift\.un2_sel_cry_1_0             CCU2D        COUT     Out     0.143     2.867       -         
un2_sel_cry_2                             Net          -        -       -         -           1         
SRL01.pshift\.un2_sel_cry_3_0             CCU2D        CIN      In      0.000     2.867       -         
SRL01.pshift\.un2_sel_cry_3_0             CCU2D        S1       Out     1.757     4.624       -         
un2_sel                                   Net          -        -       -         -           5         
SRL01.pshift\.un2_sel_cry_3_0_RNIPP4K     ORCALUT4     A        In      0.000     4.624       -         
SRL01.pshift\.un2_sel_cry_3_0_RNIPP4K     ORCALUT4     Z        Out     1.313     5.937       -         
outs_1_sqmuxa_i                           Net          -        -       -         -           16        
SRL01_outsio[0]                           OFS1P3IX     SP       In      0.000     5.937       -         
========================================================================================================




====================================
Detailed Report for Clock: osc00|osc_int_inferred_clock
====================================



Starting Points with Worst Slack
********************************

                      Starting                                                         Arrival            
Instance              Reference                        Type        Pin     Net         Time        Slack  
                      Clock                                                                               
----------------------------------------------------------------------------------------------------------
SRL00.D01.sdiv[0]     osc00|osc_int_inferred_clock     FD1S3IX     Q       sdiv[0]     1.044       465.419
SRL00.D01.sdiv[1]     osc00|osc_int_inferred_clock     FD1S3IX     Q       sdiv[1]     1.044       465.419
SRL00.D01.sdiv[2]     osc00|osc_int_inferred_clock     FD1S3IX     Q       sdiv[2]     1.044       465.419
SRL00.D01.sdiv[3]     osc00|osc_int_inferred_clock     FD1S3IX     Q       sdiv[3]     1.044       465.419
SRL00.D01.sdiv[6]     osc00|osc_int_inferred_clock     FD1S3IX     Q       sdiv[6]     1.044       465.419
SRL00.D01.sdiv[7]     osc00|osc_int_inferred_clock     FD1S3IX     Q       sdiv[7]     1.044       465.419
SRL00.D01.sdiv[4]     osc00|osc_int_inferred_clock     FD1S3IX     Q       sdiv[4]     1.044       466.436
SRL00.D01.sdiv[5]     osc00|osc_int_inferred_clock     FD1S3IX     Q       sdiv[5]     1.044       466.436
SRL00.D01.sdiv[8]     osc00|osc_int_inferred_clock     FD1S3IX     Q       sdiv[8]     1.044       466.436
SRL00.D01.sdiv[9]     osc00|osc_int_inferred_clock     FD1S3IX     Q       sdiv[9]     1.044       466.436
==========================================================================================================


Ending Points with Worst Slack
******************************

                       Starting                                                              Required            
Instance               Reference                        Type        Pin     Net              Time         Slack  
                       Clock                                                                                     
-----------------------------------------------------------------------------------------------------------------
SRL00.D01.sdiv[21]     osc00|osc_int_inferred_clock     FD1S3IX     D       un1_sdiv[22]     480.664      465.419
SRL00.D01.sdiv[19]     osc00|osc_int_inferred_clock     FD1S3IX     D       un1_sdiv[20]     480.664      465.562
SRL00.D01.sdiv[20]     osc00|osc_int_inferred_clock     FD1S3IX     D       un1_sdiv[21]     480.664      465.562
SRL00.D01.sdiv[17]     osc00|osc_int_inferred_clock     FD1S3IX     D       un1_sdiv[18]     480.664      465.705
SRL00.D01.sdiv[18]     osc00|osc_int_inferred_clock     FD1S3IX     D       un1_sdiv[19]     480.664      465.705
SRL00.D01.sdiv[15]     osc00|osc_int_inferred_clock     FD1S3IX     D       un1_sdiv[16]     480.664      465.848
SRL00.D01.sdiv[16]     osc00|osc_int_inferred_clock     FD1S3IX     D       un1_sdiv[17]     480.664      465.848
SRL00.D01.sdiv[13]     osc00|osc_int_inferred_clock     FD1S3IX     D       un1_sdiv[14]     480.664      465.990
SRL00.D01.sdiv[14]     osc00|osc_int_inferred_clock     FD1S3IX     D       un1_sdiv[15]     480.664      465.990
SRL00.D01.sdiv[11]     osc00|osc_int_inferred_clock     FD1S3IX     D       un1_sdiv[12]     480.664      466.133
=================================================================================================================



Worst Path Information
***********************


Path information for path number 1: 
      Requested Period:                      480.769
    - Setup time:                            0.106
    + Clock delay at ending point:           0.000 (ideal)
    = Required time:                         480.664

    - Propagation time:                      15.245
    - Clock delay at starting point:         0.000 (ideal)
    = Slack (critical) :                     465.419

    Number of logic level(s):                21
    Starting point:                          SRL00.D01.sdiv[0] / Q
    Ending point:                            SRL00.D01.sdiv[21] / D
    The start point is clocked by            osc00|osc_int_inferred_clock [rising] on pin CK
    The end   point is clocked by            osc00|osc_int_inferred_clock [rising] on pin CK

Instance / Net                                            Pin      Pin               Arrival     No. of    
Name                                         Type         Name     Dir     Delay     Time        Fan Out(s)
-----------------------------------------------------------------------------------------------------------
SRL00.D01.sdiv[0]                            FD1S3IX      Q        Out     1.044     1.044       -         
sdiv[0]                                      Net          -        -       -         -           2         
SRL00.D01.pdiv\.sdiv15lto19_i_a2_16_4        ORCALUT4     A        In      0.000     1.044       -         
SRL00.D01.pdiv\.sdiv15lto19_i_a2_16_4        ORCALUT4     Z        Out     1.017     2.061       -         
sdiv15lto19_i_a2_16_4                        Net          -        -       -         -           1         
SRL00.D01.pdiv\.sdiv15lto19_i_a2_16          ORCALUT4     B        In      0.000     2.061       -         
SRL00.D01.pdiv\.sdiv15lto19_i_a2_16          ORCALUT4     Z        Out     1.089     3.149       -         
N_3_16                                       Net          -        -       -         -           2         
SRL00.D01.pdiv\.sdiv50lto21_4_i_a2_1         ORCALUT4     A        In      0.000     3.149       -         
SRL00.D01.pdiv\.sdiv50lto21_4_i_a2_1         ORCALUT4     Z        Out     1.193     4.342       -         
N_55                                         Net          -        -       -         -           4         
SRL00.D01.pdiv\.sdiv15lto19_i_a2_18_0_a2     ORCALUT4     A        In      0.000     4.342       -         
SRL00.D01.pdiv\.sdiv15lto19_i_a2_18_0_a2     ORCALUT4     Z        Out     1.153     5.495       -         
N_3_19                                       Net          -        -       -         -           3         
SRL00.D01.pdiv\.sdiv29lto21_1_i              ORCALUT4     B        In      0.000     5.495       -         
SRL00.D01.pdiv\.sdiv29lto21_1_i              ORCALUT4     Z        Out     1.017     6.512       -         
N_23                                         Net          -        -       -         -           1         
SRL00.D01.oscout_0_sqmuxa_3                  ORCALUT4     A        In      0.000     6.512       -         
SRL00.D01.oscout_0_sqmuxa_3                  ORCALUT4     Z        Out     1.089     7.601       -         
oscout_0_sqmuxa_3                            Net          -        -       -         -           2         
SRL00.D01.un1_sdiv77_7_1                     ORCALUT4     C        In      0.000     7.601       -         
SRL00.D01.un1_sdiv77_7_1                     ORCALUT4     Z        Out     1.017     8.617       -         
un1_sdiv77_7_1                               Net          -        -       -         -           1         
SRL00.D01.un1_sdiv77_7_5                     ORCALUT4     D        In      0.000     8.617       -         
SRL00.D01.un1_sdiv77_7_5                     ORCALUT4     Z        Out     1.089     9.706       -         
un1_sdiv77_7_5                               Net          -        -       -         -           2         
SRL00.D01.un1_sdiv77_i                       ORCALUT4     C        In      0.000     9.706       -         
SRL00.D01.un1_sdiv77_i                       ORCALUT4     Z        Out     1.017     10.723      -         
un1_sdiv77_i                                 Net          -        -       -         -           1         
SRL00.D01.un1_sdiv_cry_0_0                   CCU2D        B0       In      0.000     10.723      -         
SRL00.D01.un1_sdiv_cry_0_0                   CCU2D        COUT     Out     1.544     12.268      -         
un1_sdiv_cry_0                               Net          -        -       -         -           1         
SRL00.D01.un1_sdiv_cry_1_0                   CCU2D        CIN      In      0.000     12.268      -         
SRL00.D01.un1_sdiv_cry_1_0                   CCU2D        COUT     Out     0.143     12.410      -         
un1_sdiv_cry_2                               Net          -        -       -         -           1         
SRL00.D01.un1_sdiv_cry_3_0                   CCU2D        CIN      In      0.000     12.410      -         
SRL00.D01.un1_sdiv_cry_3_0                   CCU2D        COUT     Out     0.143     12.553      -         
un1_sdiv_cry_4                               Net          -        -       -         -           1         
SRL00.D01.un1_sdiv_cry_5_0                   CCU2D        CIN      In      0.000     12.553      -         
SRL00.D01.un1_sdiv_cry_5_0                   CCU2D        COUT     Out     0.143     12.696      -         
un1_sdiv_cry_6                               Net          -        -       -         -           1         
SRL00.D01.un1_sdiv_cry_7_0                   CCU2D        CIN      In      0.000     12.696      -         
SRL00.D01.un1_sdiv_cry_7_0                   CCU2D        COUT     Out     0.143     12.839      -         
un1_sdiv_cry_8                               Net          -        -       -         -           1         
SRL00.D01.un1_sdiv_cry_9_0                   CCU2D        CIN      In      0.000     12.839      -         
SRL00.D01.un1_sdiv_cry_9_0                   CCU2D        COUT     Out     0.143     12.982      -         
un1_sdiv_cry_10                              Net          -        -       -         -           1         
SRL00.D01.un1_sdiv_cry_11_0                  CCU2D        CIN      In      0.000     12.982      -         
SRL00.D01.un1_sdiv_cry_11_0                  CCU2D        COUT     Out     0.143     13.124      -         
un1_sdiv_cry_12                              Net          -        -       -         -           1         
SRL00.D01.un1_sdiv_cry_13_0                  CCU2D        CIN      In      0.000     13.124      -         
SRL00.D01.un1_sdiv_cry_13_0                  CCU2D        COUT     Out     0.143     13.267      -         
un1_sdiv_cry_14                              Net          -        -       -         -           1         
SRL00.D01.un1_sdiv_cry_15_0                  CCU2D        CIN      In      0.000     13.267      -         
SRL00.D01.un1_sdiv_cry_15_0                  CCU2D        COUT     Out     0.143     13.410      -         
un1_sdiv_cry_16                              Net          -        -       -         -           1         
SRL00.D01.un1_sdiv_cry_17_0                  CCU2D        CIN      In      0.000     13.410      -         
SRL00.D01.un1_sdiv_cry_17_0                  CCU2D        COUT     Out     0.143     13.553      -         
un1_sdiv_cry_18                              Net          -        -       -         -           1         
SRL00.D01.un1_sdiv_cry_19_0                  CCU2D        CIN      In      0.000     13.553      -         
SRL00.D01.un1_sdiv_cry_19_0                  CCU2D        COUT     Out     0.143     13.695      -         
un1_sdiv_cry_20                              Net          -        -       -         -           1         
SRL00.D01.un1_sdiv_s_21_0                    CCU2D        CIN      In      0.000     13.695      -         
SRL00.D01.un1_sdiv_s_21_0                    CCU2D        S0       Out     1.549     15.245      -         
un1_sdiv[22]                                 Net          -        -       -         -           1         
SRL00.D01.sdiv[21]                           FD1S3IX      D        In      0.000     15.245      -         
===========================================================================================================



##### END OF TIMING REPORT #####]

Timing exceptions that could not be applied
None

Finished final timing analysis (Real Time elapsed 0h:00m:02s; CPU Time elapsed 0h:00m:02s; Memory used current: 153MB peak: 154MB)


Finished timing report (Real Time elapsed 0h:00m:02s; CPU Time elapsed 0h:00m:02s; Memory used current: 153MB peak: 154MB)

---------------------------------------
Resource Usage Report
Part: lcmxo2_7000he-5

Register bits: 43 of 6864 (1%)
PIC Latch:       0
I/O cells:       29


Details:
CCU2D:          15
FD1P3AX:        8
FD1S3AX:        1
FD1S3IX:        26
GSR:            1
IB:             20
INV:            1
OB:             9
OFS1P3IX:       8
ORCALUT4:       76
OSCH:           1
PUR:            1
VHI:            3
VLO:            4
false:          1
true:           2
Mapper successful!

At Mapper Exit (Real Time elapsed 0h:00m:02s; CPU Time elapsed 0h:00m:02s; Memory used current: 33MB peak: 154MB)

Process took 0h:00m:02s realtime, 0h:00m:02s cputime
# Fri Sep  6 09:58:41 2019

###########################################################]


Synthesis exit by 0.

edif2ngd  -l "MachXO2" -d LCMXO2-7000HE -path "C:/Users/martin/Desktop/Arqui3cm2/PrimerParcial/project3CM2/barrel00/barrel0" -path "C:/Users/martin/Desktop/Arqui3cm2/PrimerParcial/project3CM2/barrel00"   "C:/Users/martin/Desktop/Arqui3cm2/PrimerParcial/project3CM2/barrel00/barrel0/barrel00_barrel0.edi" "barrel00_barrel0.ngo"   
edif2ngd:  version Diamond (64-bit) 3.11.0.396.4

Copyright (c) 1991-1994 by NeoCAD Inc. All rights reserved.
Copyright (c) 1995 AT&T Corp.   All rights reserved.
Copyright (c) 1995-2001 Lucent Technologies Inc.  All rights reserved.
Copyright (c) 2001 Agere Systems   All rights reserved.
Copyright (c) 2002-2019 Lattice Semiconductor Corporation,  All rights reserved.
Writing the design to barrel00_barrel0.ngo...

Total CPU Time: 0 secs  
Total REAL Time: 0 secs  
Peak Memory Usage: 10 MB


ngdbuild  -a "MachXO2" -d LCMXO2-7000HE  -p "C:/lscc/diamond/3.11_x64/ispfpga/xo2c00/data"  -p "C:/Users/martin/Desktop/Arqui3cm2/PrimerParcial/project3CM2/barrel00/barrel0" -p "C:/Users/martin/Desktop/Arqui3cm2/PrimerParcial/project3CM2/barrel00"  "barrel00_barrel0.ngo" "barrel00_barrel0.ngd"  	
ngdbuild:  version Diamond (64-bit) 3.11.0.396.4

Copyright (c) 1991-1994 by NeoCAD Inc. All rights reserved.
Copyright (c) 1995 AT&T Corp.   All rights reserved.
Copyright (c) 1995-2001 Lucent Technologies Inc.  All rights reserved.
Copyright (c) 2001 Agere Systems   All rights reserved.
Copyright (c) 2002-2019 Lattice Semiconductor Corporation,  All rights reserved.
Reading 'barrel00_barrel0.ngo' ...
Loading NGL library 'C:/lscc/diamond/3.11_x64/ispfpga/xo2c00a/data/xo2alib.ngl'...
Loading NGL library 'C:/lscc/diamond/3.11_x64/ispfpga/xo2c00/data/xo2clib.ngl'...
Loading NGL library 'C:/lscc/diamond/3.11_x64/ispfpga/mg5g00/data/mg5glib.ngl'...
Loading NGL library 'C:/lscc/diamond/3.11_x64/ispfpga/or5g00/data/orc5glib.ngl'...


Running DRC...

    <postMsg mid="1166052" type="Warning" dynamic="2" navigation="1" arg0="logical" arg1="SRL00/D00/OSCInst0_SEDSTDBY" arg2="SRL00/D00/OSCInst0_SEDSTDBY"  />
    <postMsg mid="1163101" type="Warning" dynamic="1" navigation="0" arg0="1"  />

Design Results:
    173 blocks expanded
Complete the first expansion.
Writing 'barrel00_barrel0.ngd' ...
Total CPU Time: 0 secs 
Total REAL Time: 0 secs 
Peak Memory Usage: 17 MB


map -a "MachXO2" -p LCMXO2-7000HE -t TQFP144 -s 5 -oc Commercial   "barrel00_barrel0.ngd" -o "barrel00_barrel0_map.ncd" -pr "barrel00_barrel0.prf" -mp "barrel00_barrel0.mrp" -lpf "C:/Users/martin/Desktop/Arqui3cm2/PrimerParcial/project3CM2/barrel00/barrel0/barrel00_barrel0_synplify.lpf" -lpf "C:/Users/martin/Desktop/Arqui3cm2/PrimerParcial/project3CM2/barrel00/barrel00.lpf" -c 0           
map:  version Diamond (64-bit) 3.11.0.396.4

Copyright (c) 1991-1994 by NeoCAD Inc. All rights reserved.
Copyright (c) 1995 AT&T Corp.   All rights reserved.
Copyright (c) 1995-2001 Lucent Technologies Inc.  All rights reserved.
Copyright (c) 2001 Agere Systems   All rights reserved.
Copyright (c) 2002-2019 Lattice Semiconductor Corporation,  All rights reserved.
   Process the file: barrel00_barrel0.ngd
   Picdevice="LCMXO2-7000HE"

   Pictype="TQFP144"

   Picspeed=5

   Remove unused logic

   Do not produce over sized NCDs.

Part used: LCMXO2-7000HETQFP144, Performance used: 5.

Loading device for application map from file 'xo2c7000.nph' in environment: C:/lscc/diamond/3.11_x64/ispfpga.
Package Status:                     Final          Version 1.39.

Running general design DRC...

Removing unused logic...

Optimizing...




Design Summary:
   Number of registers:     43 out of  7209 (1%)
      PFU registers:           35 out of  6864 (1%)
      PIO registers:            8 out of   345 (2%)
   Number of SLICEs:        53 out of  3432 (2%)
      SLICEs as Logic/ROM:     53 out of  3432 (2%)
      SLICEs as RAM:            0 out of  2574 (0%)
      SLICEs as Carry:         15 out of  3432 (0%)
   Number of LUT4s:        106 out of  6864 (2%)
      Number used as logic LUTs:         76
      Number used as distributed RAM:     0
      Number used as ripple logic:       30
      Number used as shift registers:     0
   Number of PIO sites used: 29 + 4(JTAG) out of 115 (29%)
   Number of block RAMs:  0 out of 26 (0%)
   Number of GSRs:        0 out of 1 (0%)
   EFB used :        No
   JTAG used :       No
   Readback used :   No
   Oscillator used : Yes
   Startup used :    No
   POR :             On
   Bandgap :         On
   Number of Power Controller:  0 out of 1 (0%)
   Number of Dynamic Bank Controller (BCINRD):  0 out of 6 (0%)
   Number of Dynamic Bank Controller (BCLVDSO):  0 out of 1 (0%)
   Number of DCCA:  0 out of 8 (0%)
   Number of DCMA:  0 out of 2 (0%)
   Number of PLLs:  0 out of 2 (0%)
   Number of DQSDLLs:  0 out of 2 (0%)
   Number of CLKDIVC:  0 out of 4 (0%)
   Number of ECLKSYNCA:  0 out of 4 (0%)
   Number of ECLKBRIDGECS:  0 out of 2 (0%)
   Notes:-
      1. Total number of LUT4s = (Number of logic LUT4s) + 2*(Number of distributed RAMs) + 2*(Number of ripple logic)
      2. Number of logic LUT4s does not include count of distributed RAM and ripple logic.
   Number of clocks:  2
     Net clk00_c: 14 loads, 14 rising, 0 falling (Driver: SRL00/D01/oscout )
     Net SRL00/sclk: 13 loads, 13 rising, 0 falling (Driver: SRL00/D00/OSCInst0 )
   Number of Clock Enables:  1
     Net SRL01.outs_1_sqmuxa_i: 12 loads, 4 LSLICEs
   Number of LSRs:  2
     Net en0_c: 10 loads, 2 LSLICEs
     Net SRL00/D01/un1_sdiv77_7_4_RNI1V201: 12 loads, 12 LSLICEs
   Number of nets driven by tri-state buffers:  0
   Top 10 highest fanout non-clock nets:
     Net en0_c: 19 loads
     Net SRL00/D01/un1_sdiv77_7_4_RNI1V201: 12 loads
     Net SRL01.outs_1_sqmuxa_i: 12 loads
     Net SRL00/D01/sdiv[18]: 10 loads
     Net cdiv00_c[3]: 9 loads
     Net SRL00/D01/sdiv[21]: 9 loads
     Net sel00_c[0]: 8 loads
     Net sel00_c[1]: 8 loads
     Net SRL00/D01/sdiv[19]: 8 loads
     Net SRL00/D01/sdiv[20]: 8 loads
 

   Number of warnings:  0
   Number of errors:    0



Total CPU Time: 0 secs  
Total REAL Time: 0 secs  
Peak Memory Usage: 58 MB

Dumping design to file barrel00_barrel0_map.ncd.

mpartrce -p "barrel00_barrel0.p2t" -f "barrel00_barrel0.p3t" -tf "barrel00_barrel0.pt" "barrel00_barrel0_map.ncd" "barrel00_barrel0.ncd"

---- MParTrce Tool ----
Removing old design directory at request of -rem command line option to this program.
Running par. Please wait . . .

Lattice Place and Route Report for Design "barrel00_barrel0_map.ncd"
Fri Sep 06 09:58:46 2019

PAR: Place And Route Diamond (64-bit) 3.11.0.396.4.
Command Line: par -w -l 5 -i 6 -t 1 -c 0 -e 0 -gui -msgset C:/Users/martin/Desktop/Arqui3cm2/PrimerParcial/project3CM2/barrel00/promote.xml -exp parUseNBR=1:parCDP=0:parCDR=0:parPathBased=OFF barrel00_barrel0_map.ncd barrel00_barrel0.dir/5_1.ncd barrel00_barrel0.prf
Preference file: barrel00_barrel0.prf.
Placement level-cost: 5-1.
Routing Iterations: 6

Loading design for application par from file barrel00_barrel0_map.ncd.
Design name: topbarrel00
NCD version: 3.3
Vendor:      LATTICE
Device:      LCMXO2-7000HE
Package:     TQFP144
Performance: 5
Loading device for application par from file 'xo2c7000.nph' in environment: C:/lscc/diamond/3.11_x64/ispfpga.
Package Status:                     Final          Version 1.39.
Performance Hardware Data Status:   Final          Version 34.4.
License checked out.


Ignore Preference Error(s):  True
Device utilization summary:

   PIO (prelim)   29+4(JTAG)/336     10% used
                  29+4(JTAG)/115     29% bonded
   IOLOGIC            8/336           2% used

   SLICE             53/3432          1% used

   OSC                1/1           100% used


Number of Signals: 176
Number of Connections: 426

Pin Constraint Summary:
   29 out of 29 pins locked (100% locked).

The following 2 signals are selected to use the primary clock routing resources:
    clk00_c (driver: SRL00/D01/SLICE_21, clk load #: 14)
    SRL00/sclk (driver: SRL00/D00/OSCInst0, clk load #: 13)


The following 3 signals are selected to use the secondary clock routing resources:
    SRL01.outs_1_sqmuxa_i (driver: SRL01/SLICE_49, clk load #: 0, sr load #: 0, ce load #: 12)
    SRL00/D01/un1_sdiv77_7_4_RNI1V201 (driver: SRL00/D01/SLICE_27, clk load #: 0, sr load #: 12, ce load #: 0)
    en0_c (driver: en0, clk load #: 0, sr load #: 10, ce load #: 0)

    <postMsg mid="61061008" type="Warning" dynamic="5" navigation="0" arg0="en0_c" arg1="Secondary" arg2="en0" arg3="4" arg4="Secondary"  />
No signal is selected as Global Set/Reset.
Starting Placer Phase 0.

Finished Placer Phase 0.  REAL time: 0 secs 

Starting Placer Phase 1.
....................
Placer score = 33306.
Finished Placer Phase 1.  REAL time: 5 secs 

Starting Placer Phase 2.
.
Placer score =  33288
Finished Placer Phase 2.  REAL time: 5 secs 


------------------ Clock Report ------------------

Global Clock Resources:
  CLK_PIN    : 0 out of 8 (0%)
  General PIO: 1 out of 336 (0%)
  PLL        : 0 out of 2 (0%)
  DCM        : 0 out of 2 (0%)
  DCC        : 0 out of 8 (0%)

Global Clocks:
  PRIMARY "clk00_c" from Q0 on comp "SRL00/D01/SLICE_21" on site "R2C19A", clk load = 14
  PRIMARY "SRL00/sclk" from OSC on comp "SRL00/D00/OSCInst0" on site "OSC", clk load = 13
  SECONDARY "SRL01.outs_1_sqmuxa_i" from F1 on comp "SRL01/SLICE_49" on site "R14C18A", clk load = 0, ce load = 12, sr load = 0
  SECONDARY "SRL00/D01/un1_sdiv77_7_4_RNI1V201" from F0 on comp "SRL00/D01/SLICE_27" on site "R14C18D", clk load = 0, ce load = 0, sr load = 12
  SECONDARY "en0_c" from comp "en0" on PIO site "4 (PL4B)", clk load = 0, ce load = 0, sr load = 10

  PRIMARY  : 2 out of 8 (25%)
  SECONDARY: 3 out of 8 (37%)

Edge Clocks:
  No edge clock selected.

--------------- End of Clock Report ---------------


I/O Usage Summary (final):
   29 + 4(JTAG) out of 336 (9.8%) PIO sites used.
   29 + 4(JTAG) out of 115 (28.7%) bonded PIO sites used.
   Number of PIO comps: 29; differential: 0.
   Number of Vref pins used: 0.

I/O Bank Usage Summary:
+----------+---------------+------------+-----------+
| I/O Bank | Usage         | Bank Vccio | Bank Vref |
+----------+---------------+------------+-----------+
| 0        | 2 / 28 (  7%) | 2.5V       | -         |
| 1        | 0 / 29 (  0%) | -          | -         |
| 2        | 9 / 29 ( 31%) | 2.5V       | -         |
| 3        | 4 / 9 ( 44%)  | 2.5V       | -         |
| 4        | 8 / 10 ( 80%) | 2.5V       | -         |
| 5        | 6 / 10 ( 60%) | 2.5V       | -         |
+----------+---------------+------------+-----------+

Total placer CPU time: 5 secs 

Dumping design to file barrel00_barrel0.dir/5_1.ncd.

0 connections routed; 426 unrouted.
Starting router resource preassignment

Completed router resource preassignment. Real time: 7 secs 

Start NBR router at 09:58:54 09/06/19

*****************************************************************
Info: NBR allows conflicts(one node used by more than one signal)
      in the earlier iterations. In each iteration, it tries to  
      solve the conflicts while keeping the critical connections 
      routed as short as possible. The routing process is said to
      be completed when no conflicts exist and all connections   
      are routed.                                                
Note: NBR uses a different method to calculate timing slacks. The
      worst slack and total negative slack may not be the same as
      that in TRCE report. You should always run TRCE to verify  
      your design.                                               
*****************************************************************

Start NBR special constraint process at 09:58:54 09/06/19

Start NBR section for initial routing at 09:58:54 09/06/19
Level 4, iteration 1
16(0.00%) conflicts; 0(0.00%) untouched conn; 0 (nbr) score; 
Estimated worst slack/total negative slack<setup>: 465.416ns/0.000ns; real time: 8 secs 

Info: Initial congestion level at 75% usage is 0
Info: Initial congestion area  at 75% usage is 0 (0.00%)

Start NBR section for normal routing at 09:58:54 09/06/19
Level 4, iteration 1
10(0.00%) conflicts; 0(0.00%) untouched conn; 0 (nbr) score; 
Estimated worst slack/total negative slack<setup>: 465.416ns/0.000ns; real time: 8 secs 
Level 4, iteration 2
3(0.00%) conflicts; 0(0.00%) untouched conn; 0 (nbr) score; 
Estimated worst slack/total negative slack<setup>: 465.416ns/0.000ns; real time: 8 secs 
Level 4, iteration 3
4(0.00%) conflicts; 0(0.00%) untouched conn; 0 (nbr) score; 
Estimated worst slack/total negative slack<setup>: 465.416ns/0.000ns; real time: 8 secs 
Level 4, iteration 4
0(0.00%) conflict; 0(0.00%) untouched conn; 0 (nbr) score; 
Estimated worst slack/total negative slack<setup>: 465.416ns/0.000ns; real time: 8 secs 

Start NBR section for setup/hold timing optimization with effort level 3 at 09:58:54 09/06/19

Start NBR section for re-routing at 09:58:54 09/06/19
Level 4, iteration 1
0(0.00%) conflict; 0(0.00%) untouched conn; 0 (nbr) score; 
Estimated worst slack/total negative slack<setup>: 465.415ns/0.000ns; real time: 8 secs 

Start NBR section for post-routing at 09:58:54 09/06/19

End NBR router with 0 unrouted connection

NBR Summary
-----------
  Number of unrouted connections : 0 (0.00%)
  Number of connections with timing violations : 0 (0.00%)
  Estimated worst slack<setup> : 465.415ns
  Timing score<setup> : 0
-----------
Notes: The timing info is calculated for SETUP only and all PAR_ADJs are ignored.



Total CPU time 9 secs 
Total REAL time: 9 secs 
Completely routed.
End of route.  426 routed (100.00%); 0 unrouted.

Hold time timing score: 0, hold timing errors: 0

Timing score: 0 

Dumping design to file barrel00_barrel0.dir/5_1.ncd.


PAR_SUMMARY::Run status = Completed
PAR_SUMMARY::Number of unrouted conns = 0
PAR_SUMMARY::Worst  slack<setup/<ns>> = 465.415
PAR_SUMMARY::Timing score<setup/<ns>> = 0.000
PAR_SUMMARY::Worst  slack<hold /<ns>> = 0.379
PAR_SUMMARY::Timing score<hold /<ns>> = 0.000
PAR_SUMMARY::Number of errors = 0

Total CPU  time to completion: 9 secs 
Total REAL time to completion: 9 secs 

par done!

Note: user must run 'Trace' for timing closure signoff.

Copyright (c) 1991-1994 by NeoCAD Inc. All rights reserved.
Copyright (c) 1995 AT&T Corp.   All rights reserved.
Copyright (c) 1995-2001 Lucent Technologies Inc.  All rights reserved.
Copyright (c) 2001 Agere Systems   All rights reserved.
Copyright (c) 2002-2019 Lattice Semiconductor Corporation,  All rights reserved.
Exiting par with exit code 0
Exiting mpartrce with exit code 0

trce -f "barrel00_barrel0.pt" -o "barrel00_barrel0.twr" "barrel00_barrel0.ncd" "barrel00_barrel0.prf"
trce:  version Diamond (64-bit) 3.11.0.396.4

Copyright (c) 1991-1994 by NeoCAD Inc. All rights reserved.
Copyright (c) 1995 AT&T Corp.   All rights reserved.
Copyright (c) 1995-2001 Lucent Technologies Inc.  All rights reserved.
Copyright (c) 2001 Agere Systems   All rights reserved.
Copyright (c) 2002-2019 Lattice Semiconductor Corporation,  All rights reserved.

Loading design for application trce from file barrel00_barrel0.ncd.
Design name: topbarrel00
NCD version: 3.3
Vendor:      LATTICE
Device:      LCMXO2-7000HE
Package:     TQFP144
Performance: 5
Loading device for application trce from file 'xo2c7000.nph' in environment: C:/lscc/diamond/3.11_x64/ispfpga.
Package Status:                     Final          Version 1.39.
Performance Hardware Data Status:   Final          Version 34.4.
Setup and Hold Report

--------------------------------------------------------------------------------
Lattice TRACE Report - Setup, Version Diamond (64-bit) 3.11.0.396.4
Fri Sep 06 09:58:56 2019

Copyright (c) 1991-1994 by NeoCAD Inc. All rights reserved.
Copyright (c) 1995 AT&T Corp.   All rights reserved.
Copyright (c) 1995-2001 Lucent Technologies Inc.  All rights reserved.
Copyright (c) 2001 Agere Systems   All rights reserved.
Copyright (c) 2002-2019 Lattice Semiconductor Corporation,  All rights reserved.

Report Information
------------------
Command line:    trce -v 10 -gt -sethld -sp 5 -sphld m -o barrel00_barrel0.twr -gui -msgset C:/Users/martin/Desktop/Arqui3cm2/PrimerParcial/project3CM2/barrel00/promote.xml barrel00_barrel0.ncd barrel00_barrel0.prf 
Design file:     barrel00_barrel0.ncd
Preference file: barrel00_barrel0.prf
Device,speed:    LCMXO2-7000HE,5
Report level:    verbose report, limited to 10 items per preference
--------------------------------------------------------------------------------

BLOCK ASYNCPATHS
BLOCK RESETPATHS
--------------------------------------------------------------------------------



Timing summary (Setup):
---------------

Timing errors: 0  Score: 0
Cumulative negative slack: 0

Constraints cover 7085 paths, 1 nets, and 276 connections (64.79% coverage)

--------------------------------------------------------------------------------
Lattice TRACE Report - Hold, Version Diamond (64-bit) 3.11.0.396.4
Fri Sep 06 09:58:56 2019

Copyright (c) 1991-1994 by NeoCAD Inc. All rights reserved.
Copyright (c) 1995 AT&T Corp.   All rights reserved.
Copyright (c) 1995-2001 Lucent Technologies Inc.  All rights reserved.
Copyright (c) 2001 Agere Systems   All rights reserved.
Copyright (c) 2002-2019 Lattice Semiconductor Corporation,  All rights reserved.

Report Information
------------------
Command line:    trce -v 10 -gt -sethld -sp 5 -sphld m -o barrel00_barrel0.twr -gui -msgset C:/Users/martin/Desktop/Arqui3cm2/PrimerParcial/project3CM2/barrel00/promote.xml barrel00_barrel0.ncd barrel00_barrel0.prf 
Design file:     barrel00_barrel0.ncd
Preference file: barrel00_barrel0.prf
Device,speed:    LCMXO2-7000HE,m
Report level:    verbose report, limited to 10 items per preference
--------------------------------------------------------------------------------

BLOCK ASYNCPATHS
BLOCK RESETPATHS
--------------------------------------------------------------------------------



Timing summary (Hold):
---------------

Timing errors: 0  Score: 0
Cumulative negative slack: 0

Constraints cover 7085 paths, 1 nets, and 276 connections (64.79% coverage)



Timing summary (Setup and Hold):
---------------

Timing errors: 0 (setup), 0 (hold)
Score: 0 (setup), 0 (hold)
Cumulative negative slack: 0 (0+0)
--------------------------------------------------------------------------------

--------------------------------------------------------------------------------

Total CPU Time: 1 secs 
Total REAL Time: 0 secs 
Peak Memory Usage: 66 MB


tmcheck -par "barrel00_barrel0.par" 

bitgen -f "barrel00_barrel0.t2b" -w "barrel00_barrel0.ncd"  -jedec "barrel00_barrel0.prf"


BITGEN: Bitstream Generator Diamond (64-bit) 3.11.0.396.4
Copyright (c) 1991-1994 by NeoCAD Inc. All rights reserved.
Copyright (c) 1995 AT&T Corp.   All rights reserved.
Copyright (c) 1995-2001 Lucent Technologies Inc.  All rights reserved.
Copyright (c) 2001 Agere Systems   All rights reserved.
Copyright (c) 2002-2019 Lattice Semiconductor Corporation,  All rights reserved.


Loading design for application Bitgen from file barrel00_barrel0.ncd.
Design name: topbarrel00
NCD version: 3.3
Vendor:      LATTICE
Device:      LCMXO2-7000HE
Package:     TQFP144
Performance: 5
Loading device for application Bitgen from file 'xo2c7000.nph' in environment: C:/lscc/diamond/3.11_x64/ispfpga.
Package Status:                     Final          Version 1.39.
Performance Hardware Data Status:   Final          Version 34.4.

Running DRC.
DRC detected 0 errors and 0 warnings.
Reading Preference File from barrel00_barrel0.prf.

Preference Summary:
+---------------------------------+---------------------------------+
|  Preference                     |  Current Setting                |
+---------------------------------+---------------------------------+
|                         RamCfg  |                        Reset**  |
+---------------------------------+---------------------------------+
|                     MCCLK_FREQ  |                         2.08**  |
+---------------------------------+---------------------------------+
|                  CONFIG_SECURE  |                          OFF**  |
+---------------------------------+---------------------------------+
|                          INBUF  |                           ON**  |
+---------------------------------+---------------------------------+
|                      JTAG_PORT  |                       ENABLE**  |
+---------------------------------+---------------------------------+
|                       SDM_PORT  |                      DISABLE**  |
+---------------------------------+---------------------------------+
|                 SLAVE_SPI_PORT  |                      DISABLE**  |
+---------------------------------+---------------------------------+
|                MASTER_SPI_PORT  |                      DISABLE**  |
+---------------------------------+---------------------------------+
|                       I2C_PORT  |                      DISABLE**  |
+---------------------------------+---------------------------------+
|        MUX_CONFIGURATION_PORTS  |                      DISABLE**  |
+---------------------------------+---------------------------------+
|                  CONFIGURATION  |                          CFG**  |
+---------------------------------+---------------------------------+
|                COMPRESS_CONFIG  |                           ON**  |
+---------------------------------+---------------------------------+
|                        MY_ASSP  |                          OFF**  |
+---------------------------------+---------------------------------+
|               ONE_TIME_PROGRAM  |                          OFF**  |
+---------------------------------+---------------------------------+
|                 ENABLE_TRANSFR  |                      DISABLE**  |
+---------------------------------+---------------------------------+
|                  SHAREDEBRINIT  |                      DISABLE**  |
+---------------------------------+---------------------------------+
|            BACKGROUND_RECONFIG  |                          OFF**  |
+---------------------------------+---------------------------------+
 *  Default setting.
 ** The specified setting matches the default setting.


Creating bit map...
 
Bitstream Status: Final           Version 1.95.
 
Saving bit stream in "barrel00_barrel0.jed".
 
===========
UFM Summary.
===========
UFM Size:        2046 Pages (128*2046 Bits).
UFM Utilization: General Purpose Flash Memory.
 
Available General Purpose Flash Memory: 2046 Pages (Page 0 to Page 2045).
Initialized UFM Pages:                     0 Page.
 
Total CPU Time: 4 secs 
Total REAL Time: 5 secs 
Peak Memory Usage: 289 MB
