
Loading design for application trce from file adder8bitlib00_adder8bitlib00.ncd.
Design name: adder8bitLib00
NCD version: 3.3
Vendor:      LATTICE
Device:      LCMXO2-7000HE
Package:     TQFP144
Performance: 5
Loading device for application trce from file 'xo2c7000.nph' in environment: C:/lscc/diamond/3.11_x64/ispfpga.
Package Status:                     Final          Version 1.39.
Performance Hardware Data Status:   Final          Version 34.4.
Setup and Hold Report

--------------------------------------------------------------------------------
Lattice TRACE Report - Setup, Version Diamond (64-bit) 3.11.0.396.4
Tue Aug 27 11:45:10 2019

Copyright (c) 1991-1994 by NeoCAD Inc. All rights reserved.
Copyright (c) 1995 AT&T Corp.   All rights reserved.
Copyright (c) 1995-2001 Lucent Technologies Inc.  All rights reserved.
Copyright (c) 2001 Agere Systems   All rights reserved.
Copyright (c) 2002-2019 Lattice Semiconductor Corporation,  All rights reserved.

Report Information
------------------
Command line:    trce -v 10 -gt -sethld -sp 5 -sphld m -o adder8bitLib00_adder8bitLib00.twr -gui adder8bitLib00_adder8bitLib00.ncd adder8bitLib00_adder8bitLib00.prf 
Design file:     adder8bitlib00_adder8bitlib00.ncd
Preference file: adder8bitlib00_adder8bitlib00.prf
Device,speed:    LCMXO2-7000HE,5
Report level:    verbose report, limited to 10 items per preference
--------------------------------------------------------------------------------

BLOCK ASYNCPATHS
BLOCK RESETPATHS
--------------------------------------------------------------------------------



================================================================================
Preference: Default path enumeration
            116 items scored, 0 timing errors detected.
--------------------------------------------------------------------------------

Report:   13.852ns delay Bi[2] to So[7]

   Name    Fanout   Delay (ns)          Site               Resource
PADI_DEL    ---     1.372        133.PAD to      133.PADDI Bi[2]
ROUTE         1     3.675      133.PADDI to      R15C2B.C1 Bi_c[2]
C1TOFCO_DE  ---     0.786      R15C2B.C1 to     R15C2B.FCO SLICE_4
ROUTE         1     0.000     R15C2B.FCO to     R15C2C.FCI So_cry_2
FCITOFCO_D  ---     0.146     R15C2C.FCI to     R15C2C.FCO SLICE_3
ROUTE         1     0.000     R15C2C.FCO to     R15C2D.FCI So_cry_4
FCITOFCO_D  ---     0.146     R15C2D.FCI to     R15C2D.FCO SLICE_2
ROUTE         1     0.000     R15C2D.FCO to     R15C3A.FCI So_cry_6
FCITOF0_DE  ---     0.517     R15C3A.FCI to      R15C3A.F0 SLICE_1
ROUTE         1     3.762      R15C3A.F0 to       59.PADDO So_c[7]
DOPAD_DEL   ---     3.448       59.PADDO to         59.PAD So[7]
                  --------
                   13.852   (46.3% logic, 53.7% route), 6 logic levels.

Report:   13.833ns delay Bi[3] to So[7]

   Name    Fanout   Delay (ns)          Site               Resource
PADI_DEL    ---     1.372        132.PAD to      132.PADDI Bi[3]
ROUTE         1     3.683      132.PADDI to      R15C2C.C0 Bi_c[3]
C0TOFCO_DE  ---     0.905      R15C2C.C0 to     R15C2C.FCO SLICE_3
ROUTE         1     0.000     R15C2C.FCO to     R15C2D.FCI So_cry_4
FCITOFCO_D  ---     0.146     R15C2D.FCI to     R15C2D.FCO SLICE_2
ROUTE         1     0.000     R15C2D.FCO to     R15C3A.FCI So_cry_6
FCITOF0_DE  ---     0.517     R15C3A.FCI to      R15C3A.F0 SLICE_1
ROUTE         1     3.762      R15C3A.F0 to       59.PADDO So_c[7]
DOPAD_DEL   ---     3.448       59.PADDO to         59.PAD So[7]
                  --------
                   13.833   (46.2% logic, 53.8% route), 5 logic levels.

Report:   13.400ns delay Bi[2] to So[6]

   Name    Fanout   Delay (ns)          Site               Resource
PADI_DEL    ---     1.372        133.PAD to      133.PADDI Bi[2]
ROUTE         1     3.675      133.PADDI to      R15C2B.C1 Bi_c[2]
C1TOFCO_DE  ---     0.786      R15C2B.C1 to     R15C2B.FCO SLICE_4
ROUTE         1     0.000     R15C2B.FCO to     R15C2C.FCI So_cry_2
FCITOFCO_D  ---     0.146     R15C2C.FCI to     R15C2C.FCO SLICE_3
ROUTE         1     0.000     R15C2C.FCO to     R15C2D.FCI So_cry_4
FCITOF1_DE  ---     0.569     R15C2D.FCI to      R15C2D.F1 SLICE_2
ROUTE         1     3.404      R15C2D.F1 to       57.PADDO So_c[6]
DOPAD_DEL   ---     3.448       57.PADDO to         57.PAD So[6]
                  --------
                   13.400   (47.2% logic, 52.8% route), 5 logic levels.

Report:   13.381ns delay Bi[3] to So[6]

   Name    Fanout   Delay (ns)          Site               Resource
PADI_DEL    ---     1.372        132.PAD to      132.PADDI Bi[3]
ROUTE         1     3.683      132.PADDI to      R15C2C.C0 Bi_c[3]
C0TOFCO_DE  ---     0.905      R15C2C.C0 to     R15C2C.FCO SLICE_3
ROUTE         1     0.000     R15C2C.FCO to     R15C2D.FCI So_cry_4
FCITOF1_DE  ---     0.569     R15C2D.FCI to      R15C2D.F1 SLICE_2
ROUTE         1     3.404      R15C2D.F1 to       57.PADDO So_c[6]
DOPAD_DEL   ---     3.448       57.PADDO to         57.PAD So[6]
                  --------
                   13.381   (47.0% logic, 53.0% route), 4 logic levels.

Report:   13.356ns delay Bi[2] to So[5]

   Name    Fanout   Delay (ns)          Site               Resource
PADI_DEL    ---     1.372        133.PAD to      133.PADDI Bi[2]
ROUTE         1     3.675      133.PADDI to      R15C2B.C1 Bi_c[2]
C1TOFCO_DE  ---     0.786      R15C2B.C1 to     R15C2B.FCO SLICE_4
ROUTE         1     0.000     R15C2B.FCO to     R15C2C.FCI So_cry_2
FCITOFCO_D  ---     0.146     R15C2C.FCI to     R15C2C.FCO SLICE_3
ROUTE         1     0.000     R15C2C.FCO to     R15C2D.FCI So_cry_4
FCITOF0_DE  ---     0.517     R15C2D.FCI to      R15C2D.F0 SLICE_2
ROUTE         1     3.412      R15C2D.F0 to       56.PADDO So_c[5]
DOPAD_DEL   ---     3.448       56.PADDO to         56.PAD So[5]
                  --------
                   13.356   (46.9% logic, 53.1% route), 5 logic levels.

Report:   13.337ns delay Bi[3] to So[5]

   Name    Fanout   Delay (ns)          Site               Resource
PADI_DEL    ---     1.372        132.PAD to      132.PADDI Bi[3]
ROUTE         1     3.683      132.PADDI to      R15C2C.C0 Bi_c[3]
C0TOFCO_DE  ---     0.905      R15C2C.C0 to     R15C2C.FCO SLICE_3
ROUTE         1     0.000     R15C2C.FCO to     R15C2D.FCI So_cry_4
FCITOF0_DE  ---     0.517     R15C2D.FCI to      R15C2D.F0 SLICE_2
ROUTE         1     3.412      R15C2D.F0 to       56.PADDO So_c[5]
DOPAD_DEL   ---     3.448       56.PADDO to         56.PAD So[5]
                  --------
                   13.337   (46.8% logic, 53.2% route), 4 logic levels.

Report:   13.210ns delay Bi[2] to So[3]

   Name    Fanout   Delay (ns)          Site               Resource
PADI_DEL    ---     1.372        133.PAD to      133.PADDI Bi[2]
ROUTE         1     3.675      133.PADDI to      R15C2B.C1 Bi_c[2]
C1TOFCO_DE  ---     0.786      R15C2B.C1 to     R15C2B.FCO SLICE_4
ROUTE         1     0.000     R15C2B.FCO to     R15C2C.FCI So_cry_2
FCITOF0_DE  ---     0.517     R15C2C.FCI to      R15C2C.F0 SLICE_3
ROUTE         1     3.412      R15C2C.F0 to       55.PADDO So_c[3]
DOPAD_DEL   ---     3.448       55.PADDO to         55.PAD So[3]
                  --------
                   13.210   (46.4% logic, 53.6% route), 4 logic levels.

Report:   13.136ns delay SL to So[7]

   Name    Fanout   Delay (ns)          Site               Resource
PADI_DEL    ---     1.372          1.PAD to        1.PADDI SL
ROUTE         9     2.840        1.PADDI to      R15C2B.A0 SL_c
C0TOFCO_DE  ---     0.905      R15C2B.A0 to     R15C2B.FCO SLICE_4
ROUTE         1     0.000     R15C2B.FCO to     R15C2C.FCI So_cry_2
FCITOFCO_D  ---     0.146     R15C2C.FCI to     R15C2C.FCO SLICE_3
ROUTE         1     0.000     R15C2C.FCO to     R15C2D.FCI So_cry_4
FCITOFCO_D  ---     0.146     R15C2D.FCI to     R15C2D.FCO SLICE_2
ROUTE         1     0.000     R15C2D.FCO to     R15C3A.FCI So_cry_6
FCITOF0_DE  ---     0.517     R15C3A.FCI to      R15C3A.F0 SLICE_1
ROUTE         1     3.762      R15C3A.F0 to       59.PADDO So_c[7]
DOPAD_DEL   ---     3.448       59.PADDO to         59.PAD So[7]
                  --------
                   13.136   (49.7% logic, 50.3% route), 6 logic levels.

Report:   13.017ns delay SL to So[7]

   Name    Fanout   Delay (ns)          Site               Resource
PADI_DEL    ---     1.372          1.PAD to        1.PADDI SL
ROUTE         9     2.840        1.PADDI to      R15C2B.A1 SL_c
C1TOFCO_DE  ---     0.786      R15C2B.A1 to     R15C2B.FCO SLICE_4
ROUTE         1     0.000     R15C2B.FCO to     R15C2C.FCI So_cry_2
FCITOFCO_D  ---     0.146     R15C2C.FCI to     R15C2C.FCO SLICE_3
ROUTE         1     0.000     R15C2C.FCO to     R15C2D.FCI So_cry_4
FCITOFCO_D  ---     0.146     R15C2D.FCI to     R15C2D.FCO SLICE_2
ROUTE         1     0.000     R15C2D.FCO to     R15C3A.FCI So_cry_6
FCITOF0_DE  ---     0.517     R15C3A.FCI to      R15C3A.F0 SLICE_1
ROUTE         1     3.762      R15C3A.F0 to       59.PADDO So_c[7]
DOPAD_DEL   ---     3.448       59.PADDO to         59.PAD So[7]
                  --------
                   13.017   (49.3% logic, 50.7% route), 6 logic levels.

Report:   12.990ns delay SL to So[7]

   Name    Fanout   Delay (ns)          Site               Resource
PADI_DEL    ---     1.372          1.PAD to        1.PADDI SL
ROUTE         9     2.840        1.PADDI to      R15C2C.A0 SL_c
C0TOFCO_DE  ---     0.905      R15C2C.A0 to     R15C2C.FCO SLICE_3
ROUTE         1     0.000     R15C2C.FCO to     R15C2D.FCI So_cry_4
FCITOFCO_D  ---     0.146     R15C2D.FCI to     R15C2D.FCO SLICE_2
ROUTE         1     0.000     R15C2D.FCO to     R15C3A.FCI So_cry_6
FCITOF0_DE  ---     0.517     R15C3A.FCI to      R15C3A.F0 SLICE_1
ROUTE         1     3.762      R15C3A.F0 to       59.PADDO So_c[7]
DOPAD_DEL   ---     3.448       59.PADDO to         59.PAD So[7]
                  --------
                   12.990   (49.2% logic, 50.8% route), 5 logic levels.

Report:   13.852ns is the maximum delay for this preference.


================================================================================
Preference: Default net enumeration
            29 items scored, 0 timing errors detected.
--------------------------------------------------------------------------------

Report:    3.762ns maximum delay on So_c[7]

           Delays             Connection(s)
           3.762ns        R15C3A.F0 to 59.PADDO        

Report:    3.683ns maximum delay on Bi_c[3]

           Delays             Connection(s)
           3.683ns        132.PADDI to R15C2C.C0       

Report:    3.675ns maximum delay on Bi_c[2]

           Delays             Connection(s)
           3.675ns        133.PADDI to R15C2B.C1       

Report:    3.412ns maximum delay on So_c[5]

           Delays             Connection(s)
           3.412ns        R15C2D.F0 to 56.PADDO        

Report:    3.412ns maximum delay on So_c[3]

           Delays             Connection(s)
           3.412ns        R15C2C.F0 to 55.PADDO        

Report:    3.404ns maximum delay on So_c[6]

           Delays             Connection(s)
           3.404ns        R15C2D.F1 to 57.PADDO        

Report:    3.320ns maximum delay on So_c[2]

           Delays             Connection(s)
           3.320ns        R15C2B.F1 to 52.PADDO        

Report:    3.166ns maximum delay on SL_c

           Delays             Connection(s)
           2.840ns          1.PADDI to R15C2B.A1       
           2.840ns          1.PADDI to R15C2B.A0       
           2.468ns          1.PADDI to R15C2C.B1       
           2.840ns          1.PADDI to R15C2C.A0       
           2.840ns          1.PADDI to R15C2D.A1       
           2.840ns          1.PADDI to R15C2D.A0       
           3.166ns          1.PADDI to R15C3A.A0       
           2.468ns          1.PADDI to R15C2A.B1       
           2.468ns          1.PADDI to R15C2A.B0       

Report:    2.970ns maximum delay on So_c[4]

           Delays             Connection(s)
           2.970ns        R15C2C.F1 to 54.PADDO        

Report:    2.918ns maximum delay on Ai_c[7]

           Delays             Connection(s)
           2.918ns          5.PADDI to R15C3A.B0       

Report:    3.762ns is the maximum delay for this preference.

Report Summary
--------------
----------------------------------------------------------------------------
Preference                              |   Constraint|       Actual|Levels
----------------------------------------------------------------------------
                                        |             |             |
Default path enumeration                |     0.000 ns|    13.852 ns|   0  
                                        |             |             |
Default net enumeration                 |     0.000 ns|     3.762 ns|   0  
                                        |             |             |
----------------------------------------------------------------------------


All preferences were met.


Clock Domains Analysis
------------------------

Found 0 clocks:


Timing summary (Setup):
---------------

Timing errors: 0  Score: 0
Cumulative negative slack: 0

Constraints cover 116 paths, 29 nets, and 37 connections (100.00% coverage)

--------------------------------------------------------------------------------

