
Copyright (C) 1994-2018 Synopsys, Inc.
This Synopsys software and all associated documentation are proprietary to Synopsys, Inc.
and may only be used pursuant to the terms and conditions of a written license agreement
with Synopsys, Inc. All other use, reproduction, modification, or distribution of the
Synopsys software or the associated documentation is strictly prohibited.
Tool: Synplify Pro (R)
Build: N-2018.03L-SP1-1
Install: C:\lscc\diamond\3.11_x64\synpbase
OS: Windows 6.2

Hostname: DESKTOP-56RQHKQ

Implementation : adder4bit00
Synopsys HDL compiler and linker, Version comp2018q2p1, Build 461R, Built Apr  1 2019 09:17:43

Modified Files: 1
FID:  path (prevtimestamp, timestamp)
7        C:\Users\martin\Desktop\Arqui3cm2\PrimerParcial\project3CM2\adder4bit00\topadder4bit00.vhdl (2019-08-22 12:29:28, 2019-08-22 13:15:11)

*******************************************************************
Modules that may have changed as a result of file changes: 7
MID:  lib.cell.view
0        work.and00.and0 may have changed because the following files changed:
                        C:\Users\martin\Desktop\Arqui3cm2\PrimerParcial\project3CM2\adder4bit00\topadder4bit00.vhdl (2019-08-22 12:29:28, 2019-08-22 13:15:11) <-- (may instantiate this module)
2        work.fa00.fa0 may have changed because the following files changed:
                        C:\Users\martin\Desktop\Arqui3cm2\PrimerParcial\project3CM2\adder4bit00\topadder4bit00.vhdl (2019-08-22 12:29:28, 2019-08-22 13:15:11) <-- (may instantiate this module)
4        work.ha00.ha0 may have changed because the following files changed:
                        C:\Users\martin\Desktop\Arqui3cm2\PrimerParcial\project3CM2\adder4bit00\topadder4bit00.vhdl (2019-08-22 12:29:28, 2019-08-22 13:15:11) <-- (may instantiate this module)
6        work.or00.or0 may have changed because the following files changed:
                        C:\Users\martin\Desktop\Arqui3cm2\PrimerParcial\project3CM2\adder4bit00\topadder4bit00.vhdl (2019-08-22 12:29:28, 2019-08-22 13:15:11) <-- (may instantiate this module)
8        work.topadder4bit00.topadder4bit0 may have changed because the following files changed:
                        C:\Users\martin\Desktop\Arqui3cm2\PrimerParcial\project3CM2\adder4bit00\topadder4bit00.vhdl (2019-08-22 12:29:28, 2019-08-22 13:15:11) <-- (architecture and entity definition)
11       work.xnor00.xnor0 may have changed because the following files changed:
                        C:\Users\martin\Desktop\Arqui3cm2\PrimerParcial\project3CM2\adder4bit00\topadder4bit00.vhdl (2019-08-22 12:29:28, 2019-08-22 13:15:11) <-- (may instantiate this module)
13       work.xor00.xor0 may have changed because the following files changed:
                        C:\Users\martin\Desktop\Arqui3cm2\PrimerParcial\project3CM2\adder4bit00\topadder4bit00.vhdl (2019-08-22 12:29:28, 2019-08-22 13:15:11) <-- (may instantiate this module)

*******************************************************************
Unmodified files: 20
FID:  path (timestamp)
0        C:\Users\martin\Desktop\Arqui3cm2\PrimerParcial\project3CM2\adder4bit00\and00.vhdl (2019-08-22 11:45:31)
1        C:\Users\martin\Desktop\Arqui3cm2\PrimerParcial\project3CM2\adder4bit00\fa00.vhdl (2019-08-22 11:44:46)
2        C:\Users\martin\Desktop\Arqui3cm2\PrimerParcial\project3CM2\adder4bit00\ha00.vhdl (2019-08-22 11:45:06)
3        C:\Users\martin\Desktop\Arqui3cm2\PrimerParcial\project3CM2\adder4bit00\or00.vhdl (2019-08-22 12:04:49)
4        C:\Users\martin\Desktop\Arqui3cm2\PrimerParcial\project3CM2\adder4bit00\packageadder4bit00.vhdl (2019-08-22 11:43:47)
5        C:\Users\martin\Desktop\Arqui3cm2\PrimerParcial\project3CM2\adder4bit00\packagefa00.vhdl (2019-08-20 09:16:28)
6        C:\Users\martin\Desktop\Arqui3cm2\PrimerParcial\project3CM2\adder4bit00\packageha00.vhdl (2019-08-22 12:04:57)
8        C:\Users\martin\Desktop\Arqui3cm2\PrimerParcial\project3CM2\adder4bit00\xnor00.vhdl (2019-08-22 11:59:31)
9        C:\Users\martin\Desktop\Arqui3cm2\PrimerParcial\project3CM2\adder4bit00\xor00.vhdl (2019-08-22 12:05:07)
10       C:\lscc\diamond\3.11_x64\cae_library\synthesis\vhdl\machxo2.vhd (2018-11-15 00:32:12)
11       C:\lscc\diamond\3.11_x64\synpbase\lib\cpld\lattice.vhd (2019-04-01 08:08:08)
12       C:\lscc\diamond\3.11_x64\synpbase\lib\vhd\arith.vhd (2019-04-01 08:07:44)
13       C:\lscc\diamond\3.11_x64\synpbase\lib\vhd\hyperents.vhd (2019-04-01 08:07:44)
14       C:\lscc\diamond\3.11_x64\synpbase\lib\vhd\location.map (2019-04-01 15:01:20)
15       C:\lscc\diamond\3.11_x64\synpbase\lib\vhd\numeric.vhd (2019-04-01 08:07:44)
16       C:\lscc\diamond\3.11_x64\synpbase\lib\vhd\snps_haps_pkg.vhd (2019-04-01 08:07:44)
17       C:\lscc\diamond\3.11_x64\synpbase\lib\vhd\std.vhd (2019-04-01 08:07:44)
18       C:\lscc\diamond\3.11_x64\synpbase\lib\vhd\std1164.vhd (2019-04-01 08:07:44)
19       C:\lscc\diamond\3.11_x64\synpbase\lib\vhd\umr_capim.vhd (2019-04-01 08:07:44)
20       C:\lscc\diamond\3.11_x64\synpbase\lib\vhd\unsigned.vhd (2019-04-01 08:07:44)

*******************************************************************
Unchanged modules: 0
MID:  lib.cell.view
