
synpwrap -msg -prj "shiftLR00_shiftLR00_synplify.tcl" -log "shiftLR00_shiftLR00.srf"
Copyright (C) 1992-2019 Lattice Semiconductor Corporation. All rights reserved.
Lattice Diamond Version 3.11.0.396.4
    <postMsg mid="2011000" type="Info"    dynamic="0" navigation="0"  />

==contents of shiftLR00_shiftLR00.srf
#Build: Synplify Pro (R) N-2018.03L-SP1-1, Build 443R, Apr  1 2019
#install: C:\lscc\diamond\3.11_x64\synpbase
#OS: Windows 8 6.2
#Hostname: DESKTOP-56RQHKQ

# Fri Sep  6 04:51:33 2019

#Implementation: shiftLR00


Copyright (C) 1994-2018 Synopsys, Inc.
This Synopsys software and all associated documentation are proprietary to Synopsys, Inc.
and may only be used pursuant to the terms and conditions of a written license agreement
with Synopsys, Inc. All other use, reproduction, modification, or distribution of the
Synopsys software or the associated documentation is strictly prohibited.
Tool: Synplify Pro (R)
Build: N-2018.03L-SP1-1
Install: C:\lscc\diamond\3.11_x64\synpbase
OS: Windows 6.2

Hostname: DESKTOP-56RQHKQ

Implementation : shiftLR00
Synopsys HDL Compiler, Version comp2018q2p1, Build 461R, Built Apr  1 2019 09:17:43

@N|Running in 64-bit mode

Copyright (C) 1994-2018 Synopsys, Inc.
This Synopsys software and all associated documentation are proprietary to Synopsys, Inc.
and may only be used pursuant to the terms and conditions of a written license agreement
with Synopsys, Inc. All other use, reproduction, modification, or distribution of the
Synopsys software or the associated documentation is strictly prohibited.
Tool: Synplify Pro (R)
Build: N-2018.03L-SP1-1
Install: C:\lscc\diamond\3.11_x64\synpbase
OS: Windows 6.2

Hostname: DESKTOP-56RQHKQ

Implementation : shiftLR00
Synopsys VHDL Compiler, Version comp2018q2p1, Build 461R, Built Apr  1 2019 09:17:43

@N|Running in 64-bit mode
@N:"C:\Users\martin\Desktop\Arquitectura-de-Computadoras-master\Arquitectura-de-Computadoras-master\I\Practicas\barrelrLR00\barrelLR03\topshiftRL00.vhd":7:7:7:18|Top entity is set to topshiftRL00.
Options changed - recompiling
VHDL syntax check successful!
Options changed - recompiling
@N: CD630 :"C:\Users\martin\Desktop\Arquitectura-de-Computadoras-master\Arquitectura-de-Computadoras-master\I\Practicas\barrelrLR00\barrelLR03\topshiftRL00.vhd":7:7:7:18|Synthesizing work.topshiftrl00.topshiftrl0.
@N: CD630 :"C:\Users\martin\Desktop\Arquitectura-de-Computadoras-master\Arquitectura-de-Computadoras-master\I\Practicas\barrelrLR00\barrelLR03\shiftRL00.vhd":8:7:8:15|Synthesizing work.shiftrl00.shiftrl0.
Post processing for work.shiftrl00.shiftrl0
Running optimization stage 1 on shiftRL00 .......
@N: CD630 :"C:\Users\martin\Desktop\Arquitectura-de-Computadoras-master\Arquitectura-de-Computadoras-master\I\Practicas\barrelrLR00\barrelLR03\topdiv00.vhd":7:7:7:14|Synthesizing work.topdiv00.topdiv0.
@N: CD630 :"C:\Users\martin\Desktop\Arquitectura-de-Computadoras-master\Arquitectura-de-Computadoras-master\I\Practicas\barrelrLR00\barrelLR03\div00.vhd":8:7:8:11|Synthesizing work.div00.div0.
@N: CD364 :"C:\Users\martin\Desktop\Arquitectura-de-Computadoras-master\Arquitectura-de-Computadoras-master\I\Practicas\barrelrLR00\barrelLR03\div00.vhd":28:5:28:10|Removing redundant assignment.
@N: CD364 :"C:\Users\martin\Desktop\Arquitectura-de-Computadoras-master\Arquitectura-de-Computadoras-master\I\Practicas\barrelrLR00\barrelLR03\div00.vhd":36:5:36:10|Removing redundant assignment.
@N: CD364 :"C:\Users\martin\Desktop\Arquitectura-de-Computadoras-master\Arquitectura-de-Computadoras-master\I\Practicas\barrelrLR00\barrelLR03\div00.vhd":44:5:44:10|Removing redundant assignment.
@N: CD364 :"C:\Users\martin\Desktop\Arquitectura-de-Computadoras-master\Arquitectura-de-Computadoras-master\I\Practicas\barrelrLR00\barrelLR03\div00.vhd":52:5:52:10|Removing redundant assignment.
@N: CD364 :"C:\Users\martin\Desktop\Arquitectura-de-Computadoras-master\Arquitectura-de-Computadoras-master\I\Practicas\barrelrLR00\barrelLR03\div00.vhd":60:5:60:10|Removing redundant assignment.
@N: CD364 :"C:\Users\martin\Desktop\Arquitectura-de-Computadoras-master\Arquitectura-de-Computadoras-master\I\Practicas\barrelrLR00\barrelLR03\div00.vhd":68:5:68:10|Removing redundant assignment.
@N: CD364 :"C:\Users\martin\Desktop\Arquitectura-de-Computadoras-master\Arquitectura-de-Computadoras-master\I\Practicas\barrelrLR00\barrelLR03\div00.vhd":76:5:76:10|Removing redundant assignment.
@N: CD364 :"C:\Users\martin\Desktop\Arquitectura-de-Computadoras-master\Arquitectura-de-Computadoras-master\I\Practicas\barrelrLR00\barrelLR03\div00.vhd":84:5:84:10|Removing redundant assignment.
Post processing for work.div00.div0
Running optimization stage 1 on div00 .......
@N: CD630 :"C:\Users\martin\Desktop\Arquitectura-de-Computadoras-master\Arquitectura-de-Computadoras-master\I\Practicas\barrelrLR00\barrelLR03\osc00.vhd":6:7:6:11|Synthesizing work.osc00.osc0.
@W: CD276 :"C:\lscc\diamond\3.11_x64\cae_library\synthesis\vhdl\machxo2.vhd":2297:8:2297:15|Map for port sedstdby of component osch not found
@N: CD630 :"C:\lscc\diamond\3.11_x64\cae_library\synthesis\vhdl\machxo2.vhd":2291:10:2291:13|Synthesizing work.osch.syn_black_box.
Post processing for work.osch.syn_black_box
Running optimization stage 1 on OSCH .......
Post processing for work.osc00.osc0
Running optimization stage 1 on osc00 .......
Post processing for work.topdiv00.topdiv0
Running optimization stage 1 on topdiv00 .......
Post processing for work.topshiftrl00.topshiftrl0
Running optimization stage 1 on topshiftRL00 .......
Running optimization stage 2 on OSCH .......
Running optimization stage 2 on osc00 .......
Running optimization stage 2 on div00 .......
Running optimization stage 2 on topdiv00 .......
Running optimization stage 2 on shiftRL00 .......
Running optimization stage 2 on topshiftRL00 .......

For a summary of runtime and memory usage per design unit, please see file:
==========================================================
@L: C:\Users\martin\Desktop\Arquitectura-de-Computadoras-master\Arquitectura-de-Computadoras-master\I\Practicas\barrelrLR00\barrelLR03\shiftLR00\synwork\layer0.rt.csv


At c_vhdl Exit (Real Time elapsed 0h:00m:00s; CPU Time elapsed 0h:00m:00s; Memory used current: 76MB peak: 79MB)

Process took 0h:00m:01s realtime, 0h:00m:01s cputime

Process completed successfully.
# Fri Sep  6 04:51:34 2019

###########################################################]

Copyright (C) 1994-2018 Synopsys, Inc.
This Synopsys software and all associated documentation are proprietary to Synopsys, Inc.
and may only be used pursuant to the terms and conditions of a written license agreement
with Synopsys, Inc. All other use, reproduction, modification, or distribution of the
Synopsys software or the associated documentation is strictly prohibited.
Tool: Synplify Pro (R)
Build: N-2018.03L-SP1-1
Install: C:\lscc\diamond\3.11_x64\synpbase
OS: Windows 6.2

Hostname: DESKTOP-56RQHKQ

Implementation : shiftLR00
Synopsys Synopsys Netlist Linker, Version comp2018q2p1, Build 461R, Built Apr  1 2019 09:17:43

@N|Running in 64-bit mode
File C:\lscc\diamond\3.10_x64\synpbase\bin64\syn_nfilter.exe changed - recompiling
File C:\Users\sandra\Desktop\barrelLR03\shiftLR00\synwork\layer0.srs changed - recompiling

At syn_nfilter Exit (Real Time elapsed 0h:00m:00s; CPU Time elapsed 0h:00m:00s; Memory used current: 67MB peak: 68MB)

Process took 0h:00m:01s realtime, 0h:00m:01s cputime

Process completed successfully.
# Fri Sep  6 04:51:35 2019

###########################################################]

For a summary of runtime and memory usage for all design units, please see file:
==========================================================
@L: C:\Users\martin\Desktop\Arquitectura-de-Computadoras-master\Arquitectura-de-Computadoras-master\I\Practicas\barrelrLR00\barrelLR03\shiftLR00\synwork\shiftLR00_shiftLR00_comp.rt.csv

@END

At c_hdl Exit (Real Time elapsed 0h:00m:01s; CPU Time elapsed 0h:00m:00s; Memory used current: 3MB peak: 4MB)

Process took 0h:00m:01s realtime, 0h:00m:01s cputime

Process completed successfully.
# Fri Sep  6 04:51:35 2019

###########################################################]

Copyright (C) 1994-2018 Synopsys, Inc.
This Synopsys software and all associated documentation are proprietary to Synopsys, Inc.
and may only be used pursuant to the terms and conditions of a written license agreement
with Synopsys, Inc. All other use, reproduction, modification, or distribution of the
Synopsys software or the associated documentation is strictly prohibited.
Tool: Synplify Pro (R)
Build: N-2018.03L-SP1-1
Install: C:\lscc\diamond\3.11_x64\synpbase
OS: Windows 6.2

Hostname: DESKTOP-56RQHKQ

Database state : C:\Users\martin\Desktop\Arquitectura-de-Computadoras-master\Arquitectura-de-Computadoras-master\I\Practicas\barrelrLR00\barrelLR03\shiftLR00\synwork\|shiftLR00
Synopsys Synopsys Netlist Linker, Version comp2018q2p1, Build 461R, Built Apr  1 2019 09:17:43

@N|Running in 64-bit mode
File C:\lscc\diamond\3.10_x64\synpbase\bin64\syn_nfilter.exe changed - recompiling
File C:\Users\sandra\Desktop\barrelLR03\shiftLR00\synwork\shiftLR00_shiftLR00_comp.srs changed - recompiling

At syn_nfilter Exit (Real Time elapsed 0h:00m:00s; CPU Time elapsed 0h:00m:00s; Memory used current: 67MB peak: 68MB)

Process took 0h:00m:01s realtime, 0h:00m:01s cputime

Process completed successfully.
# Fri Sep  6 04:51:36 2019

###########################################################]
Premap Report

# Fri Sep  6 04:51:36 2019


Copyright (C) 1994-2018 Synopsys, Inc.
This Synopsys software and all associated documentation are proprietary to Synopsys, Inc.
and may only be used pursuant to the terms and conditions of a written license agreement
with Synopsys, Inc. All other use, reproduction, modification, or distribution of the
Synopsys software or the associated documentation is strictly prohibited.
Tool: Synplify Pro (R)
Build: N-2018.03L-SP1-1
Install: C:\lscc\diamond\3.11_x64\synpbase
OS: Windows 6.2

Hostname: DESKTOP-56RQHKQ

Implementation : shiftLR00
Synopsys Lattice Technology Pre-mapping, Version maplat2018q2p1, Build 055R, Built Apr  3 2019 09:51:54


Mapper Startup Complete (Real Time elapsed 0h:00m:00s; CPU Time elapsed 0h:00m:00s; Memory used current: 99MB peak: 100MB)

@A: MF827 |No constraint file specified.
@N: MF284 |Setting synthesis effort to medium for the design
@L: C:\Users\martin\Desktop\Arquitectura-de-Computadoras-master\Arquitectura-de-Computadoras-master\I\Practicas\barrelrLR00\barrelLR03\shiftLR00\shiftLR00_shiftLR00_scck.rpt 
Printing clock  summary report in "C:\Users\martin\Desktop\Arquitectura-de-Computadoras-master\Arquitectura-de-Computadoras-master\I\Practicas\barrelrLR00\barrelLR03\shiftLR00\shiftLR00_shiftLR00_scck.rpt" file 
@N: MF916 |Option synthesis_strategy=base is enabled. 
@N: MF248 |Running in 64-bit mode.
@N: MF666 |Clock conversion enabled. (Command "set_option -fix_gated_and_generated_clocks 1" in the project file.)

Design Input Complete (Real Time elapsed 0h:00m:00s; CPU Time elapsed 0h:00m:00s; Memory used current: 100MB peak: 102MB)


Mapper Initialization Complete (Real Time elapsed 0h:00m:00s; CPU Time elapsed 0h:00m:00s; Memory used current: 100MB peak: 102MB)


Start loading timing files (Real Time elapsed 0h:00m:00s; CPU Time elapsed 0h:00m:00s; Memory used current: 113MB peak: 113MB)


Finished loading timing files (Real Time elapsed 0h:00m:00s; CPU Time elapsed 0h:00m:00s; Memory used current: 113MB peak: 115MB)

@N: MF284 |Setting synthesis effort to medium for the design
@N: MH105 |UMR3 is only supported for HAPS-80.
@N: MH105 |UMR3 is only supported for HAPS-80.
syn_allowed_resources : blockrams=26  set on top level netlist topshiftRL00

Finished netlist restructuring (Real Time elapsed 0h:00m:00s; CPU Time elapsed 0h:00m:00s; Memory used current: 141MB peak: 143MB)



Clock Summary
******************

          Start                            Requested     Requested     Clock                                           Clock                   Clock
Level     Clock                            Frequency     Period        Type                                            Group                   Load 
----------------------------------------------------------------------------------------------------------------------------------------------------
0 -       osc00|osc_int_inferred_clock     2.1 MHz       480.769       inferred                                        Inferred_clkgroup_0     22   
1 .         div00|outdiv_derived_clock     2.1 MHz       480.769       derived (from osc00|osc_int_inferred_clock)     Inferred_clkgroup_0     20   
====================================================================================================================================================



Clock Load Summary
***********************

                                 Clock     Source                            Clock Pin               Non-clock Pin     Non-clock Pin
Clock                            Load      Pin                               Seq Example             Seq Example       Comb Example 
------------------------------------------------------------------------------------------------------------------------------------
osc00|osc_int_inferred_clock     22        SRL00.OS00.OSCInst0.OSC(OSCH)     SRL00.OS01.outdiv.C     -                 -            
div00|outdiv_derived_clock       20        SRL00.OS01.outdiv.Q[0](dffe)      SRL01.sshift[7:0].C     -                 -            
====================================================================================================================================

@W: MT529 :"c:\users\martin\desktop\arquitectura-de-computadoras-master\arquitectura-de-computadoras-master\i\practicas\barrelrlr00\barrellr03\div00.vhd":20:4:20:5|Found inferred clock osc00|osc_int_inferred_clock which controls 22 sequential elements including SRL00.OS01.sdiv[20:0]. This clock has no specified timing constraint which may prevent conversion of gated or generated clocks and may adversely impact design performance. 

ICG Latch Removal Summary:
Number of ICG latches removed: 0
Number of ICG latches not removed:	0


@S |Clock Optimization Summary



#### START OF PREMAP CLOCK OPTIMIZATION REPORT #####[

0 non-gated/non-generated clock tree(s) driving 0 clock pin(s) of sequential element(s)
2 gated/generated clock tree(s) driving 42 clock pin(s) of sequential element(s)
0 instances converted, 42 sequential instances remain driven by gated/generated clocks

==================================================================== Gated/Generated Clocks ====================================================================
Clock Tree ID     Driving Element             Drive Element Type     Unconverted Fanout     Sample Instance           Explanation                               
----------------------------------------------------------------------------------------------------------------------------------------------------------------
@KP:ckid0_0       SRL00.OS01.outdiv.Q[0]      dffe                   20                     SRL01.scont[3:0]          Derived clock on input (not legal for GCC)
@KP:ckid0_2       SRL00.OS00.OSCInst0.OSC     OSCH                   22                     SRL00.OS01.sdiv[20:0]     Black box on clock path                   
================================================================================================================================================================


##### END OF CLOCK OPTIMIZATION REPORT ######

@N: FX1143 |Skipping assigning INTERNAL_VREF to iobanks, because the table of mapping from pin to iobank is not initialized.
Finished Pre Mapping Phase.

Starting constraint checker (Real Time elapsed 0h:00m:01s; CPU Time elapsed 0h:00m:00s; Memory used current: 141MB peak: 143MB)


Finished constraint checker preprocessing (Real Time elapsed 0h:00m:01s; CPU Time elapsed 0h:00m:00s; Memory used current: 141MB peak: 143MB)

None
None

Finished constraint checker (Real Time elapsed 0h:00m:01s; CPU Time elapsed 0h:00m:00s; Memory used current: 141MB peak: 143MB)

Pre-mapping successful!

At Mapper Exit (Real Time elapsed 0h:00m:01s; CPU Time elapsed 0h:00m:00s; Memory used current: 57MB peak: 143MB)

Process took 0h:00m:01s realtime, 0h:00m:01s cputime
# Fri Sep  6 04:51:38 2019

###########################################################]
Map & Optimize Report

# Fri Sep  6 04:51:38 2019


Copyright (C) 1994-2018 Synopsys, Inc.
This Synopsys software and all associated documentation are proprietary to Synopsys, Inc.
and may only be used pursuant to the terms and conditions of a written license agreement
with Synopsys, Inc. All other use, reproduction, modification, or distribution of the
Synopsys software or the associated documentation is strictly prohibited.
Tool: Synplify Pro (R)
Build: N-2018.03L-SP1-1
Install: C:\lscc\diamond\3.11_x64\synpbase
OS: Windows 6.2

Hostname: DESKTOP-56RQHKQ

Implementation : shiftLR00
Synopsys Lattice Technology Mapper, Version maplat2018q2p1, Build 055R, Built Apr  3 2019 09:51:54


Mapper Startup Complete (Real Time elapsed 0h:00m:00s; CPU Time elapsed 0h:00m:00s; Memory used current: 99MB peak: 100MB)

@N: MF284 |Setting synthesis effort to medium for the design
@N: MF916 |Option synthesis_strategy=base is enabled. 
@N: MF248 |Running in 64-bit mode.
@N: MF666 |Clock conversion enabled. (Command "set_option -fix_gated_and_generated_clocks 1" in the project file.)

Design Input Complete (Real Time elapsed 0h:00m:00s; CPU Time elapsed 0h:00m:00s; Memory used current: 99MB peak: 100MB)


Mapper Initialization Complete (Real Time elapsed 0h:00m:00s; CPU Time elapsed 0h:00m:00s; Memory used current: 99MB peak: 100MB)


Start loading timing files (Real Time elapsed 0h:00m:00s; CPU Time elapsed 0h:00m:00s; Memory used current: 112MB peak: 113MB)


Finished loading timing files (Real Time elapsed 0h:00m:00s; CPU Time elapsed 0h:00m:00s; Memory used current: 112MB peak: 115MB)

@N: MF284 |Setting synthesis effort to medium for the design


Starting Optimization and Mapping (Real Time elapsed 0h:00m:00s; CPU Time elapsed 0h:00m:00s; Memory used current: 140MB peak: 143MB)


Available hyper_sources - for debug and ip models
	None Found


Finished RTL optimizations (Real Time elapsed 0h:00m:00s; CPU Time elapsed 0h:00m:00s; Memory used current: 140MB peak: 143MB)


Starting factoring (Real Time elapsed 0h:00m:00s; CPU Time elapsed 0h:00m:00s; Memory used current: 141MB peak: 143MB)


Finished factoring (Real Time elapsed 0h:00m:00s; CPU Time elapsed 0h:00m:00s; Memory used current: 141MB peak: 143MB)


Finished generic timing optimizations - Pass 1 (Real Time elapsed 0h:00m:00s; CPU Time elapsed 0h:00m:00s; Memory used current: 143MB peak: 143MB)


Starting Early Timing Optimization (Real Time elapsed 0h:00m:00s; CPU Time elapsed 0h:00m:00s; Memory used current: 143MB peak: 144MB)


Finished Early Timing Optimization (Real Time elapsed 0h:00m:00s; CPU Time elapsed 0h:00m:00s; Memory used current: 143MB peak: 144MB)


Finished generic timing optimizations - Pass 2 (Real Time elapsed 0h:00m:00s; CPU Time elapsed 0h:00m:00s; Memory used current: 143MB peak: 144MB)


Finished preparing to map (Real Time elapsed 0h:00m:00s; CPU Time elapsed 0h:00m:00s; Memory used current: 144MB peak: 144MB)


Finished technology mapping (Real Time elapsed 0h:00m:01s; CPU Time elapsed 0h:00m:00s; Memory used current: 148MB peak: 150MB)

Pass		 CPU time		Worst Slack		Luts / Registers
------------------------------------------------------------
   1		0h:00m:00s		   468.53ns		  66 /        42

Finished technology timing optimizations and critical path resynthesis (Real Time elapsed 0h:00m:01s; CPU Time elapsed 0h:00m:01s; Memory used current: 148MB peak: 150MB)

@N: FX164 |The option to pack registers in the IOB has not been specified. Please set syn_useioff attribute.  
@A: BN291 :"c:\users\martin\desktop\arquitectura-de-computadoras-master\arquitectura-de-computadoras-master\i\practicas\barrelrlr00\barrellr03\shiftrl00.vhd":23:4:23:5|Boundary register SRL01.outs_7_.fb (in view: work.topshiftRL00(topshiftrl0)) is packed into a complex cell. To disable register packing, set syn_keep=1 on the net between the register and the complex cell. 
@A: BN291 :"c:\users\martin\desktop\arquitectura-de-computadoras-master\arquitectura-de-computadoras-master\i\practicas\barrelrlr00\barrellr03\shiftrl00.vhd":23:4:23:5|Boundary register SRL01.outs_6_.fb (in view: work.topshiftRL00(topshiftrl0)) is packed into a complex cell. To disable register packing, set syn_keep=1 on the net between the register and the complex cell. 
@A: BN291 :"c:\users\martin\desktop\arquitectura-de-computadoras-master\arquitectura-de-computadoras-master\i\practicas\barrelrlr00\barrellr03\shiftrl00.vhd":23:4:23:5|Boundary register SRL01.outs_5_.fb (in view: work.topshiftRL00(topshiftrl0)) is packed into a complex cell. To disable register packing, set syn_keep=1 on the net between the register and the complex cell. 
@A: BN291 :"c:\users\martin\desktop\arquitectura-de-computadoras-master\arquitectura-de-computadoras-master\i\practicas\barrelrlr00\barrellr03\shiftrl00.vhd":23:4:23:5|Boundary register SRL01.outs_4_.fb (in view: work.topshiftRL00(topshiftrl0)) is packed into a complex cell. To disable register packing, set syn_keep=1 on the net between the register and the complex cell. 
@A: BN291 :"c:\users\martin\desktop\arquitectura-de-computadoras-master\arquitectura-de-computadoras-master\i\practicas\barrelrlr00\barrellr03\shiftrl00.vhd":23:4:23:5|Boundary register SRL01.outs_3_.fb (in view: work.topshiftRL00(topshiftrl0)) is packed into a complex cell. To disable register packing, set syn_keep=1 on the net between the register and the complex cell. 
@A: BN291 :"c:\users\martin\desktop\arquitectura-de-computadoras-master\arquitectura-de-computadoras-master\i\practicas\barrelrlr00\barrellr03\shiftrl00.vhd":23:4:23:5|Boundary register SRL01.outs_2_.fb (in view: work.topshiftRL00(topshiftrl0)) is packed into a complex cell. To disable register packing, set syn_keep=1 on the net between the register and the complex cell. 
@A: BN291 :"c:\users\martin\desktop\arquitectura-de-computadoras-master\arquitectura-de-computadoras-master\i\practicas\barrelrlr00\barrellr03\shiftrl00.vhd":23:4:23:5|Boundary register SRL01.outs_1_.fb (in view: work.topshiftRL00(topshiftrl0)) is packed into a complex cell. To disable register packing, set syn_keep=1 on the net between the register and the complex cell. 
@A: BN291 :"c:\users\martin\desktop\arquitectura-de-computadoras-master\arquitectura-de-computadoras-master\i\practicas\barrelrlr00\barrellr03\shiftrl00.vhd":23:4:23:5|Boundary register SRL01.outs_0_.fb (in view: work.topshiftRL00(topshiftrl0)) is packed into a complex cell. To disable register packing, set syn_keep=1 on the net between the register and the complex cell. 

Finished restoring hierarchy (Real Time elapsed 0h:00m:01s; CPU Time elapsed 0h:00m:01s; Memory used current: 148MB peak: 150MB)


Start Writing Netlists (Real Time elapsed 0h:00m:01s; CPU Time elapsed 0h:00m:01s; Memory used current: 114MB peak: 150MB)

Writing Analyst data base C:\Users\martin\Desktop\Arquitectura-de-Computadoras-master\Arquitectura-de-Computadoras-master\I\Practicas\barrelrLR00\barrelLR03\shiftLR00\synwork\shiftLR00_shiftLR00_m.srm

Finished Writing Netlist Databases (Real Time elapsed 0h:00m:01s; CPU Time elapsed 0h:00m:01s; Memory used current: 147MB peak: 150MB)

Writing EDIF Netlist and constraint files
@N: FX1056 |Writing EDF file: C:\Users\martin\Desktop\Arquitectura-de-Computadoras-master\Arquitectura-de-Computadoras-master\I\Practicas\barrelrLR00\barrelLR03\shiftLR00\shiftLR00_shiftLR00.edi
N-2018.03L-SP1-1
@N: BW106 |Synplicity Constraint File capacitance units using default value of 1pF 

Finished Writing EDIF Netlist and constraint files (Real Time elapsed 0h:00m:02s; CPU Time elapsed 0h:00m:02s; Memory used current: 151MB peak: 154MB)


Start final timing analysis (Real Time elapsed 0h:00m:02s; CPU Time elapsed 0h:00m:02s; Memory used current: 152MB peak: 154MB)

@W: MT420 |Found inferred clock osc00|osc_int_inferred_clock with period 480.77ns. Please declare a user-defined clock on net SRL00.OS00.sclk.
@N: MT615 |Found clock div00|outdiv_derived_clock with period 480.77ns 


##### START OF TIMING REPORT #####[
# Timing Report written on Fri Sep  6 04:51:41 2019
#


Top view:               topshiftRL00
Requested Frequency:    2.1 MHz
Wire load mode:         top
Paths requested:        5
Constraint File(s):    
@N: MT320 |This timing report is an estimate of place and route data. For final timing results, use the FPGA vendor place and route report.

@N: MT322 |Clock constraints include only register-to-register paths associated with each individual clock.



Performance Summary
*******************


Worst slack in design: 467.596

                                 Requested     Estimated     Requested     Estimated                 Clock                                           Clock              
Starting Clock                   Frequency     Frequency     Period        Period        Slack       Type                                            Group              
------------------------------------------------------------------------------------------------------------------------------------------------------------------------
div00|outdiv_derived_clock       2.1 MHz       312.1 MHz     480.769       3.204         955.130     derived (from osc00|osc_int_inferred_clock)     Inferred_clkgroup_0
osc00|osc_int_inferred_clock     2.1 MHz       75.9 MHz      480.769       13.174        467.596     inferred                                        Inferred_clkgroup_0
========================================================================================================================================================================





Clock Relationships
*******************

Clocks                                                      |    rise  to  rise     |    fall  to  fall   |    rise  to  fall   |    fall  to  rise 
----------------------------------------------------------------------------------------------------------------------------------------------------
Starting                      Ending                        |  constraint  slack    |  constraint  slack  |  constraint  slack  |  constraint  slack
----------------------------------------------------------------------------------------------------------------------------------------------------
osc00|osc_int_inferred_clock  osc00|osc_int_inferred_clock  |  480.769     467.596  |  No paths    -      |  No paths    -      |  No paths    -    
div00|outdiv_derived_clock    div00|outdiv_derived_clock    |  480.769     955.130  |  No paths    -      |  No paths    -      |  No paths    -    
====================================================================================================================================================
 Note: 'No paths' indicates there are no paths in the design for that pair of clock edges.
       'Diff grp' indicates that paths exist but the starting clock and ending clock are in different clock groups.



Interface Information 
*********************

No IO constraint found



====================================
Detailed Report for Clock: div00|outdiv_derived_clock
====================================



Starting Points with Worst Slack
********************************

                    Starting                                                         Arrival            
Instance            Reference                      Type        Pin     Net           Time        Slack  
                    Clock                                                                               
--------------------------------------------------------------------------------------------------------
SRL01.scont[0]      div00|outdiv_derived_clock     FD1S3IX     Q       scont[0]      1.180       955.130
SRL01.scont[1]      div00|outdiv_derived_clock     FD1S3IX     Q       scont[1]      1.148       955.305
SRL01.scont[2]      div00|outdiv_derived_clock     FD1S3IX     Q       scont[2]      1.108       955.345
SRL01.scont[3]      div00|outdiv_derived_clock     FD1S3IX     Q       scont[3]      1.044       957.292
SRL01.sshift[0]     div00|outdiv_derived_clock     FD1P3AX     Q       sshift[0]     1.044       959.967
SRL01.sshift[1]     div00|outdiv_derived_clock     FD1P3AX     Q       sshift[1]     1.044       959.967
SRL01.sshift[2]     div00|outdiv_derived_clock     FD1P3AX     Q       sshift[2]     1.044       959.967
SRL01.sshift[3]     div00|outdiv_derived_clock     FD1P3AX     Q       sshift[3]     1.044       959.967
SRL01.sshift[4]     div00|outdiv_derived_clock     FD1P3AX     Q       sshift[4]     1.044       959.967
SRL01.sshift[5]     div00|outdiv_derived_clock     FD1P3AX     Q       sshift[5]     1.044       959.967
========================================================================================================


Ending Points with Worst Slack
******************************

                    Starting                                                                      Required            
Instance            Reference                      Type         Pin     Net                       Time         Slack  
                    Clock                                                                                             
----------------------------------------------------------------------------------------------------------------------
SRL01_outsio[0]     div00|outdiv_derived_clock     OFS1P3IX     SP      SRL01.outs_1_sqmuxa_i     961.067      955.130
SRL01_outsio[1]     div00|outdiv_derived_clock     OFS1P3IX     SP      SRL01.outs_1_sqmuxa_i     961.067      955.130
SRL01_outsio[2]     div00|outdiv_derived_clock     OFS1P3IX     SP      SRL01.outs_1_sqmuxa_i     961.067      955.130
SRL01_outsio[3]     div00|outdiv_derived_clock     OFS1P3IX     SP      SRL01.outs_1_sqmuxa_i     961.067      955.130
SRL01_outsio[4]     div00|outdiv_derived_clock     OFS1P3IX     SP      SRL01.outs_1_sqmuxa_i     961.067      955.130
SRL01_outsio[5]     div00|outdiv_derived_clock     OFS1P3IX     SP      SRL01.outs_1_sqmuxa_i     961.067      955.130
SRL01_outsio[6]     div00|outdiv_derived_clock     OFS1P3IX     SP      SRL01.outs_1_sqmuxa_i     961.067      955.130
SRL01_outsio[7]     div00|outdiv_derived_clock     OFS1P3IX     SP      SRL01.outs_1_sqmuxa_i     961.067      955.130
SRL01.sshift[0]     div00|outdiv_derived_clock     FD1P3AX      SP      outs_1_sqmuxa_i           961.067      955.130
SRL01.sshift[1]     div00|outdiv_derived_clock     FD1P3AX      SP      outs_1_sqmuxa_i           961.067      955.130
======================================================================================================================



Worst Path Information
***********************


Path information for path number 1: 
      Requested Period:                      961.538
    - Setup time:                            0.472
    + Clock delay at ending point:           0.000 (ideal)
    = Required time:                         961.067

    - Propagation time:                      5.937
    - Clock delay at starting point:         0.000 (ideal)
    = Slack (non-critical) :                 955.130

    Number of logic level(s):                4
    Starting point:                          SRL01.scont[0] / Q
    Ending point:                            SRL01_outsio[0] / SP
    The start point is clocked by            div00|outdiv_derived_clock [rising] on pin CK
    The end   point is clocked by            div00|outdiv_derived_clock [rising] on pin SCLK
    -Timing constraint applied as multi cycle path with factor 2 (from c:div00|outdiv_derived_clock to c:div00|outdiv_derived_clock)

Instance / Net                                             Pin      Pin               Arrival     No. of    
Name                                          Type         Name     Dir     Delay     Time        Fan Out(s)
------------------------------------------------------------------------------------------------------------
SRL01.scont[0]                                FD1S3IX      Q        Out     1.180     1.180       -         
scont[0]                                      Net          -        -       -         -           5         
SRL01.pshift\.un1_control_cry_0_0             CCU2D        A1       In      0.000     1.180       -         
SRL01.pshift\.un1_control_cry_0_0             CCU2D        COUT     Out     1.544     2.724       -         
un1_control_cry_0                             Net          -        -       -         -           1         
SRL01.pshift\.un1_control_cry_1_0             CCU2D        CIN      In      0.000     2.724       -         
SRL01.pshift\.un1_control_cry_1_0             CCU2D        COUT     Out     0.143     2.867       -         
un1_control_cry_2                             Net          -        -       -         -           1         
SRL01.pshift\.un1_control_cry_3_0             CCU2D        CIN      In      0.000     2.867       -         
SRL01.pshift\.un1_control_cry_3_0             CCU2D        S1       Out     1.757     4.624       -         
un1_control                                   Net          -        -       -         -           5         
SRL01.pshift\.un1_control_cry_3_0_RNILOG8     ORCALUT4     A        In      0.000     4.624       -         
SRL01.pshift\.un1_control_cry_3_0_RNILOG8     ORCALUT4     Z        Out     1.313     5.937       -         
outs_1_sqmuxa_i                               Net          -        -       -         -           16        
SRL01_outsio[0]                               OFS1P3IX     SP       In      0.000     5.937       -         
============================================================================================================




====================================
Detailed Report for Clock: osc00|osc_int_inferred_clock
====================================



Starting Points with Worst Slack
********************************

                        Starting                                                          Arrival            
Instance                Reference                        Type        Pin     Net          Time        Slack  
                        Clock                                                                                
-------------------------------------------------------------------------------------------------------------
SRL00.OS01.sdiv[2]      osc00|osc_int_inferred_clock     FD1S3IX     Q       sdiv[2]      1.044       467.596
SRL00.OS01.sdiv[3]      osc00|osc_int_inferred_clock     FD1S3IX     Q       sdiv[3]      1.044       467.596
SRL00.OS01.sdiv[4]      osc00|osc_int_inferred_clock     FD1S3IX     Q       sdiv[4]      1.044       467.596
SRL00.OS01.sdiv[5]      osc00|osc_int_inferred_clock     FD1S3IX     Q       sdiv[5]      1.044       467.596
SRL00.OS01.sdiv[6]      osc00|osc_int_inferred_clock     FD1S3IX     Q       sdiv[6]      1.044       467.596
SRL00.OS01.sdiv[7]      osc00|osc_int_inferred_clock     FD1S3IX     Q       sdiv[7]      1.044       467.596
SRL00.OS01.sdiv[8]      osc00|osc_int_inferred_clock     FD1S3IX     Q       sdiv[8]      1.108       468.588
SRL00.OS01.sdiv[9]      osc00|osc_int_inferred_clock     FD1S3IX     Q       sdiv[9]      1.108       468.588
SRL00.OS01.sdiv[10]     osc00|osc_int_inferred_clock     FD1S3IX     Q       sdiv[10]     1.108       468.588
SRL00.OS01.sdiv[11]     osc00|osc_int_inferred_clock     FD1S3IX     Q       sdiv[11]     1.108       468.588
=============================================================================================================


Ending Points with Worst Slack
******************************

                        Starting                                                              Required            
Instance                Reference                        Type        Pin     Net              Time         Slack  
                        Clock                                                                                     
------------------------------------------------------------------------------------------------------------------
SRL00.OS01.sdiv[19]     osc00|osc_int_inferred_clock     FD1S3IX     D       un1_sdiv[20]     480.664      467.596
SRL00.OS01.sdiv[20]     osc00|osc_int_inferred_clock     FD1S3IX     D       un1_sdiv[21]     480.664      467.596
SRL00.OS01.sdiv[17]     osc00|osc_int_inferred_clock     FD1S3IX     D       un1_sdiv[18]     480.664      467.738
SRL00.OS01.sdiv[18]     osc00|osc_int_inferred_clock     FD1S3IX     D       un1_sdiv[19]     480.664      467.738
SRL00.OS01.sdiv[15]     osc00|osc_int_inferred_clock     FD1S3IX     D       un1_sdiv[16]     480.664      467.881
SRL00.OS01.sdiv[16]     osc00|osc_int_inferred_clock     FD1S3IX     D       un1_sdiv[17]     480.664      467.881
SRL00.OS01.sdiv[13]     osc00|osc_int_inferred_clock     FD1S3IX     D       un1_sdiv[14]     480.664      468.024
SRL00.OS01.sdiv[14]     osc00|osc_int_inferred_clock     FD1S3IX     D       un1_sdiv[15]     480.664      468.024
SRL00.OS01.sdiv[11]     osc00|osc_int_inferred_clock     FD1S3IX     D       un1_sdiv[12]     480.664      468.167
SRL00.OS01.sdiv[12]     osc00|osc_int_inferred_clock     FD1S3IX     D       un1_sdiv[13]     480.664      468.167
==================================================================================================================



Worst Path Information
***********************


Path information for path number 1: 
      Requested Period:                      480.769
    - Setup time:                            0.106
    + Clock delay at ending point:           0.000 (ideal)
    = Required time:                         480.664

    - Propagation time:                      13.068
    - Clock delay at starting point:         0.000 (ideal)
    = Slack (critical) :                     467.595

    Number of logic level(s):                18
    Starting point:                          SRL00.OS01.sdiv[2] / Q
    Ending point:                            SRL00.OS01.sdiv[20] / D
    The start point is clocked by            osc00|osc_int_inferred_clock [rising] on pin CK
    The end   point is clocked by            osc00|osc_int_inferred_clock [rising] on pin CK

Instance / Net                                          Pin      Pin               Arrival     No. of    
Name                                       Type         Name     Dir     Delay     Time        Fan Out(s)
---------------------------------------------------------------------------------------------------------
SRL00.OS01.sdiv[2]                         FD1S3IX      Q        Out     1.044     1.044       -         
sdiv[2]                                    Net          -        -       -         -           2         
SRL00.OS01.pdiv\.sdiv15lto18_i_a2_15_3     ORCALUT4     A        In      0.000     1.044       -         
SRL00.OS01.pdiv\.sdiv15lto18_i_a2_15_3     ORCALUT4     Z        Out     1.017     2.061       -         
sdiv15lto18_i_a2_15_3                      Net          -        -       -         -           1         
SRL00.OS01.pdiv\.sdiv15lto18_i_a2_15       ORCALUT4     A        In      0.000     2.061       -         
SRL00.OS01.pdiv\.sdiv15lto18_i_a2_15       ORCALUT4     Z        Out     1.193     3.253       -         
N_24_9                                     Net          -        -       -         -           4         
SRL00.OS01.pdiv\.sdiv36lto15_i_a2          ORCALUT4     B        In      0.000     3.253       -         
SRL00.OS01.pdiv\.sdiv36lto15_i_a2          ORCALUT4     Z        Out     1.225     4.478       -         
N_3_18                                     Net          -        -       -         -           5         
SRL00.OS01.pdiv\.sdiv29lto17               ORCALUT4     A        In      0.000     4.478       -         
SRL00.OS01.pdiv\.sdiv29lto17               ORCALUT4     Z        Out     1.017     5.495       -         
sdiv29lt20                                 Net          -        -       -         -           1         
SRL00.OS01.outdiv_0_sqmuxa_3               ORCALUT4     B        In      0.000     5.495       -         
SRL00.OS01.outdiv_0_sqmuxa_3               ORCALUT4     Z        Out     1.089     6.584       -         
outdiv_0_sqmuxa_3                          Net          -        -       -         -           2         
SRL00.OS01.un1_sdiv69_3                    ORCALUT4     A        In      0.000     6.584       -         
SRL00.OS01.un1_sdiv69_3                    ORCALUT4     Z        Out     1.089     7.673       -         
un1_sdiv69_3                               Net          -        -       -         -           2         
SRL00.OS01.un1_sdiv69_i                    ORCALUT4     A        In      0.000     7.673       -         
SRL00.OS01.un1_sdiv69_i                    ORCALUT4     Z        Out     1.017     8.689       -         
un1_sdiv69_i                               Net          -        -       -         -           1         
SRL00.OS01.un1_sdiv_cry_0_0                CCU2D        B0       In      0.000     8.689       -         
SRL00.OS01.un1_sdiv_cry_0_0                CCU2D        COUT     Out     1.544     10.234      -         
un1_sdiv_cry_0                             Net          -        -       -         -           1         
SRL00.OS01.un1_sdiv_cry_1_0                CCU2D        CIN      In      0.000     10.234      -         
SRL00.OS01.un1_sdiv_cry_1_0                CCU2D        COUT     Out     0.143     10.377      -         
un1_sdiv_cry_2                             Net          -        -       -         -           1         
SRL00.OS01.un1_sdiv_cry_3_0                CCU2D        CIN      In      0.000     10.377      -         
SRL00.OS01.un1_sdiv_cry_3_0                CCU2D        COUT     Out     0.143     10.520      -         
un1_sdiv_cry_4                             Net          -        -       -         -           1         
SRL00.OS01.un1_sdiv_cry_5_0                CCU2D        CIN      In      0.000     10.520      -         
SRL00.OS01.un1_sdiv_cry_5_0                CCU2D        COUT     Out     0.143     10.662      -         
un1_sdiv_cry_6                             Net          -        -       -         -           1         
SRL00.OS01.un1_sdiv_cry_7_0                CCU2D        CIN      In      0.000     10.662      -         
SRL00.OS01.un1_sdiv_cry_7_0                CCU2D        COUT     Out     0.143     10.805      -         
un1_sdiv_cry_8                             Net          -        -       -         -           1         
SRL00.OS01.un1_sdiv_cry_9_0                CCU2D        CIN      In      0.000     10.805      -         
SRL00.OS01.un1_sdiv_cry_9_0                CCU2D        COUT     Out     0.143     10.948      -         
un1_sdiv_cry_10                            Net          -        -       -         -           1         
SRL00.OS01.un1_sdiv_cry_11_0               CCU2D        CIN      In      0.000     10.948      -         
SRL00.OS01.un1_sdiv_cry_11_0               CCU2D        COUT     Out     0.143     11.091      -         
un1_sdiv_cry_12                            Net          -        -       -         -           1         
SRL00.OS01.un1_sdiv_cry_13_0               CCU2D        CIN      In      0.000     11.091      -         
SRL00.OS01.un1_sdiv_cry_13_0               CCU2D        COUT     Out     0.143     11.233      -         
un1_sdiv_cry_14                            Net          -        -       -         -           1         
SRL00.OS01.un1_sdiv_cry_15_0               CCU2D        CIN      In      0.000     11.233      -         
SRL00.OS01.un1_sdiv_cry_15_0               CCU2D        COUT     Out     0.143     11.376      -         
un1_sdiv_cry_16                            Net          -        -       -         -           1         
SRL00.OS01.un1_sdiv_cry_17_0               CCU2D        CIN      In      0.000     11.376      -         
SRL00.OS01.un1_sdiv_cry_17_0               CCU2D        COUT     Out     0.143     11.519      -         
un1_sdiv_cry_18                            Net          -        -       -         -           1         
SRL00.OS01.un1_sdiv_cry_19_0               CCU2D        CIN      In      0.000     11.519      -         
SRL00.OS01.un1_sdiv_cry_19_0               CCU2D        S1       Out     1.549     13.068      -         
un1_sdiv[21]                               Net          -        -       -         -           1         
SRL00.OS01.sdiv[20]                        FD1S3IX      D        In      0.000     13.068      -         
=========================================================================================================



##### END OF TIMING REPORT #####]

Timing exceptions that could not be applied
None

Finished final timing analysis (Real Time elapsed 0h:00m:02s; CPU Time elapsed 0h:00m:02s; Memory used current: 152MB peak: 154MB)


Finished timing report (Real Time elapsed 0h:00m:02s; CPU Time elapsed 0h:00m:02s; Memory used current: 152MB peak: 154MB)

---------------------------------------
Resource Usage Report
Part: lcmxo2_7000he-4

Register bits: 42 of 6864 (1%)
PIC Latch:       0
I/O cells:       27


Details:
CCU2D:          14
FD1P3AX:        8
FD1S3AX:        1
FD1S3IX:        25
GSR:            1
IB:             18
INV:            1
OB:             9
OFS1P3IX:       8
ORCALUT4:       64
OSCH:           1
PUR:            1
VHI:            3
VLO:            4
false:          1
true:           2
Mapper successful!

At Mapper Exit (Real Time elapsed 0h:00m:02s; CPU Time elapsed 0h:00m:02s; Memory used current: 34MB peak: 154MB)

Process took 0h:00m:02s realtime, 0h:00m:02s cputime
# Fri Sep  6 04:51:41 2019

###########################################################]


Synthesis exit by 0.

edif2ngd  -l "MachXO2" -d LCMXO2-7000HE -path "C:/Users/martin/Desktop/Arquitectura-de-Computadoras-master/Arquitectura-de-Computadoras-master/I/Practicas/barrelrLR00/barrelLR03/shiftLR00" -path "C:/Users/martin/Desktop/Arquitectura-de-Computadoras-master/Arquitectura-de-Computadoras-master/I/Practicas/barrelrLR00/barrelLR03"   "C:/Users/martin/Desktop/Arquitectura-de-Computadoras-master/Arquitectura-de-Computadoras-master/I/Practicas/barrelrLR00/barrelLR03/shiftLR00/shiftLR00_shiftLR00.edi" "shiftLR00_shiftLR00.ngo"   
edif2ngd:  version Diamond (64-bit) 3.11.0.396.4

Copyright (c) 1991-1994 by NeoCAD Inc. All rights reserved.
Copyright (c) 1995 AT&T Corp.   All rights reserved.
Copyright (c) 1995-2001 Lucent Technologies Inc.  All rights reserved.
Copyright (c) 2001 Agere Systems   All rights reserved.
Copyright (c) 2002-2019 Lattice Semiconductor Corporation,  All rights reserved.
Writing the design to shiftLR00_shiftLR00.ngo...

Total CPU Time: 0 secs  
Total REAL Time: 0 secs  
Peak Memory Usage: 10 MB


ngdbuild  -a "MachXO2" -d LCMXO2-7000HE  -p "C:/lscc/diamond/3.11_x64/ispfpga/xo2c00/data"  -p "C:/Users/martin/Desktop/Arquitectura-de-Computadoras-master/Arquitectura-de-Computadoras-master/I/Practicas/barrelrLR00/barrelLR03/shiftLR00" -p "C:/Users/martin/Desktop/Arquitectura-de-Computadoras-master/Arquitectura-de-Computadoras-master/I/Practicas/barrelrLR00/barrelLR03"  "shiftLR00_shiftLR00.ngo" "shiftLR00_shiftLR00.ngd"  	
ngdbuild:  version Diamond (64-bit) 3.11.0.396.4

Copyright (c) 1991-1994 by NeoCAD Inc. All rights reserved.
Copyright (c) 1995 AT&T Corp.   All rights reserved.
Copyright (c) 1995-2001 Lucent Technologies Inc.  All rights reserved.
Copyright (c) 2001 Agere Systems   All rights reserved.
Copyright (c) 2002-2019 Lattice Semiconductor Corporation,  All rights reserved.
Reading 'shiftLR00_shiftLR00.ngo' ...
Loading NGL library 'C:/lscc/diamond/3.11_x64/ispfpga/xo2c00a/data/xo2alib.ngl'...
Loading NGL library 'C:/lscc/diamond/3.11_x64/ispfpga/xo2c00/data/xo2clib.ngl'...
Loading NGL library 'C:/lscc/diamond/3.11_x64/ispfpga/mg5g00/data/mg5glib.ngl'...
Loading NGL library 'C:/lscc/diamond/3.11_x64/ispfpga/or5g00/data/orc5glib.ngl'...


Running DRC...

    <postMsg mid="1166052" type="Warning" dynamic="2" navigation="1" arg0="logical" arg1="SRL00/OS00/OSCInst0_SEDSTDBY" arg2="SRL00/OS00/OSCInst0_SEDSTDBY"  />
    <postMsg mid="1163101" type="Warning" dynamic="1" navigation="0" arg0="1"  />

Design Results:
    157 blocks expanded
Complete the first expansion.
Writing 'shiftLR00_shiftLR00.ngd' ...
Total CPU Time: 0 secs 
Total REAL Time: 0 secs 
Peak Memory Usage: 17 MB


map -a "MachXO2" -p LCMXO2-7000HE -t TQFP144 -s 4 -oc Commercial   "shiftLR00_shiftLR00.ngd" -o "shiftLR00_shiftLR00_map.ncd" -pr "shiftLR00_shiftLR00.prf" -mp "shiftLR00_shiftLR00.mrp" -lpf "C:/Users/martin/Desktop/Arquitectura-de-Computadoras-master/Arquitectura-de-Computadoras-master/I/Practicas/barrelrLR00/barrelLR03/shiftLR00/shiftLR00_shiftLR00_synplify.lpf" -lpf "C:/Users/martin/Desktop/Arquitectura-de-Computadoras-master/Arquitectura-de-Computadoras-master/I/Practicas/barrelrLR00/barrelLR03/shiftLR00.lpf" -c 0           
map:  version Diamond (64-bit) 3.11.0.396.4

Copyright (c) 1991-1994 by NeoCAD Inc. All rights reserved.
Copyright (c) 1995 AT&T Corp.   All rights reserved.
Copyright (c) 1995-2001 Lucent Technologies Inc.  All rights reserved.
Copyright (c) 2001 Agere Systems   All rights reserved.
Copyright (c) 2002-2019 Lattice Semiconductor Corporation,  All rights reserved.
   Process the file: shiftLR00_shiftLR00.ngd
   Picdevice="LCMXO2-7000HE"

   Pictype="TQFP144"

   Picspeed=4

   Remove unused logic

   Do not produce over sized NCDs.

Part used: LCMXO2-7000HETQFP144, Performance used: 4.

Loading device for application map from file 'xo2c7000.nph' in environment: C:/lscc/diamond/3.11_x64/ispfpga.
Package Status:                     Final          Version 1.39.

Running general design DRC...

Removing unused logic...

Optimizing...




Design Summary:
   Number of registers:     42 out of  7209 (1%)
      PFU registers:           34 out of  6864 (0%)
      PIO registers:            8 out of   345 (2%)
   Number of SLICEs:        46 out of  3432 (1%)
      SLICEs as Logic/ROM:     46 out of  3432 (1%)
      SLICEs as RAM:            0 out of  2574 (0%)
      SLICEs as Carry:         14 out of  3432 (0%)
   Number of LUT4s:         92 out of  6864 (1%)
      Number used as logic LUTs:         64
      Number used as distributed RAM:     0
      Number used as ripple logic:       28
      Number used as shift registers:     0
   Number of PIO sites used: 27 + 4(JTAG) out of 115 (27%)
   Number of block RAMs:  0 out of 26 (0%)
   Number of GSRs:        0 out of 1 (0%)
   EFB used :        No
   JTAG used :       No
   Readback used :   No
   Oscillator used : Yes
   Startup used :    No
   POR :             On
   Bandgap :         On
   Number of Power Controller:  0 out of 1 (0%)
   Number of Dynamic Bank Controller (BCINRD):  0 out of 6 (0%)
   Number of Dynamic Bank Controller (BCLVDSO):  0 out of 1 (0%)
   Number of DCCA:  0 out of 8 (0%)
   Number of DCMA:  0 out of 2 (0%)
   Number of PLLs:  0 out of 2 (0%)
   Number of DQSDLLs:  0 out of 2 (0%)
   Number of CLKDIVC:  0 out of 4 (0%)
   Number of ECLKSYNCA:  0 out of 4 (0%)
   Number of ECLKBRIDGECS:  0 out of 2 (0%)
   Notes:-
      1. Total number of LUT4s = (Number of logic LUT4s) + 2*(Number of distributed RAMs) + 2*(Number of ripple logic)
      2. Number of logic LUT4s does not include count of distributed RAM and ripple logic.
   Number of clocks:  2
     Net clk00_c: 14 loads, 14 rising, 0 falling (Driver: SRL00/OS01/outdiv )
     Net SRL00/sclk: 12 loads, 12 rising, 0 falling (Driver: SRL00/OS00/OSCInst0 )
   Number of Clock Enables:  1
     Net SRL01.outs_1_sqmuxa_i: 12 loads, 4 LSLICEs
   Number of LSRs:  2
     Net en0_c: 10 loads, 2 LSLICEs
     Net SRL00/OS01/un1_sdiv69_2_RNIHB8U: 11 loads, 11 LSLICEs
   Number of nets driven by tri-state buffers:  0
   Top 10 highest fanout non-clock nets:
     Net en0_c: 19 loads
     Net SRL01.outs_1_sqmuxa_i: 12 loads
     Net SRL00/OS01/un1_sdiv69_2_RNIHB8U: 11 loads
     Net SRL00/OS01/sdiv[16]: 8 loads
     Net SRL00/OS01/sdiv[18]: 8 loads
     Net SRL00/OS01/sdiv[17]: 7 loads
     Net cdiv00_c[2]: 6 loads
     Net cdiv00_c[3]: 6 loads
     Net SRL00/OS01/sdiv29_2: 6 loads
     Net cdiv00_c[0]: 5 loads
 

   Number of warnings:  0
   Number of errors:    0



Total CPU Time: 0 secs  
Total REAL Time: 0 secs  
Peak Memory Usage: 58 MB

Dumping design to file shiftLR00_shiftLR00_map.ncd.

mpartrce -p "shiftLR00_shiftLR00.p2t" -f "shiftLR00_shiftLR00.p3t" -tf "shiftLR00_shiftLR00.pt" "shiftLR00_shiftLR00_map.ncd" "shiftLR00_shiftLR00.ncd"

---- MParTrce Tool ----
Removing old design directory at request of -rem command line option to this program.
Running par. Please wait . . .

Lattice Place and Route Report for Design "shiftLR00_shiftLR00_map.ncd"
Fri Sep 06 04:51:46 2019

PAR: Place And Route Diamond (64-bit) 3.11.0.396.4.
Command Line: par -w -l 5 -i 6 -t 1 -c 0 -e 0 -gui -msgset C:/Users/martin/Desktop/Arquitectura-de-Computadoras-master/Arquitectura-de-Computadoras-master/I/Practicas/barrelrLR00/barrelLR03/promote.xml -exp parUseNBR=1:parCDP=0:parCDR=0:parPathBased=OFF shiftLR00_shiftLR00_map.ncd shiftLR00_shiftLR00.dir/5_1.ncd shiftLR00_shiftLR00.prf
Preference file: shiftLR00_shiftLR00.prf.
Placement level-cost: 5-1.
Routing Iterations: 6

Loading design for application par from file shiftLR00_shiftLR00_map.ncd.
Design name: topshiftRL00
NCD version: 3.3
Vendor:      LATTICE
Device:      LCMXO2-7000HE
Package:     TQFP144
Performance: 4
Loading device for application par from file 'xo2c7000.nph' in environment: C:/lscc/diamond/3.11_x64/ispfpga.
Package Status:                     Final          Version 1.39.
Performance Hardware Data Status:   Final          Version 34.4.
License checked out.


Ignore Preference Error(s):  True
Device utilization summary:

   PIO (prelim)   27+4(JTAG)/336     9% used
                  27+4(JTAG)/115     27% bonded
   IOLOGIC            8/336           2% used

   SLICE             46/3432          1% used

   OSC                1/1           100% used


Number of Signals: 159
Number of Connections: 365

Pin Constraint Summary:
   27 out of 27 pins locked (100% locked).

The following 2 signals are selected to use the primary clock routing resources:
    clk00_c (driver: SRL00/OS01/SLICE_20, clk load #: 14)
    SRL00/sclk (driver: SRL00/OS00/OSCInst0, clk load #: 12)


The following 3 signals are selected to use the secondary clock routing resources:
    SRL01.outs_1_sqmuxa_i (driver: SRL01/SLICE_43, clk load #: 0, sr load #: 0, ce load #: 12)
    SRL00/OS01/un1_sdiv69_2_RNIHB8U (driver: SRL00/OS01/SLICE_25, clk load #: 0, sr load #: 11, ce load #: 0)
    en0_c (driver: en0, clk load #: 0, sr load #: 10, ce load #: 0)

    <postMsg mid="61061008" type="Warning" dynamic="5" navigation="0" arg0="en0_c" arg1="Secondary" arg2="en0" arg3="4" arg4="Secondary"  />
No signal is selected as Global Set/Reset.
Starting Placer Phase 0.

Finished Placer Phase 0.  REAL time: 2 secs 

Starting Placer Phase 1.
....................
Placer score = 28378.
Finished Placer Phase 1.  REAL time: 7 secs 

Starting Placer Phase 2.
.
Placer score =  28363
Finished Placer Phase 2.  REAL time: 7 secs 


------------------ Clock Report ------------------

Global Clock Resources:
  CLK_PIN    : 0 out of 8 (0%)
  General PIO: 1 out of 336 (0%)
  PLL        : 0 out of 2 (0%)
  DCM        : 0 out of 2 (0%)
  DCC        : 0 out of 8 (0%)

Global Clocks:
  PRIMARY "clk00_c" from Q0 on comp "SRL00/OS01/SLICE_20" on site "R2C19A", clk load = 14
  PRIMARY "SRL00/sclk" from OSC on comp "SRL00/OS00/OSCInst0" on site "OSC", clk load = 12
  SECONDARY "SRL01.outs_1_sqmuxa_i" from F1 on comp "SRL01/SLICE_43" on site "R14C18C", clk load = 0, ce load = 12, sr load = 0
  SECONDARY "SRL00/OS01/un1_sdiv69_2_RNIHB8U" from F0 on comp "SRL00/OS01/SLICE_25" on site "R14C18B", clk load = 0, ce load = 0, sr load = 11
  SECONDARY "en0_c" from comp "en0" on PIO site "4 (PL4B)", clk load = 0, ce load = 0, sr load = 10

  PRIMARY  : 2 out of 8 (25%)
  SECONDARY: 3 out of 8 (37%)

Edge Clocks:
  No edge clock selected.

--------------- End of Clock Report ---------------


I/O Usage Summary (final):
   27 + 4(JTAG) out of 336 (9.2%) PIO sites used.
   27 + 4(JTAG) out of 115 (27.0%) bonded PIO sites used.
   Number of PIO comps: 27; differential: 0.
   Number of Vref pins used: 0.

I/O Bank Usage Summary:
+----------+---------------+------------+-----------+
| I/O Bank | Usage         | Bank Vccio | Bank Vref |
+----------+---------------+------------+-----------+
| 0        | 2 / 28 (  7%) | 2.5V       | -         |
| 1        | 0 / 29 (  0%) | -          | -         |
| 2        | 9 / 29 ( 31%) | 2.5V       | -         |
| 3        | 4 / 9 ( 44%)  | 2.5V       | -         |
| 4        | 8 / 10 ( 80%) | 2.5V       | -         |
| 5        | 4 / 10 ( 40%) | 2.5V       | -         |
+----------+---------------+------------+-----------+

Total placer CPU time: 6 secs 

Dumping design to file shiftLR00_shiftLR00.dir/5_1.ncd.

0 connections routed; 365 unrouted.
Starting router resource preassignment

Completed router resource preassignment. Real time: 9 secs 

Start NBR router at 04:51:55 09/06/19

*****************************************************************
Info: NBR allows conflicts(one node used by more than one signal)
      in the earlier iterations. In each iteration, it tries to  
      solve the conflicts while keeping the critical connections 
      routed as short as possible. The routing process is said to
      be completed when no conflicts exist and all connections   
      are routed.                                                
Note: NBR uses a different method to calculate timing slacks. The
      worst slack and total negative slack may not be the same as
      that in TRCE report. You should always run TRCE to verify  
      your design.                                               
*****************************************************************

Start NBR special constraint process at 04:51:56 09/06/19

Start NBR section for initial routing at 04:51:56 09/06/19
Level 4, iteration 1
6(0.00%) conflicts; 0(0.00%) untouched conn; 0 (nbr) score; 
Estimated worst slack/total negative slack<setup>: 464.288ns/0.000ns; real time: 10 secs 

Info: Initial congestion level at 75% usage is 0
Info: Initial congestion area  at 75% usage is 0 (0.00%)

Start NBR section for normal routing at 04:51:56 09/06/19
Level 4, iteration 1
2(0.00%) conflicts; 0(0.00%) untouched conn; 0 (nbr) score; 
Estimated worst slack/total negative slack<setup>: 464.174ns/0.000ns; real time: 10 secs 
Level 4, iteration 2
1(0.00%) conflict; 0(0.00%) untouched conn; 0 (nbr) score; 
Estimated worst slack/total negative slack<setup>: 464.174ns/0.000ns; real time: 10 secs 
Level 4, iteration 3
0(0.00%) conflict; 0(0.00%) untouched conn; 0 (nbr) score; 
Estimated worst slack/total negative slack<setup>: 464.174ns/0.000ns; real time: 10 secs 

Start NBR section for setup/hold timing optimization with effort level 3 at 04:51:56 09/06/19

Start NBR section for re-routing at 04:51:56 09/06/19
Level 4, iteration 1
0(0.00%) conflict; 0(0.00%) untouched conn; 0 (nbr) score; 
Estimated worst slack/total negative slack<setup>: 464.174ns/0.000ns; real time: 10 secs 

Start NBR section for post-routing at 04:51:56 09/06/19

End NBR router with 0 unrouted connection

NBR Summary
-----------
  Number of unrouted connections : 0 (0.00%)
  Number of connections with timing violations : 0 (0.00%)
  Estimated worst slack<setup> : 464.174ns
  Timing score<setup> : 0
-----------
Notes: The timing info is calculated for SETUP only and all PAR_ADJs are ignored.



Total CPU time 10 secs 
Total REAL time: 11 secs 
Completely routed.
End of route.  365 routed (100.00%); 0 unrouted.

Hold time timing score: 0, hold timing errors: 0

Timing score: 0 

Dumping design to file shiftLR00_shiftLR00.dir/5_1.ncd.


PAR_SUMMARY::Run status = Completed
PAR_SUMMARY::Number of unrouted conns = 0
PAR_SUMMARY::Worst  slack<setup/<ns>> = 464.174
PAR_SUMMARY::Timing score<setup/<ns>> = 0.000
PAR_SUMMARY::Worst  slack<hold /<ns>> = 0.379
PAR_SUMMARY::Timing score<hold /<ns>> = 0.000
PAR_SUMMARY::Number of errors = 0

Total CPU  time to completion: 10 secs 
Total REAL time to completion: 11 secs 

par done!

Note: user must run 'Trace' for timing closure signoff.

Copyright (c) 1991-1994 by NeoCAD Inc. All rights reserved.
Copyright (c) 1995 AT&T Corp.   All rights reserved.
Copyright (c) 1995-2001 Lucent Technologies Inc.  All rights reserved.
Copyright (c) 2001 Agere Systems   All rights reserved.
Copyright (c) 2002-2019 Lattice Semiconductor Corporation,  All rights reserved.
Exiting par with exit code 0
Exiting mpartrce with exit code 0

trce -f "shiftLR00_shiftLR00.pt" -o "shiftLR00_shiftLR00.twr" "shiftLR00_shiftLR00.ncd" "shiftLR00_shiftLR00.prf"
trce:  version Diamond (64-bit) 3.11.0.396.4

Copyright (c) 1991-1994 by NeoCAD Inc. All rights reserved.
Copyright (c) 1995 AT&T Corp.   All rights reserved.
Copyright (c) 1995-2001 Lucent Technologies Inc.  All rights reserved.
Copyright (c) 2001 Agere Systems   All rights reserved.
Copyright (c) 2002-2019 Lattice Semiconductor Corporation,  All rights reserved.

Loading design for application trce from file shiftlr00_shiftlr00.ncd.
Design name: topshiftRL00
NCD version: 3.3
Vendor:      LATTICE
Device:      LCMXO2-7000HE
Package:     TQFP144
Performance: 4
Loading device for application trce from file 'xo2c7000.nph' in environment: C:/lscc/diamond/3.11_x64/ispfpga.
Package Status:                     Final          Version 1.39.
Performance Hardware Data Status:   Final          Version 34.4.
Setup and Hold Report

--------------------------------------------------------------------------------
Lattice TRACE Report - Setup, Version Diamond (64-bit) 3.11.0.396.4
Fri Sep 06 04:51:58 2019

Copyright (c) 1991-1994 by NeoCAD Inc. All rights reserved.
Copyright (c) 1995 AT&T Corp.   All rights reserved.
Copyright (c) 1995-2001 Lucent Technologies Inc.  All rights reserved.
Copyright (c) 2001 Agere Systems   All rights reserved.
Copyright (c) 2002-2019 Lattice Semiconductor Corporation,  All rights reserved.

Report Information
------------------
Command line:    trce -v 10 -gt -sethld -sp 4 -sphld m -o shiftLR00_shiftLR00.twr -gui -msgset C:/Users/martin/Desktop/Arquitectura-de-Computadoras-master/Arquitectura-de-Computadoras-master/I/Practicas/barrelrLR00/barrelLR03/promote.xml shiftLR00_shiftLR00.ncd shiftLR00_shiftLR00.prf 
Design file:     shiftlr00_shiftlr00.ncd
Preference file: shiftlr00_shiftlr00.prf
Device,speed:    LCMXO2-7000HE,4
Report level:    verbose report, limited to 10 items per preference
--------------------------------------------------------------------------------

BLOCK ASYNCPATHS
BLOCK RESETPATHS
--------------------------------------------------------------------------------



Timing summary (Setup):
---------------

Timing errors: 0  Score: 0
Cumulative negative slack: 0

Constraints cover 5335 paths, 1 nets, and 256 connections (70.14% coverage)

--------------------------------------------------------------------------------
Lattice TRACE Report - Hold, Version Diamond (64-bit) 3.11.0.396.4
Fri Sep 06 04:51:58 2019

Copyright (c) 1991-1994 by NeoCAD Inc. All rights reserved.
Copyright (c) 1995 AT&T Corp.   All rights reserved.
Copyright (c) 1995-2001 Lucent Technologies Inc.  All rights reserved.
Copyright (c) 2001 Agere Systems   All rights reserved.
Copyright (c) 2002-2019 Lattice Semiconductor Corporation,  All rights reserved.

Report Information
------------------
Command line:    trce -v 10 -gt -sethld -sp 4 -sphld m -o shiftLR00_shiftLR00.twr -gui -msgset C:/Users/martin/Desktop/Arquitectura-de-Computadoras-master/Arquitectura-de-Computadoras-master/I/Practicas/barrelrLR00/barrelLR03/promote.xml shiftLR00_shiftLR00.ncd shiftLR00_shiftLR00.prf 
Design file:     shiftlr00_shiftlr00.ncd
Preference file: shiftlr00_shiftlr00.prf
Device,speed:    LCMXO2-7000HE,m
Report level:    verbose report, limited to 10 items per preference
--------------------------------------------------------------------------------

BLOCK ASYNCPATHS
BLOCK RESETPATHS
--------------------------------------------------------------------------------



Timing summary (Hold):
---------------

Timing errors: 0  Score: 0
Cumulative negative slack: 0

Constraints cover 5335 paths, 1 nets, and 256 connections (70.14% coverage)



Timing summary (Setup and Hold):
---------------

Timing errors: 0 (setup), 0 (hold)
Score: 0 (setup), 0 (hold)
Cumulative negative slack: 0 (0+0)
--------------------------------------------------------------------------------

--------------------------------------------------------------------------------

Total CPU Time: 1 secs 
Total REAL Time: 2 secs 
Peak Memory Usage: 66 MB


tmcheck -par "shiftLR00_shiftLR00.par" 

bitgen -f "shiftLR00_shiftLR00.t2b" -w "shiftLR00_shiftLR00.ncd"  -jedec "shiftLR00_shiftLR00.prf"


BITGEN: Bitstream Generator Diamond (64-bit) 3.11.0.396.4
Copyright (c) 1991-1994 by NeoCAD Inc. All rights reserved.
Copyright (c) 1995 AT&T Corp.   All rights reserved.
Copyright (c) 1995-2001 Lucent Technologies Inc.  All rights reserved.
Copyright (c) 2001 Agere Systems   All rights reserved.
Copyright (c) 2002-2019 Lattice Semiconductor Corporation,  All rights reserved.


Loading design for application Bitgen from file shiftLR00_shiftLR00.ncd.
Design name: topshiftRL00
NCD version: 3.3
Vendor:      LATTICE
Device:      LCMXO2-7000HE
Package:     TQFP144
Performance: 4
Loading device for application Bitgen from file 'xo2c7000.nph' in environment: C:/lscc/diamond/3.11_x64/ispfpga.
Package Status:                     Final          Version 1.39.
Performance Hardware Data Status:   Final          Version 34.4.

Running DRC.
DRC detected 0 errors and 0 warnings.
Reading Preference File from shiftLR00_shiftLR00.prf.

Preference Summary:
+---------------------------------+---------------------------------+
|  Preference                     |  Current Setting                |
+---------------------------------+---------------------------------+
|                         RamCfg  |                        Reset**  |
+---------------------------------+---------------------------------+
|                     MCCLK_FREQ  |                         2.08**  |
+---------------------------------+---------------------------------+
|                  CONFIG_SECURE  |                          OFF**  |
+---------------------------------+---------------------------------+
|                          INBUF  |                           ON**  |
+---------------------------------+---------------------------------+
|                      JTAG_PORT  |                       ENABLE**  |
+---------------------------------+---------------------------------+
|                       SDM_PORT  |                      DISABLE**  |
+---------------------------------+---------------------------------+
|                 SLAVE_SPI_PORT  |                      DISABLE**  |
+---------------------------------+---------------------------------+
|                MASTER_SPI_PORT  |                      DISABLE**  |
+---------------------------------+---------------------------------+
|                       I2C_PORT  |                      DISABLE**  |
+---------------------------------+---------------------------------+
|        MUX_CONFIGURATION_PORTS  |                      DISABLE**  |
+---------------------------------+---------------------------------+
|                  CONFIGURATION  |                          CFG**  |
+---------------------------------+---------------------------------+
|                COMPRESS_CONFIG  |                           ON**  |
+---------------------------------+---------------------------------+
|                        MY_ASSP  |                          OFF**  |
+---------------------------------+---------------------------------+
|               ONE_TIME_PROGRAM  |                          OFF**  |
+---------------------------------+---------------------------------+
|                 ENABLE_TRANSFR  |                      DISABLE**  |
+---------------------------------+---------------------------------+
|                  SHAREDEBRINIT  |                      DISABLE**  |
+---------------------------------+---------------------------------+
|            BACKGROUND_RECONFIG  |                          OFF**  |
+---------------------------------+---------------------------------+
 *  Default setting.
 ** The specified setting matches the default setting.


Creating bit map...
 
Bitstream Status: Final           Version 1.95.
 
Saving bit stream in "shiftLR00_shiftLR00.jed".
 
===========
UFM Summary.
===========
UFM Size:        2046 Pages (128*2046 Bits).
UFM Utilization: General Purpose Flash Memory.
 
Available General Purpose Flash Memory: 2046 Pages (Page 0 to Page 2045).
Initialized UFM Pages:                     0 Page.
 
Total CPU Time: 4 secs 
Total REAL Time: 5 secs 
Peak Memory Usage: 289 MB
