Running in Lattice mode

Starting:    C:\lscc\diamond\3.11_x64\synpbase\bin64\mbin\synbatch.exe
Install:     C:\lscc\diamond\3.11_x64\synpbase
Hostname:    DESKTOP-56RQHKQ
Date:        Thu Aug  8 11:23:45 2019
Version:     N-2018.03L-SP1-1

Arguments:   -product synplify_pro -batch and00_and00_synplify.tcl
ProductType: synplify_pro




log file: "C:\Users\martin\Desktop\Arqui3cm2\and00\and00\and00_and00.srr"
Running: hdl_info_gen in foreground

Generating HDL info...

hdl_info_gen completed
# Thu Aug  8 11:23:49 2019

Return Code: 0
Run Time:00h:00m:02s
log file: "C:\Users\martin\Desktop\Arqui3cm2\and00\and00\and00_and00.srr"
Running: and00 in foreground

Running proj_1|and00

Running Flow: compile (Compile) on proj_1|and00
# Thu Aug  8 11:23:49 2019

Running Flow: compile_flow (Compile Process) on proj_1|and00
# Thu Aug  8 11:23:49 2019

Running: compiler (Compile Input) on proj_1|and00
# Thu Aug  8 11:23:49 2019
Copied C:\Users\martin\Desktop\Arqui3cm2\and00\and00\synwork\and00_and00_comp.srs to C:\Users\martin\Desktop\Arqui3cm2\and00\and00\and00_and00.srs

compiler completed
# Thu Aug  8 11:23:53 2019

Return Code: 0
Run Time:00h:00m:04s

Running: multi_srs_gen (Multi-srs Generator) on proj_1|and00
# Thu Aug  8 11:23:53 2019

multi_srs_gen completed
# Thu Aug  8 11:23:53 2019

Return Code: 0
Run Time:00h:00m:00s
Copied C:\Users\martin\Desktop\Arqui3cm2\and00\and00\synwork\and00_and00_mult.srs to C:\Users\martin\Desktop\Arqui3cm2\and00\and00\and00_and00.srs
Copied C:\Users\martin\Desktop\Arqui3cm2\and00\and00\and00_and00.srr to C:\Users\martin\Desktop\Arqui3cm2\and00\and00\and00_and00.srf
Complete: Compile Process on proj_1|and00

Running: premap (Premap) on proj_1|and00
# Thu Aug  8 11:23:53 2019

premap completed
# Thu Aug  8 11:23:56 2019

Return Code: 0
Run Time:00h:00m:03s
Complete: Compile on proj_1|and00

Running Flow: map (Map) on proj_1|and00
# Thu Aug  8 11:23:56 2019
License granted for 4 parallel jobs

Running: fpga_mapper (Map & Optimize) on proj_1|and00
# Thu Aug  8 11:23:56 2019
Copied C:\Users\martin\Desktop\Arqui3cm2\and00\and00\synwork\and00_and00_m.srm to C:\Users\martin\Desktop\Arqui3cm2\and00\and00\and00_and00.srm

fpga_mapper completed
# Thu Aug  8 11:23:58 2019

Return Code: 0
Run Time:00h:00m:02s
Complete: Map on proj_1|and00
Copied C:\Users\martin\Desktop\Arqui3cm2\and00\and00\and00_and00.srr to C:\Users\martin\Desktop\Arqui3cm2\and00\and00\and00_and00.srf
Complete: Logic Synthesis on proj_1|and00
TCL script complete: "and00_and00_synplify.tcl"
exit status=0
exit status=0
Save changes for project:
C:\Users\martin\Desktop\Arqui3cm2\and00\and00\proj_1.prj
batch mode default:no
