Running in Lattice mode

Starting:    C:\lscc\diamond\3.11_x64\synpbase\bin64\mbin\synbatch.exe
Install:     C:\lscc\diamond\3.11_x64\synpbase
Hostname:    DESKTOP-56RQHKQ
Date:        Tue Aug 13 08:50:54 2019
Version:     N-2018.03L-SP1-1

Arguments:   -product synplify_pro -batch mux00_mux00_synplify.tcl
ProductType: synplify_pro




log file: "C:\Users\martin\Desktop\Arqui3cm2\PrimerParcial\project3CM2\mux00\mux00\mux00_mux00.srr"
Running: hdl_info_gen in foreground

Generating HDL info...

hdl_info_gen completed
# Tue Aug 13 08:50:57 2019

Return Code: 0
Run Time:00h:00m:02s
log file: "C:\Users\martin\Desktop\Arqui3cm2\PrimerParcial\project3CM2\mux00\mux00\mux00_mux00.srr"
Running: mux00 in foreground

Running proj_1|mux00

Running Flow: compile (Compile) on proj_1|mux00
# Tue Aug 13 08:50:57 2019

Running Flow: compile_flow (Compile Process) on proj_1|mux00
# Tue Aug 13 08:50:57 2019

Running: compiler (Compile Input) on proj_1|mux00
# Tue Aug 13 08:50:57 2019
Copied C:\Users\martin\Desktop\Arqui3cm2\PrimerParcial\project3CM2\mux00\mux00\synwork\mux00_mux00_comp.srs to C:\Users\martin\Desktop\Arqui3cm2\PrimerParcial\project3CM2\mux00\mux00\mux00_mux00.srs

compiler completed
# Tue Aug 13 08:51:02 2019

Return Code: 0
Run Time:00h:00m:05s

Running: multi_srs_gen (Multi-srs Generator) on proj_1|mux00
# Tue Aug 13 08:51:02 2019

multi_srs_gen completed
# Tue Aug 13 08:51:02 2019

Return Code: 0
Run Time:00h:00m:00s
Copied C:\Users\martin\Desktop\Arqui3cm2\PrimerParcial\project3CM2\mux00\mux00\synwork\mux00_mux00_mult.srs to C:\Users\martin\Desktop\Arqui3cm2\PrimerParcial\project3CM2\mux00\mux00\mux00_mux00.srs
Copied C:\Users\martin\Desktop\Arqui3cm2\PrimerParcial\project3CM2\mux00\mux00\mux00_mux00.srr to C:\Users\martin\Desktop\Arqui3cm2\PrimerParcial\project3CM2\mux00\mux00\mux00_mux00.srf
Complete: Compile Process on proj_1|mux00

Running: premap (Premap) on proj_1|mux00
# Tue Aug 13 08:51:02 2019

premap completed
# Tue Aug 13 08:51:06 2019

Return Code: 0
Run Time:00h:00m:04s
Complete: Compile on proj_1|mux00

Running Flow: map (Map) on proj_1|mux00
# Tue Aug 13 08:51:06 2019
License granted for 4 parallel jobs

Running: fpga_mapper (Map & Optimize) on proj_1|mux00
# Tue Aug 13 08:51:06 2019
Copied C:\Users\martin\Desktop\Arqui3cm2\PrimerParcial\project3CM2\mux00\mux00\synwork\mux00_mux00_m.srm to C:\Users\martin\Desktop\Arqui3cm2\PrimerParcial\project3CM2\mux00\mux00\mux00_mux00.srm

fpga_mapper completed
# Tue Aug 13 08:51:10 2019

Return Code: 0
Run Time:00h:00m:04s
Complete: Map on proj_1|mux00
Copied C:\Users\martin\Desktop\Arqui3cm2\PrimerParcial\project3CM2\mux00\mux00\mux00_mux00.srr to C:\Users\martin\Desktop\Arqui3cm2\PrimerParcial\project3CM2\mux00\mux00\mux00_mux00.srf
Complete: Logic Synthesis on proj_1|mux00
TCL script complete: "mux00_mux00_synplify.tcl"
exit status=0
exit status=0
Save changes for project:
C:\Users\martin\Desktop\Arqui3cm2\PrimerParcial\project3CM2\mux00\mux00\proj_1.prj
batch mode default:no
