
Loading design for application trce from file nor00_nor00.ncd.
Design name: nor00
NCD version: 3.3
Vendor:      LATTICE
Device:      LCMXO2-7000HE
Package:     TQFP144
Performance: 4
Loading device for application trce from file 'xo2c7000.nph' in environment: C:/lscc/diamond/3.11_x64/ispfpga.
Package Status:                     Final          Version 1.39.
Performance Hardware Data Status:   Final          Version 34.4.
Setup and Hold Report

--------------------------------------------------------------------------------
Lattice TRACE Report - Setup, Version Diamond (64-bit) 3.11.0.396.4
Sun Aug 11 20:20:36 2019

Copyright (c) 1991-1994 by NeoCAD Inc. All rights reserved.
Copyright (c) 1995 AT&T Corp.   All rights reserved.
Copyright (c) 1995-2001 Lucent Technologies Inc.  All rights reserved.
Copyright (c) 2001 Agere Systems   All rights reserved.
Copyright (c) 2002-2019 Lattice Semiconductor Corporation,  All rights reserved.

Report Information
------------------
Command line:    trce -v 10 -gt -sethld -sp 4 -sphld m -o nor00_nor00.twr -gui nor00_nor00.ncd nor00_nor00.prf 
Design file:     nor00_nor00.ncd
Preference file: nor00_nor00.prf
Device,speed:    LCMXO2-7000HE,4
Report level:    verbose report, limited to 10 items per preference
--------------------------------------------------------------------------------

BLOCK ASYNCPATHS
BLOCK RESETPATHS
--------------------------------------------------------------------------------



================================================================================
Preference: Default path enumeration
            16 items scored, 0 timing errors detected.
--------------------------------------------------------------------------------

Report:   12.764ns delay Aa[7] to Ya[7]

   Name    Fanout   Delay (ns)          Site               Resource
PADI_DEL    ---     1.372          5.PAD to        5.PADDI Aa[7]
ROUTE         1     2.711        5.PADDI to      R12C2A.B0 Aa_c[7]
CTOF_DEL    ---     0.495      R12C2A.B0 to      R12C2A.F0 SLICE_1
ROUTE         1     4.738      R12C2A.F0 to       59.PADDO Ya_c[7]
DOPAD_DEL   ---     3.448       59.PADDO to         59.PAD Ya[7]
                  --------
                   12.764   (41.6% logic, 58.4% route), 3 logic levels.

Report:   11.400ns delay Ba[7] to Ya[7]

   Name    Fanout   Delay (ns)          Site               Resource
PADI_DEL    ---     1.372         19.PAD to       19.PADDI Ba[7]
ROUTE         1     1.347       19.PADDI to      R12C2A.C0 Ba_c[7]
CTOF_DEL    ---     0.495      R12C2A.C0 to      R12C2A.F0 SLICE_1
ROUTE         1     4.738      R12C2A.F0 to       59.PADDO Ya_c[7]
DOPAD_DEL   ---     3.448       59.PADDO to         59.PAD Ya[7]
                  --------
                   11.400   (46.6% logic, 53.4% route), 3 logic levels.

Report:   11.380ns delay Aa[5] to Ya[5]

   Name    Fanout   Delay (ns)          Site               Resource
PADI_DEL    ---     1.372          9.PAD to        9.PADDI Aa[5]
ROUTE         1     2.274        9.PADDI to      R15C2C.C0 Aa_c[5]
CTOF_DEL    ---     0.495      R15C2C.C0 to      R15C2C.F0 SLICE_3
ROUTE         1     3.791      R15C2C.F0 to       56.PADDO Ya_c[5]
DOPAD_DEL   ---     3.448       56.PADDO to         56.PAD Ya[5]
                  --------
                   11.380   (46.7% logic, 53.3% route), 3 logic levels.

Report:   11.154ns delay Aa[6] to Ya[6]

   Name    Fanout   Delay (ns)          Site               Resource
PADI_DEL    ---     1.372          6.PAD to        6.PADDI Aa[6]
ROUTE         1     1.955        6.PADDI to      R12C2D.C0 Aa_c[6]
CTOF_DEL    ---     0.495      R12C2D.C0 to      R12C2D.F0 SLICE_2
ROUTE         1     3.884      R12C2D.F0 to       57.PADDO Ya_c[6]
DOPAD_DEL   ---     3.448       57.PADDO to         57.PAD Ya[6]
                  --------
                   11.154   (47.7% logic, 52.3% route), 3 logic levels.

Report:   11.092ns delay Ba[5] to Ya[5]

   Name    Fanout   Delay (ns)          Site               Resource
PADI_DEL    ---     1.372         21.PAD to       21.PADDI Ba[5]
ROUTE         1     1.986       21.PADDI to      R15C2C.A0 Ba_c[5]
CTOF_DEL    ---     0.495      R15C2C.A0 to      R15C2C.F0 SLICE_3
ROUTE         1     3.791      R15C2C.F0 to       56.PADDO Ya_c[5]
DOPAD_DEL   ---     3.448       56.PADDO to         56.PAD Ya[5]
                  --------
                   11.092   (47.9% logic, 52.1% route), 3 logic levels.

Report:   11.073ns delay Aa[4] to Ya[4]

   Name    Fanout   Delay (ns)          Site               Resource
PADI_DEL    ---     1.372         10.PAD to       10.PADDI Aa[4]
ROUTE         1     2.398       10.PADDI to      R15C2D.C0 Aa_c[4]
CTOF_DEL    ---     0.495      R15C2D.C0 to      R15C2D.F0 SLICE_4
ROUTE         1     3.360      R15C2D.F0 to       54.PADDO Ya_c[4]
DOPAD_DEL   ---     3.448       54.PADDO to         54.PAD Ya[4]
                  --------
                   11.073   (48.0% logic, 52.0% route), 3 logic levels.

Report:   10.961ns delay Aa[3] to Ya[3]

   Name    Fanout   Delay (ns)          Site               Resource
PADI_DEL    ---     1.372         11.PAD to       11.PADDI Aa[3]
ROUTE         1     2.760       11.PADDI to      R9C15D.D0 Aa_c[3]
CTOF_DEL    ---     0.495      R9C15D.D0 to      R9C15D.F0 SLICE_5
ROUTE         1     2.886      R9C15D.F0 to       55.PADDO Ya_c[3]
DOPAD_DEL   ---     3.448       55.PADDO to         55.PAD Ya[3]
                  --------
                   10.961   (48.5% logic, 51.5% route), 3 logic levels.

Report:   10.951ns delay Aa[0] to Ya[0]

   Name    Fanout   Delay (ns)          Site               Resource
PADI_DEL    ---     1.372         14.PAD to       14.PADDI Aa[0]
ROUTE         1     2.420       14.PADDI to      R17C2A.A0 Aa_c[0]
CTOF_DEL    ---     0.495      R17C2A.A0 to      R17C2A.F0 SLICE_0
ROUTE         1     3.216      R17C2A.F0 to       48.PADDO Ya_c[0]
DOPAD_DEL   ---     3.448       48.PADDO to         48.PAD Ya[0]
                  --------
                   10.951   (48.5% logic, 51.5% route), 3 logic levels.

Report:   10.946ns delay Ba[3] to Ya[3]

   Name    Fanout   Delay (ns)          Site               Resource
PADI_DEL    ---     1.372        132.PAD to      132.PADDI Ba[3]
ROUTE         1     2.745      132.PADDI to      R9C15D.B0 Ba_c[3]
CTOF_DEL    ---     0.495      R9C15D.B0 to      R9C15D.F0 SLICE_5
ROUTE         1     2.886      R9C15D.F0 to       55.PADDO Ya_c[3]
DOPAD_DEL   ---     3.448       55.PADDO to         55.PAD Ya[3]
                  --------
                   10.946   (48.6% logic, 51.4% route), 3 logic levels.

Report:   10.646ns delay Aa[2] to Ya[2]

   Name    Fanout   Delay (ns)          Site               Resource
PADI_DEL    ---     1.372         12.PAD to       12.PADDI Aa[2]
ROUTE         1     2.454       12.PADDI to      R9C15C.C0 Aa_c[2]
CTOF_DEL    ---     0.495      R9C15C.C0 to      R9C15C.F0 SLICE_6
ROUTE         1     2.877      R9C15C.F0 to       52.PADDO Ya_c[2]
DOPAD_DEL   ---     3.448       52.PADDO to         52.PAD Ya[2]
                  --------
                   10.646   (49.9% logic, 50.1% route), 3 logic levels.

Report:   12.764ns is the maximum delay for this preference.


================================================================================
Preference: Default net enumeration
            24 items scored, 0 timing errors detected.
--------------------------------------------------------------------------------

Report:    4.738ns maximum delay on Ya_c[7]

           Delays             Connection(s)
           4.738ns        R12C2A.F0 to 59.PADDO        

Report:    3.884ns maximum delay on Ya_c[6]

           Delays             Connection(s)
           3.884ns        R12C2D.F0 to 57.PADDO        

Report:    3.791ns maximum delay on Ya_c[5]

           Delays             Connection(s)
           3.791ns        R15C2C.F0 to 56.PADDO        

Report:    3.360ns maximum delay on Ya_c[4]

           Delays             Connection(s)
           3.360ns        R15C2D.F0 to 54.PADDO        

Report:    3.216ns maximum delay on Ya_c[0]

           Delays             Connection(s)
           3.216ns        R17C2A.F0 to 48.PADDO        

Report:    2.886ns maximum delay on Ya_c[3]

           Delays             Connection(s)
           2.886ns        R9C15D.F0 to 55.PADDO        

Report:    2.877ns maximum delay on Ya_c[2]

           Delays             Connection(s)
           2.877ns        R9C15C.F0 to 52.PADDO        

Report:    2.861ns maximum delay on Ya_c[1]

           Delays             Connection(s)
           2.861ns        R17C2D.F0 to 50.PADDO        

Report:    2.760ns maximum delay on Aa_c[3]

           Delays             Connection(s)
           2.760ns         11.PADDI to R9C15D.D0       

Report:    2.745ns maximum delay on Ba_c[3]

           Delays             Connection(s)
           2.745ns        132.PADDI to R9C15D.B0       

Report:    4.738ns is the maximum delay for this preference.

Report Summary
--------------
----------------------------------------------------------------------------
Preference                              |   Constraint|       Actual|Levels
----------------------------------------------------------------------------
                                        |             |             |
Default path enumeration                |     0.000 ns|    12.764 ns|   0  
                                        |             |             |
Default net enumeration                 |     0.000 ns|     4.738 ns|   0  
                                        |             |             |
----------------------------------------------------------------------------


All preferences were met.


Clock Domains Analysis
------------------------

Found 0 clocks:


Timing summary (Setup):
---------------

Timing errors: 0  Score: 0
Cumulative negative slack: 0

Constraints cover 16 paths, 24 nets, and 24 connections (100.00% coverage)

--------------------------------------------------------------------------------

