Running in Lattice mode

Starting:    C:\lscc\diamond\3.11_x64\synpbase\bin64\mbin\synbatch.exe
Install:     C:\lscc\diamond\3.11_x64\synpbase
Hostname:    DESKTOP-56RQHKQ
Date:        Tue Sep 24 09:38:35 2019
Version:     N-2018.03L-SP1-1

Arguments:   -product synplify_pro -batch key00_key0_synplify.tcl
ProductType: synplify_pro




log file: "C:\Users\martin\Desktop\Arqui3cm2\PrimerParcial\project3CM2\key00\key0\key00_key0.srr"
Running: hdl_info_gen in foreground

Generating HDL info...
Copied C:\Users\martin\Desktop\Arqui3cm2\PrimerParcial\project3CM2\key00\key0\key00_key0.srr to C:\Users\martin\Desktop\Arqui3cm2\PrimerParcial\project3CM2\key00\key0\key00_key0.srf

hdl_info_gen completed
# Tue Sep 24 09:38:36 2019

Return Code: 0
Run Time:00h:00m:00s
log file: "C:\Users\martin\Desktop\Arqui3cm2\PrimerParcial\project3CM2\key00\key0\key00_key0.srr"
Running: key0 in foreground

Running proj_1|key0

Running Flow: compile (Compile) on proj_1|key0
# Tue Sep 24 09:38:37 2019

Running Flow: compile_flow (Compile Process) on proj_1|key0
# Tue Sep 24 09:38:37 2019

Running: compiler (Compile Input) on proj_1|key0
# Tue Sep 24 09:38:37 2019
Copied C:\Users\martin\Desktop\Arqui3cm2\PrimerParcial\project3CM2\key00\key0\synwork\key00_key0_comp.srs to C:\Users\martin\Desktop\Arqui3cm2\PrimerParcial\project3CM2\key00\key0\key00_key0.srs

compiler completed
# Tue Sep 24 09:38:39 2019

Return Code: 0
Run Time:00h:00m:02s

Running: multi_srs_gen (Multi-srs Generator) on proj_1|key0
# Tue Sep 24 09:38:39 2019

multi_srs_gen completed
# Tue Sep 24 09:38:39 2019

Return Code: 0
Run Time:00h:00m:00s
Copied C:\Users\martin\Desktop\Arqui3cm2\PrimerParcial\project3CM2\key00\key0\synwork\key00_key0_mult.srs to C:\Users\martin\Desktop\Arqui3cm2\PrimerParcial\project3CM2\key00\key0\key00_key0.srs
Copied C:\Users\martin\Desktop\Arqui3cm2\PrimerParcial\project3CM2\key00\key0\key00_key0.srr to C:\Users\martin\Desktop\Arqui3cm2\PrimerParcial\project3CM2\key00\key0\key00_key0.srf
Complete: Compile Process on proj_1|key0

Running: premap (Premap) on proj_1|key0
# Tue Sep 24 09:38:39 2019

premap completed with warnings
# Tue Sep 24 09:38:41 2019

Return Code: 1
Run Time:00h:00m:02s
Complete: Compile on proj_1|key0

Running Flow: map (Map) on proj_1|key0
# Tue Sep 24 09:38:41 2019
License granted for 4 parallel jobs

Running: fpga_mapper (Map & Optimize) on proj_1|key0
# Tue Sep 24 09:38:41 2019
Copied C:\Users\martin\Desktop\Arqui3cm2\PrimerParcial\project3CM2\key00\key0\synwork\key00_key0_m.srm to C:\Users\martin\Desktop\Arqui3cm2\PrimerParcial\project3CM2\key00\key0\key00_key0.srm

fpga_mapper completed with warnings
# Tue Sep 24 09:38:44 2019

Return Code: 1
Run Time:00h:00m:03s
Complete: Map on proj_1|key0
Copied C:\Users\martin\Desktop\Arqui3cm2\PrimerParcial\project3CM2\key00\key0\key00_key0.srr to C:\Users\martin\Desktop\Arqui3cm2\PrimerParcial\project3CM2\key00\key0\key00_key0.srf
Complete: Logic Synthesis on proj_1|key0
TCL script complete: "key00_key0_synplify.tcl"
exit status=0
exit status=0
Save changes for project:
C:\Users\martin\Desktop\Arqui3cm2\PrimerParcial\project3CM2\key00\key0\proj_1.prj
batch mode default:no
