
synpwrap -msg -prj "key00_key0_synplify.tcl" -log "key00_key0.srf"
Copyright (C) 1992-2019 Lattice Semiconductor Corporation. All rights reserved.
Lattice Diamond Version 3.11.0.396.4
    <postMsg mid="2011000" type="Info"    dynamic="0" navigation="0"  />

==contents of key00_key0.srf
#Build: Synplify Pro (R) N-2018.03L-SP1-1, Build 443R, Apr  1 2019
#install: C:\lscc\diamond\3.11_x64\synpbase
#OS: Windows 8 6.2
#Hostname: DESKTOP-56RQHKQ

# Thu Sep 19 11:16:27 2019

#Implementation: key0


Copyright (C) 1994-2018 Synopsys, Inc.
This Synopsys software and all associated documentation are proprietary to Synopsys, Inc.
and may only be used pursuant to the terms and conditions of a written license agreement
with Synopsys, Inc. All other use, reproduction, modification, or distribution of the
Synopsys software or the associated documentation is strictly prohibited.
Tool: Synplify Pro (R)
Build: N-2018.03L-SP1-1
Install: C:\lscc\diamond\3.11_x64\synpbase
OS: Windows 6.2

Hostname: DESKTOP-56RQHKQ

Implementation : key0
Synopsys HDL Compiler, Version comp2018q2p1, Build 461R, Built Apr  1 2019 09:17:43

@N|Running in 64-bit mode

Copyright (C) 1994-2018 Synopsys, Inc.
This Synopsys software and all associated documentation are proprietary to Synopsys, Inc.
and may only be used pursuant to the terms and conditions of a written license agreement
with Synopsys, Inc. All other use, reproduction, modification, or distribution of the
Synopsys software or the associated documentation is strictly prohibited.
Tool: Synplify Pro (R)
Build: N-2018.03L-SP1-1
Install: C:\lscc\diamond\3.11_x64\synpbase
OS: Windows 6.2

Hostname: DESKTOP-56RQHKQ

Implementation : key0
Synopsys VHDL Compiler, Version comp2018q2p1, Build 461R, Built Apr  1 2019 09:17:43

@N|Running in 64-bit mode
@N:"C:\Users\martin\Desktop\Arqui3cm2\PrimerParcial\project3CM2\key00\topkey00.vhdl":6:7:6:14|Top entity is set to topkey00.
VHDL syntax check successful!
@N: CD630 :"C:\Users\martin\Desktop\Arqui3cm2\PrimerParcial\project3CM2\key00\topkey00.vhdl":6:7:6:14|Synthesizing work.topkey00.topkey0.
@N: CD630 :"C:\Users\martin\Desktop\Arqui3cm2\PrimerParcial\project3CM2\key00\coder00.vhdl":8:7:8:13|Synthesizing work.coder00.coder0.
@W: CG296 :"C:\Users\martin\Desktop\Arqui3cm2\PrimerParcial\project3CM2\key00\coder00.vhdl":17:9:17:15|Incomplete sensitivity list; assuming completeness. Make sure all referenced variables in message CG290 are included in the sensitivity list.
@W: CG290 :"C:\Users\martin\Desktop\Arqui3cm2\PrimerParcial\project3CM2\key00\coder00.vhdl":22:9:22:14|Referenced variable inkeyc is not in sensitivity list.
Post processing for work.coder00.coder0
Running optimization stage 1 on coder00 .......
@A: CL109 :"C:\Users\martin\Desktop\Arqui3cm2\PrimerParcial\project3CM2\key00\coder00.vhdl":20:2:20:5|Too many clocks (> 8) for set/reset analysis of aux, try moving enabling expressions outside process
@W: CL117 :"C:\Users\martin\Desktop\Arqui3cm2\PrimerParcial\project3CM2\key00\coder00.vhdl":20:2:20:5|Latch generated from process for signal aux; possible missing assignment in an if or case statement.
@A: CL109 :"C:\Users\martin\Desktop\Arqui3cm2\PrimerParcial\project3CM2\key00\coder00.vhdl":20:2:20:5|Too many clocks (> 8) for set/reset analysis of outcoderc, try moving enabling expressions outside process
@W: CL117 :"C:\Users\martin\Desktop\Arqui3cm2\PrimerParcial\project3CM2\key00\coder00.vhdl":20:2:20:5|Latch generated from process for signal outcoderc(6 downto 0); possible missing assignment in an if or case statement.
@N: CD630 :"C:\Users\martin\Desktop\Arqui3cm2\PrimerParcial\project3CM2\key00\contring00.vhdl":7:7:7:16|Synthesizing work.contring00.contring0.
Post processing for work.contring00.contring0
Running optimization stage 1 on contring00 .......
@W: CL279 :"C:\Users\martin\Desktop\Arqui3cm2\PrimerParcial\project3CM2\key00\contring00.vhdl":19:2:19:3|Pruning register bits 2 to 0 of sring(3 downto 0). If this is not the intended behavior, drive the inputs with valid values, or inputs from the top level.
@N: CD630 :"C:\Users\martin\Desktop\Arqui3cm2\PrimerParcial\project3CM2\div00VHDL\topdiv00.vhdl":7:7:7:14|Synthesizing work.topdiv00.topdiv0.
@N: CD630 :"C:\Users\martin\Desktop\Arqui3cm2\PrimerParcial\project3CM2\div00VHDL\div00.vhdl":8:7:8:11|Synthesizing work.div00.div0.
@N: CD364 :"C:\Users\martin\Desktop\Arqui3cm2\PrimerParcial\project3CM2\div00VHDL\div00.vhdl":28:6:28:11|Removing redundant assignment.
@N: CD364 :"C:\Users\martin\Desktop\Arqui3cm2\PrimerParcial\project3CM2\div00VHDL\div00.vhdl":36:6:36:11|Removing redundant assignment.
@N: CD364 :"C:\Users\martin\Desktop\Arqui3cm2\PrimerParcial\project3CM2\div00VHDL\div00.vhdl":44:6:44:11|Removing redundant assignment.
@N: CD364 :"C:\Users\martin\Desktop\Arqui3cm2\PrimerParcial\project3CM2\div00VHDL\div00.vhdl":52:6:52:11|Removing redundant assignment.
@N: CD364 :"C:\Users\martin\Desktop\Arqui3cm2\PrimerParcial\project3CM2\div00VHDL\div00.vhdl":60:6:60:11|Removing redundant assignment.
@N: CD364 :"C:\Users\martin\Desktop\Arqui3cm2\PrimerParcial\project3CM2\div00VHDL\div00.vhdl":68:6:68:11|Removing redundant assignment.
@N: CD364 :"C:\Users\martin\Desktop\Arqui3cm2\PrimerParcial\project3CM2\div00VHDL\div00.vhdl":76:6:76:11|Removing redundant assignment.
@N: CD364 :"C:\Users\martin\Desktop\Arqui3cm2\PrimerParcial\project3CM2\div00VHDL\div00.vhdl":84:6:84:11|Removing redundant assignment.
@N: CD364 :"C:\Users\martin\Desktop\Arqui3cm2\PrimerParcial\project3CM2\div00VHDL\div00.vhdl":92:6:92:11|Removing redundant assignment.
Post processing for work.div00.div0
Running optimization stage 1 on div00 .......
@N: CD630 :"C:\Users\martin\Desktop\Arqui3cm2\PrimerParcial\project3CM2\div00VHDL\osc00.vhdl":6:7:6:11|Synthesizing work.osc00.osc0.
@W: CD276 :"C:\lscc\diamond\3.11_x64\cae_library\synthesis\vhdl\machxo2.vhd":2297:8:2297:15|Map for port sedstdby of component osch not found
@N: CD630 :"C:\lscc\diamond\3.11_x64\cae_library\synthesis\vhdl\machxo2.vhd":2291:10:2291:13|Synthesizing work.osch.syn_black_box.
Post processing for work.osch.syn_black_box
Running optimization stage 1 on OSCH .......
Post processing for work.osc00.osc0
Running optimization stage 1 on osc00 .......
Post processing for work.topdiv00.topdiv0
Running optimization stage 1 on topdiv00 .......
Post processing for work.topkey00.topkey0
Running optimization stage 1 on topkey00 .......
Running optimization stage 2 on OSCH .......
Running optimization stage 2 on osc00 .......
Running optimization stage 2 on div00 .......
Running optimization stage 2 on topdiv00 .......
Running optimization stage 2 on contring00 .......
Running optimization stage 2 on coder00 .......
Running optimization stage 2 on topkey00 .......

For a summary of runtime and memory usage per design unit, please see file:
==========================================================
@L: C:\Users\martin\Desktop\Arqui3cm2\PrimerParcial\project3CM2\key00\key0\synwork\layer0.rt.csv


At c_vhdl Exit (Real Time elapsed 0h:00m:00s; CPU Time elapsed 0h:00m:00s; Memory used current: 76MB peak: 79MB)

Process took 0h:00m:01s realtime, 0h:00m:01s cputime

Process completed successfully.
# Thu Sep 19 11:16:29 2019

###########################################################]

Copyright (C) 1994-2018 Synopsys, Inc.
This Synopsys software and all associated documentation are proprietary to Synopsys, Inc.
and may only be used pursuant to the terms and conditions of a written license agreement
with Synopsys, Inc. All other use, reproduction, modification, or distribution of the
Synopsys software or the associated documentation is strictly prohibited.
Tool: Synplify Pro (R)
Build: N-2018.03L-SP1-1
Install: C:\lscc\diamond\3.11_x64\synpbase
OS: Windows 6.2

Hostname: DESKTOP-56RQHKQ

Implementation : key0
Synopsys Synopsys Netlist Linker, Version comp2018q2p1, Build 461R, Built Apr  1 2019 09:17:43

@N|Running in 64-bit mode

At syn_nfilter Exit (Real Time elapsed 0h:00m:00s; CPU Time elapsed 0h:00m:00s; Memory used current: 67MB peak: 68MB)

Process took 0h:00m:01s realtime, 0h:00m:01s cputime

Process completed successfully.
# Thu Sep 19 11:16:29 2019

###########################################################]

For a summary of runtime and memory usage for all design units, please see file:
==========================================================
@L: C:\Users\martin\Desktop\Arqui3cm2\PrimerParcial\project3CM2\key00\key0\synwork\key00_key0_comp.rt.csv

@END

At c_hdl Exit (Real Time elapsed 0h:00m:01s; CPU Time elapsed 0h:00m:00s; Memory used current: 3MB peak: 4MB)

Process took 0h:00m:01s realtime, 0h:00m:01s cputime

Process completed successfully.
# Thu Sep 19 11:16:29 2019

###########################################################]

Copyright (C) 1994-2018 Synopsys, Inc.
This Synopsys software and all associated documentation are proprietary to Synopsys, Inc.
and may only be used pursuant to the terms and conditions of a written license agreement
with Synopsys, Inc. All other use, reproduction, modification, or distribution of the
Synopsys software or the associated documentation is strictly prohibited.
Tool: Synplify Pro (R)
Build: N-2018.03L-SP1-1
Install: C:\lscc\diamond\3.11_x64\synpbase
OS: Windows 6.2

Hostname: DESKTOP-56RQHKQ

Database state : C:\Users\martin\Desktop\Arqui3cm2\PrimerParcial\project3CM2\key00\key0\synwork\|key0
Synopsys Synopsys Netlist Linker, Version comp2018q2p1, Build 461R, Built Apr  1 2019 09:17:43

@N|Running in 64-bit mode

At syn_nfilter Exit (Real Time elapsed 0h:00m:00s; CPU Time elapsed 0h:00m:00s; Memory used current: 67MB peak: 68MB)

Process took 0h:00m:01s realtime, 0h:00m:01s cputime

Process completed successfully.
# Thu Sep 19 11:16:31 2019

###########################################################]
Premap Report

# Thu Sep 19 11:16:31 2019


Copyright (C) 1994-2018 Synopsys, Inc.
This Synopsys software and all associated documentation are proprietary to Synopsys, Inc.
and may only be used pursuant to the terms and conditions of a written license agreement
with Synopsys, Inc. All other use, reproduction, modification, or distribution of the
Synopsys software or the associated documentation is strictly prohibited.
Tool: Synplify Pro (R)
Build: N-2018.03L-SP1-1
Install: C:\lscc\diamond\3.11_x64\synpbase
OS: Windows 6.2

Hostname: DESKTOP-56RQHKQ

Implementation : key0
Synopsys Lattice Technology Pre-mapping, Version maplat2018q2p1, Build 055R, Built Apr  3 2019 09:51:54


Mapper Startup Complete (Real Time elapsed 0h:00m:00s; CPU Time elapsed 0h:00m:00s; Memory used current: 99MB peak: 100MB)

@A: MF827 |No constraint file specified.
@N: MF284 |Setting synthesis effort to medium for the design
@L: C:\Users\martin\Desktop\Arqui3cm2\PrimerParcial\project3CM2\key00\key0\key00_key0_scck.rpt 
Printing clock  summary report in "C:\Users\martin\Desktop\Arqui3cm2\PrimerParcial\project3CM2\key00\key0\key00_key0_scck.rpt" file 
@N: MF916 |Option synthesis_strategy=base is enabled. 
@N: MF248 |Running in 64-bit mode.
@N: MF666 |Clock conversion enabled. (Command "set_option -fix_gated_and_generated_clocks 1" in the project file.)

Design Input Complete (Real Time elapsed 0h:00m:00s; CPU Time elapsed 0h:00m:00s; Memory used current: 99MB peak: 102MB)


Mapper Initialization Complete (Real Time elapsed 0h:00m:00s; CPU Time elapsed 0h:00m:00s; Memory used current: 99MB peak: 102MB)


Start loading timing files (Real Time elapsed 0h:00m:01s; CPU Time elapsed 0h:00m:00s; Memory used current: 112MB peak: 112MB)


Finished loading timing files (Real Time elapsed 0h:00m:01s; CPU Time elapsed 0h:00m:00s; Memory used current: 112MB peak: 114MB)

@N: MF284 |Setting synthesis effort to medium for the design
@W: FX474 |User-specified initial value defined for some sequential elements which can prevent optimum synthesis results from being achieved. 
@N: MH105 |UMR3 is only supported for HAPS-80.
@N: MH105 |UMR3 is only supported for HAPS-80.
syn_allowed_resources : blockrams=26  set on top level netlist topkey00

Finished netlist restructuring (Real Time elapsed 0h:00m:01s; CPU Time elapsed 0h:00m:00s; Memory used current: 140MB peak: 142MB)



Clock Summary
******************

          Start                            Requested     Requested     Clock                                           Clock                   Clock
Level     Clock                            Frequency     Period        Type                                            Group                   Load 
----------------------------------------------------------------------------------------------------------------------------------------------------
0 -       System                           100.0 MHz     10.000        system                                          system_clkgroup         8    
                                                                                                                                                    
0 -       osc00|osc_int_inferred_clock     2.1 MHz       480.769       inferred                                        Inferred_clkgroup_0     23   
1 .         div00|oscout_derived_clock     2.1 MHz       480.769       derived (from osc00|osc_int_inferred_clock)     Inferred_clkgroup_0     5    
====================================================================================================================================================



Clock Load Summary
***********************

                                 Clock     Source                         Clock Pin            Non-clock Pin     Non-clock Pin
Clock                            Load      Pin                            Seq Example          Seq Example       Comb Example 
------------------------------------------------------------------------------------------------------------------------------
System                           8         -                              K02.aux.C            -                 -            
                                                                                                                              
osc00|osc_int_inferred_clock     23        K00.D00.OSCInst0.OSC(OSCH)     K00.D01.oscout.C     -                 -            
div00|oscout_derived_clock       5         K00.D01.oscout.Q[0](dffe)      K01.outr[3:0].C      -                 -            
==============================================================================================================================

@W: MT531 :"c:\users\martin\desktop\arqui3cm2\primerparcial\project3cm2\key00\coder00.vhdl":20:2:20:5|Found signal identified as System clock which controls 8 sequential elements including K02.outcoderc[6].  Using this clock, which has no specified timing constraint, can prevent conversion of gated or generated clocks and can adversely impact design performance. 
@W: MT529 :"c:\users\martin\desktop\arqui3cm2\primerparcial\project3cm2\div00vhdl\div00.vhdl":20:2:20:3|Found inferred clock osc00|osc_int_inferred_clock which controls 23 sequential elements including K00.D01.sdiv[21:0]. This clock has no specified timing constraint which may prevent conversion of gated or generated clocks and may adversely impact design performance. 

ICG Latch Removal Summary:
Number of ICG latches removed: 0
Number of ICG latches not removed:	0


@S |Clock Optimization Summary



#### START OF PREMAP CLOCK OPTIMIZATION REPORT #####[

0 non-gated/non-generated clock tree(s) driving 0 clock pin(s) of sequential element(s)
4 gated/generated clock tree(s) driving 36 clock pin(s) of sequential element(s)
0 instances converted, 36 sequential instances remain driven by gated/generated clocks

================================================================= Gated/Generated Clocks =================================================================
Clock Tree ID     Driving Element          Drive Element Type     Unconverted Fanout     Sample Instance        Explanation                               
----------------------------------------------------------------------------------------------------------------------------------------------------------
@KP:ckid0_0       K02.aux_0_sqmuxa.OUT     and                    7                      K02.outcoderc[6]       Clock source is invalid for GCC           
@KP:ckid0_1       K02.un1_aux88.OUT        or                     1                      K02.aux                Clock source is invalid for GCC           
@KP:ckid0_2       K00.D01.oscout.Q[0]      dffe                   5                      K01.sring[3]           Derived clock on input (not legal for GCC)
@KP:ckid0_4       K00.D00.OSCInst0.OSC     OSCH                   23                     K00.D01.sdiv[21:0]     Black box on clock path                   
==========================================================================================================================================================


##### END OF CLOCK OPTIMIZATION REPORT ######

@N: FX1143 |Skipping assigning INTERNAL_VREF to iobanks, because the table of mapping from pin to iobank is not initialized.
Finished Pre Mapping Phase.

Starting constraint checker (Real Time elapsed 0h:00m:01s; CPU Time elapsed 0h:00m:00s; Memory used current: 140MB peak: 142MB)


Finished constraint checker preprocessing (Real Time elapsed 0h:00m:01s; CPU Time elapsed 0h:00m:00s; Memory used current: 140MB peak: 142MB)

None
None

Finished constraint checker (Real Time elapsed 0h:00m:02s; CPU Time elapsed 0h:00m:00s; Memory used current: 140MB peak: 142MB)

Pre-mapping successful!

At Mapper Exit (Real Time elapsed 0h:00m:02s; CPU Time elapsed 0h:00m:00s; Memory used current: 56MB peak: 142MB)

Process took 0h:00m:02s realtime, 0h:00m:01s cputime
# Thu Sep 19 11:16:34 2019

###########################################################]
Map & Optimize Report

# Thu Sep 19 11:16:34 2019


Copyright (C) 1994-2018 Synopsys, Inc.
This Synopsys software and all associated documentation are proprietary to Synopsys, Inc.
and may only be used pursuant to the terms and conditions of a written license agreement
with Synopsys, Inc. All other use, reproduction, modification, or distribution of the
Synopsys software or the associated documentation is strictly prohibited.
Tool: Synplify Pro (R)
Build: N-2018.03L-SP1-1
Install: C:\lscc\diamond\3.11_x64\synpbase
OS: Windows 6.2

Hostname: DESKTOP-56RQHKQ

Implementation : key0
Synopsys Lattice Technology Mapper, Version maplat2018q2p1, Build 055R, Built Apr  3 2019 09:51:54


Mapper Startup Complete (Real Time elapsed 0h:00m:00s; CPU Time elapsed 0h:00m:00s; Memory used current: 99MB peak: 99MB)

@N: MF284 |Setting synthesis effort to medium for the design
@N: MF916 |Option synthesis_strategy=base is enabled. 
@N: MF248 |Running in 64-bit mode.
@N: MF666 |Clock conversion enabled. (Command "set_option -fix_gated_and_generated_clocks 1" in the project file.)

Design Input Complete (Real Time elapsed 0h:00m:00s; CPU Time elapsed 0h:00m:00s; Memory used current: 98MB peak: 100MB)


Mapper Initialization Complete (Real Time elapsed 0h:00m:00s; CPU Time elapsed 0h:00m:00s; Memory used current: 98MB peak: 100MB)


Start loading timing files (Real Time elapsed 0h:00m:00s; CPU Time elapsed 0h:00m:00s; Memory used current: 111MB peak: 112MB)


Finished loading timing files (Real Time elapsed 0h:00m:00s; CPU Time elapsed 0h:00m:00s; Memory used current: 111MB peak: 114MB)

@N: MF284 |Setting synthesis effort to medium for the design


Starting Optimization and Mapping (Real Time elapsed 0h:00m:00s; CPU Time elapsed 0h:00m:00s; Memory used current: 139MB peak: 142MB)


Available hyper_sources - for debug and ip models
	None Found


Finished RTL optimizations (Real Time elapsed 0h:00m:00s; CPU Time elapsed 0h:00m:00s; Memory used current: 139MB peak: 142MB)


Starting factoring (Real Time elapsed 0h:00m:00s; CPU Time elapsed 0h:00m:00s; Memory used current: 139MB peak: 142MB)


Finished factoring (Real Time elapsed 0h:00m:00s; CPU Time elapsed 0h:00m:00s; Memory used current: 141MB peak: 142MB)


Finished generic timing optimizations - Pass 1 (Real Time elapsed 0h:00m:00s; CPU Time elapsed 0h:00m:00s; Memory used current: 142MB peak: 142MB)


Starting Early Timing Optimization (Real Time elapsed 0h:00m:00s; CPU Time elapsed 0h:00m:00s; Memory used current: 142MB peak: 143MB)


Finished Early Timing Optimization (Real Time elapsed 0h:00m:00s; CPU Time elapsed 0h:00m:00s; Memory used current: 142MB peak: 143MB)


Finished generic timing optimizations - Pass 2 (Real Time elapsed 0h:00m:00s; CPU Time elapsed 0h:00m:00s; Memory used current: 142MB peak: 143MB)


Finished preparing to map (Real Time elapsed 0h:00m:00s; CPU Time elapsed 0h:00m:00s; Memory used current: 142MB peak: 143MB)


Finished technology mapping (Real Time elapsed 0h:00m:00s; CPU Time elapsed 0h:00m:00s; Memory used current: 145MB peak: 147MB)

Pass		 CPU time		Worst Slack		Luts / Registers
------------------------------------------------------------
   1		0h:00m:00s		     8.74ns		  65 /        28

Finished technology timing optimizations and critical path resynthesis (Real Time elapsed 0h:00m:00s; CPU Time elapsed 0h:00m:00s; Memory used current: 145MB peak: 147MB)

@W: FX474 |User-specified initial value defined for some sequential elements which can prevent optimum synthesis results from being achieved. 
@N: FX164 |The option to pack registers in the IOB has not been specified. Please set syn_useioff attribute.  

Finished restoring hierarchy (Real Time elapsed 0h:00m:00s; CPU Time elapsed 0h:00m:00s; Memory used current: 145MB peak: 147MB)


Start Writing Netlists (Real Time elapsed 0h:00m:00s; CPU Time elapsed 0h:00m:00s; Memory used current: 110MB peak: 147MB)

Writing Analyst data base C:\Users\martin\Desktop\Arqui3cm2\PrimerParcial\project3CM2\key00\key0\synwork\key00_key0_m.srm

Finished Writing Netlist Databases (Real Time elapsed 0h:00m:01s; CPU Time elapsed 0h:00m:01s; Memory used current: 144MB peak: 147MB)

Writing EDIF Netlist and constraint files
@N: FX1056 |Writing EDF file: C:\Users\martin\Desktop\Arqui3cm2\PrimerParcial\project3CM2\key00\key0\key00_key0.edi
N-2018.03L-SP1-1
@N: BW106 |Synplicity Constraint File capacitance units using default value of 1pF 

Finished Writing EDIF Netlist and constraint files (Real Time elapsed 0h:00m:01s; CPU Time elapsed 0h:00m:01s; Memory used current: 148MB peak: 150MB)


Start final timing analysis (Real Time elapsed 0h:00m:01s; CPU Time elapsed 0h:00m:01s; Memory used current: 149MB peak: 150MB)

@W: MT420 |Found inferred clock osc00|osc_int_inferred_clock with period 480.77ns. Please declare a user-defined clock on net K00.D00.sclk.
@N: MT615 |Found clock div00|oscout_derived_clock with period 480.77ns 


##### START OF TIMING REPORT #####[
# Timing Report written on Thu Sep 19 11:16:36 2019
#


Top view:               topkey00
Requested Frequency:    2.1 MHz
Wire load mode:         top
Paths requested:        5
Constraint File(s):    
@N: MT320 |This timing report is an estimate of place and route data. For final timing results, use the FPGA vendor place and route report.

@N: MT322 |Clock constraints include only register-to-register paths associated with each individual clock.



Performance Summary
*******************


Worst slack in design: 7.586

                                 Requested     Estimated     Requested     Estimated                 Clock                                           Clock              
Starting Clock                   Frequency     Frequency     Period        Period        Slack       Type                                            Group              
------------------------------------------------------------------------------------------------------------------------------------------------------------------------
div00|oscout_derived_clock       2.1 MHz       981.1 MHz     480.769       1.019         959.500     derived (from osc00|osc_int_inferred_clock)     Inferred_clkgroup_0
osc00|osc_int_inferred_clock     2.1 MHz       83.2 MHz      480.769       12.020        468.750     inferred                                        Inferred_clkgroup_0
System                           100.0 MHz     414.2 MHz     10.000        2.414         7.586       system                                          system_clkgroup    
========================================================================================================================================================================





Clock Relationships
*******************

Clocks                                                      |    rise  to  rise     |    fall  to  fall   |    rise  to  fall   |    fall  to  rise 
----------------------------------------------------------------------------------------------------------------------------------------------------
Starting                      Ending                        |  constraint  slack    |  constraint  slack  |  constraint  slack  |  constraint  slack
----------------------------------------------------------------------------------------------------------------------------------------------------
System                        System                        |  10.000      7.586    |  No paths    -      |  No paths    -      |  No paths    -    
osc00|osc_int_inferred_clock  osc00|osc_int_inferred_clock  |  480.769     468.750  |  No paths    -      |  No paths    -      |  No paths    -    
div00|oscout_derived_clock    System                        |  480.769     475.985  |  No paths    -      |  No paths    -      |  No paths    -    
div00|oscout_derived_clock    div00|oscout_derived_clock    |  480.769     959.500  |  No paths    -      |  No paths    -      |  No paths    -    
====================================================================================================================================================
 Note: 'No paths' indicates there are no paths in the design for that pair of clock edges.
       'Diff grp' indicates that paths exist but the starting clock and ending clock are in different clock groups.



Interface Information 
*********************

No IO constraint found



====================================
Detailed Report for Clock: div00|oscout_derived_clock
====================================



Starting Points with Worst Slack
********************************

                 Starting                                                          Arrival            
Instance         Reference                      Type        Pin     Net            Time        Slack  
                 Clock                                                                                
------------------------------------------------------------------------------------------------------
K01.outr[1]      div00|oscout_derived_clock     FD1S3IX     Q       outr0_c[1]     1.236       475.985
K01.outr[0]      div00|oscout_derived_clock     FD1S3IX     Q       outr0_c[0]     1.220       476.001
K01.outr[3]      div00|oscout_derived_clock     FD1S3IX     Q       outr0_c[3]     1.228       476.580
K01.outr[2]      div00|oscout_derived_clock     FD1S3IX     Q       outr0_c[2]     1.256       477.054
K01.sring[3]     div00|oscout_derived_clock     FD1S3JX     Q       sring[3]       0.972       960.461
======================================================================================================


Ending Points with Worst Slack
******************************

                     Starting                                                              Required            
Instance             Reference                      Type        Pin     Net                Time         Slack  
                     Clock                                                                                     
---------------------------------------------------------------------------------------------------------------
K02.aux              div00|oscout_derived_clock     FD1S1A      D       aux_0_sqmuxa       480.664      475.985
K02.outcoderc[1]     div00|oscout_derived_clock     FD1S1AY     D       outcoderc_1[1]     480.858      476.580
K02.outcoderc[2]     div00|oscout_derived_clock     FD1S1AY     D       N_13_i             480.858      476.588
K02.outcoderc[6]     div00|oscout_derived_clock     FD1S1AY     D       outcoderc_1[6]     480.858      477.517
K02.outcoderc[3]     div00|oscout_derived_clock     FD1S1AY     D       N_15_i             480.858      477.569
K02.outcoderc[4]     div00|oscout_derived_clock     FD1S1AY     D       outcoderc_1[4]     480.858      477.597
K02.outcoderc[0]     div00|oscout_derived_clock     FD1S1AY     D       N_27_i             480.858      478.585
K02.outcoderc[5]     div00|oscout_derived_clock     FD1S1AY     D       N_18_i             480.858      478.585
K01.sring[3]         div00|oscout_derived_clock     FD1S3JX     PD      outr0_c[1]         960.736      959.500
K01.outr[1]          div00|oscout_derived_clock     FD1S3IX     D       outr0_c[2]         961.433      960.177
===============================================================================================================



Worst Path Information
***********************


Path information for path number 1: 
      Requested Period:                      480.769
    - Setup time:                            0.106
    + Clock delay at ending point:           0.000 (ideal)
    + Estimated clock delay at ending point: 0.000
    = Required time:                         480.664

    - Propagation time:                      4.678
    - Clock delay at starting point:         0.000 (ideal)
    = Slack (non-critical) :                 475.985

    Number of logic level(s):                3
    Starting point:                          K01.outr[1] / Q
    Ending point:                            K02.aux / D
    The start point is clocked by            div00|oscout_derived_clock [rising] on pin CK
    The end   point is clocked by            System [rising] on pin CK

Instance / Net                                     Pin      Pin               Arrival     No. of    
Name                                  Type         Name     Dir     Delay     Time        Fan Out(s)
----------------------------------------------------------------------------------------------------
K01.outr[1]                           FD1S3IX      Q        Out     1.236     1.236       -         
outr0_c[1]                            Net          -        -       -         -           11        
K02.outcoderc_1_0_0_o2[6]             ORCALUT4     B        In      0.000     1.236       -         
K02.outcoderc_1_0_0_o2[6]             ORCALUT4     Z        Out     1.089     2.325       -         
N_14                                  Net          -        -       -         -           2         
K02.outcoderc_1_0_0_o2_RNIH0UN[6]     ORCALUT4     B        In      0.000     2.325       -         
K02.outcoderc_1_0_0_o2_RNIH0UN[6]     ORCALUT4     Z        Out     1.089     3.413       -         
N_22                                  Net          -        -       -         -           2         
K02.aux_0_sqmuxa                      ORCALUT4     D        In      0.000     3.413       -         
K02.aux_0_sqmuxa                      ORCALUT4     Z        Out     1.265     4.678       -         
aux_0_sqmuxa                          Net          -        -       -         -           8         
K02.aux                               FD1S1A       D        In      0.000     4.678       -         
====================================================================================================




====================================
Detailed Report for Clock: osc00|osc_int_inferred_clock
====================================



Starting Points with Worst Slack
********************************

                     Starting                                                          Arrival            
Instance             Reference                        Type        Pin     Net          Time        Slack  
                     Clock                                                                                
----------------------------------------------------------------------------------------------------------
K00.D01.sdiv[16]     osc00|osc_int_inferred_clock     FD1S3IX     Q       sdiv[16]     1.220       468.750
K00.D01.sdiv[18]     osc00|osc_int_inferred_clock     FD1S3IX     Q       sdiv[18]     1.188       469.622
K00.D01.sdiv[19]     osc00|osc_int_inferred_clock     FD1S3IX     Q       sdiv[19]     1.188       469.622
K00.D01.sdiv[21]     osc00|osc_int_inferred_clock     FD1S3IX     Q       sdiv[21]     1.180       469.630
K00.D01.sdiv[20]     osc00|osc_int_inferred_clock     FD1S3IX     Q       sdiv[20]     1.148       469.662
K00.D01.sdiv[17]     osc00|osc_int_inferred_clock     FD1S3IX     Q       sdiv[17]     1.220       469.766
K00.D01.sdiv[14]     osc00|osc_int_inferred_clock     FD1S3IX     Q       sdiv[14]     1.188       469.798
K00.D01.sdiv[0]      osc00|osc_int_inferred_clock     FD1S3IX     Q       sdiv[0]      1.044       469.806
K00.D01.sdiv[1]      osc00|osc_int_inferred_clock     FD1S3IX     Q       sdiv[1]      1.044       469.806
K00.D01.sdiv[2]      osc00|osc_int_inferred_clock     FD1S3IX     Q       sdiv[2]      1.044       469.806
==========================================================================================================


Ending Points with Worst Slack
******************************

                     Starting                                                              Required            
Instance             Reference                        Type        Pin     Net              Time         Slack  
                     Clock                                                                                     
---------------------------------------------------------------------------------------------------------------
K00.D01.sdiv[21]     osc00|osc_int_inferred_clock     FD1S3IX     D       un1_sdiv[22]     480.664      468.750
K00.D01.sdiv[19]     osc00|osc_int_inferred_clock     FD1S3IX     D       un1_sdiv[20]     480.664      468.892
K00.D01.sdiv[20]     osc00|osc_int_inferred_clock     FD1S3IX     D       un1_sdiv[21]     480.664      468.892
K00.D01.sdiv[17]     osc00|osc_int_inferred_clock     FD1S3IX     D       un1_sdiv[18]     480.664      469.035
K00.D01.sdiv[18]     osc00|osc_int_inferred_clock     FD1S3IX     D       un1_sdiv[19]     480.664      469.035
K00.D01.sdiv[15]     osc00|osc_int_inferred_clock     FD1S3IX     D       un1_sdiv[16]     480.664      469.178
K00.D01.sdiv[16]     osc00|osc_int_inferred_clock     FD1S3IX     D       un1_sdiv[17]     480.664      469.178
K00.D01.sdiv[13]     osc00|osc_int_inferred_clock     FD1S3IX     D       un1_sdiv[14]     480.664      469.321
K00.D01.sdiv[14]     osc00|osc_int_inferred_clock     FD1S3IX     D       un1_sdiv[15]     480.664      469.321
K00.D01.sdiv[11]     osc00|osc_int_inferred_clock     FD1S3IX     D       un1_sdiv[12]     480.664      469.464
===============================================================================================================



Worst Path Information
***********************


Path information for path number 1: 
      Requested Period:                      480.769
    - Setup time:                            0.106
    + Clock delay at ending point:           0.000 (ideal)
    = Required time:                         480.664

    - Propagation time:                      11.914
    - Clock delay at starting point:         0.000 (ideal)
    = Slack (non-critical) :                 468.749

    Number of logic level(s):                18
    Starting point:                          K00.D01.sdiv[16] / Q
    Ending point:                            K00.D01.sdiv[21] / D
    The start point is clocked by            osc00|osc_int_inferred_clock [rising] on pin CK
    The end   point is clocked by            osc00|osc_int_inferred_clock [rising] on pin CK

Instance / Net                                                     Pin      Pin               Arrival     No. of    
Name                                                  Type         Name     Dir     Delay     Time        Fan Out(s)
--------------------------------------------------------------------------------------------------------------------
K00.D01.sdiv[16]                                      FD1S3IX      Q        Out     1.220     1.220       -         
sdiv[16]                                              Net          -        -       -         -           8         
K00.D01.sdiv_RNI356B[16]                              ORCALUT4     A        In      0.000     1.220       -         
K00.D01.sdiv_RNI356B[16]                              ORCALUT4     Z        Out     1.017     2.237       -         
sdiv_RNI356B[16]                                      Net          -        -       -         -           1         
K00.D01.sdiv_RNI9DKM[14]                              ORCALUT4     C        In      0.000     2.237       -         
K00.D01.sdiv_RNI9DKM[14]                              ORCALUT4     Z        Out     1.017     3.253       -         
sdiv_RNI9DKM[14]                                      Net          -        -       -         -           1         
K00.D01.pdiv\.sdiv8lto20_i_a2_15_0_a2_1_RNI80C91      ORCALUT4     C        In      0.000     3.253       -         
K00.D01.pdiv\.sdiv8lto20_i_a2_15_0_a2_1_RNI80C91      ORCALUT4     Z        Out     1.017     4.270       -         
sdiv8lto20_i_a2_15_0_a2_1_RNI80C91                    Net          -        -       -         -           1         
K00.D01.sdiv_RNINOPC2[14]                             ORCALUT4     D        In      0.000     4.270       -         
K00.D01.sdiv_RNINOPC2[14]                             ORCALUT4     Z        Out     1.017     5.287       -         
sdiv_RNINOPC2[14]                                     Net          -        -       -         -           1         
K00.D01.pdiv\.sdiv15lto19_i_a2_18_0_a2_0_RNIM4JE8     ORCALUT4     D        In      0.000     5.287       -         
K00.D01.pdiv\.sdiv15lto19_i_a2_18_0_a2_0_RNIM4JE8     ORCALUT4     Z        Out     1.089     6.376       -         
sdiv15lto19_i_a2_18_0_a2_0_RNIM4JE8                   Net          -        -       -         -           2         
K00.D01.un1_sdiv_cry_0_0_RNO                          ORCALUT4     B        In      0.000     6.376       -         
K00.D01.un1_sdiv_cry_0_0_RNO                          ORCALUT4     Z        Out     1.017     7.393       -         
N_9_i                                                 Net          -        -       -         -           1         
K00.D01.un1_sdiv_cry_0_0                              CCU2D        B0       In      0.000     7.393       -         
K00.D01.un1_sdiv_cry_0_0                              CCU2D        COUT     Out     1.544     8.937       -         
un1_sdiv_cry_0                                        Net          -        -       -         -           1         
K00.D01.un1_sdiv_cry_1_0                              CCU2D        CIN      In      0.000     8.937       -         
K00.D01.un1_sdiv_cry_1_0                              CCU2D        COUT     Out     0.143     9.080       -         
un1_sdiv_cry_2                                        Net          -        -       -         -           1         
K00.D01.un1_sdiv_cry_3_0                              CCU2D        CIN      In      0.000     9.080       -         
K00.D01.un1_sdiv_cry_3_0                              CCU2D        COUT     Out     0.143     9.223       -         
un1_sdiv_cry_4                                        Net          -        -       -         -           1         
K00.D01.un1_sdiv_cry_5_0                              CCU2D        CIN      In      0.000     9.223       -         
K00.D01.un1_sdiv_cry_5_0                              CCU2D        COUT     Out     0.143     9.366       -         
un1_sdiv_cry_6                                        Net          -        -       -         -           1         
K00.D01.un1_sdiv_cry_7_0                              CCU2D        CIN      In      0.000     9.366       -         
K00.D01.un1_sdiv_cry_7_0                              CCU2D        COUT     Out     0.143     9.508       -         
un1_sdiv_cry_8                                        Net          -        -       -         -           1         
K00.D01.un1_sdiv_cry_9_0                              CCU2D        CIN      In      0.000     9.508       -         
K00.D01.un1_sdiv_cry_9_0                              CCU2D        COUT     Out     0.143     9.651       -         
un1_sdiv_cry_10                                       Net          -        -       -         -           1         
K00.D01.un1_sdiv_cry_11_0                             CCU2D        CIN      In      0.000     9.651       -         
K00.D01.un1_sdiv_cry_11_0                             CCU2D        COUT     Out     0.143     9.794       -         
un1_sdiv_cry_12                                       Net          -        -       -         -           1         
K00.D01.un1_sdiv_cry_13_0                             CCU2D        CIN      In      0.000     9.794       -         
K00.D01.un1_sdiv_cry_13_0                             CCU2D        COUT     Out     0.143     9.937       -         
un1_sdiv_cry_14                                       Net          -        -       -         -           1         
K00.D01.un1_sdiv_cry_15_0                             CCU2D        CIN      In      0.000     9.937       -         
K00.D01.un1_sdiv_cry_15_0                             CCU2D        COUT     Out     0.143     10.079      -         
un1_sdiv_cry_16                                       Net          -        -       -         -           1         
K00.D01.un1_sdiv_cry_17_0                             CCU2D        CIN      In      0.000     10.079      -         
K00.D01.un1_sdiv_cry_17_0                             CCU2D        COUT     Out     0.143     10.222      -         
un1_sdiv_cry_18                                       Net          -        -       -         -           1         
K00.D01.un1_sdiv_cry_19_0                             CCU2D        CIN      In      0.000     10.222      -         
K00.D01.un1_sdiv_cry_19_0                             CCU2D        COUT     Out     0.143     10.365      -         
un1_sdiv_cry_20                                       Net          -        -       -         -           1         
K00.D01.un1_sdiv_s_21_0                               CCU2D        CIN      In      0.000     10.365      -         
K00.D01.un1_sdiv_s_21_0                               CCU2D        S0       Out     1.549     11.914      -         
un1_sdiv[22]                                          Net          -        -       -         -           1         
K00.D01.sdiv[21]                                      FD1S3IX      D        In      0.000     11.914      -         
====================================================================================================================




====================================
Detailed Report for Clock: System
====================================



Starting Points with Worst Slack
********************************

             Starting                                 Arrival          
Instance     Reference     Type       Pin     Net     Time        Slack
             Clock                                                     
-----------------------------------------------------------------------
K02.aux      System        FD1S1A     Q       aux     1.044       7.586
=======================================================================


Ending Points with Worst Slack
******************************

             Starting                                          Required          
Instance     Reference     Type       Pin     Net              Time         Slack
             Clock                                                               
---------------------------------------------------------------------------------
K02.aux      System        FD1S1A     D       aux_0_sqmuxa     9.894        7.586
=================================================================================



Worst Path Information
***********************


Path information for path number 1: 
      Requested Period:                      10.000
    - Setup time:                            0.106
    + Clock delay at ending point:           0.000 (ideal)
    + Estimated clock delay at ending point: 0.000
    = Required time:                         9.894

    - Propagation time:                      2.309
    - Clock delay at starting point:         0.000 (ideal)
    - Estimated clock delay at start point:  -0.000
    = Slack (critical) :                     7.586

    Number of logic level(s):                1
    Starting point:                          K02.aux / Q
    Ending point:                            K02.aux / D
    The start point is clocked by            System [rising] on pin CK
    The end   point is clocked by            System [rising] on pin CK

Instance / Net                    Pin      Pin               Arrival     No. of    
Name                 Type         Name     Dir     Delay     Time        Fan Out(s)
-----------------------------------------------------------------------------------
K02.aux              FD1S1A       Q        Out     1.044     1.044       -         
aux                  Net          -        -       -         -           2         
K02.aux_0_sqmuxa     ORCALUT4     A        In      0.000     1.044       -         
K02.aux_0_sqmuxa     ORCALUT4     Z        Out     1.265     2.309       -         
aux_0_sqmuxa         Net          -        -       -         -           8         
K02.aux              FD1S1A       D        In      0.000     2.309       -         
===================================================================================



##### END OF TIMING REPORT #####]

Timing exceptions that could not be applied
None

Finished final timing analysis (Real Time elapsed 0h:00m:02s; CPU Time elapsed 0h:00m:01s; Memory used current: 149MB peak: 150MB)


Finished timing report (Real Time elapsed 0h:00m:02s; CPU Time elapsed 0h:00m:01s; Memory used current: 149MB peak: 150MB)

---------------------------------------
Resource Usage Report
Part: lcmxo2_7000he-5

Register bits: 28 of 6864 (0%)
Latch bits:      8
PIC Latch:       0
I/O cells:       26


Details:
CCU2D:          12
FD1S1A:         1
FD1S1AY:        7
FD1S3AX:        1
FD1S3IX:        26
FD1S3JX:        1
GSR:            1
IB:             10
INV:            1
OB:             16
ORCALUT4:       62
OSCH:           1
PUR:            1
VHI:            4
VLO:            4
false:          2
true:           2
Mapper successful!

At Mapper Exit (Real Time elapsed 0h:00m:02s; CPU Time elapsed 0h:00m:01s; Memory used current: 32MB peak: 150MB)

Process took 0h:00m:02s realtime, 0h:00m:01s cputime
# Thu Sep 19 11:16:36 2019

###########################################################]


Synthesis exit by 0.

edif2ngd  -l "MachXO2" -d LCMXO2-7000HE -path "C:/Users/martin/Desktop/Arqui3cm2/PrimerParcial/project3CM2/key00/key0" -path "C:/Users/martin/Desktop/Arqui3cm2/PrimerParcial/project3CM2/key00"   "C:/Users/martin/Desktop/Arqui3cm2/PrimerParcial/project3CM2/key00/key0/key00_key0.edi" "key00_key0.ngo"   
edif2ngd:  version Diamond (64-bit) 3.11.0.396.4

Copyright (c) 1991-1994 by NeoCAD Inc. All rights reserved.
Copyright (c) 1995 AT&T Corp.   All rights reserved.
Copyright (c) 1995-2001 Lucent Technologies Inc.  All rights reserved.
Copyright (c) 2001 Agere Systems   All rights reserved.
Copyright (c) 2002-2019 Lattice Semiconductor Corporation,  All rights reserved.
Writing the design to key00_key0.ngo...

Total CPU Time: 0 secs  
Total REAL Time: 0 secs  
Peak Memory Usage: 11 MB


ngdbuild  -a "MachXO2" -d LCMXO2-7000HE  -p "C:/lscc/diamond/3.11_x64/ispfpga/xo2c00/data"  -p "C:/Users/martin/Desktop/Arqui3cm2/PrimerParcial/project3CM2/key00/key0" -p "C:/Users/martin/Desktop/Arqui3cm2/PrimerParcial/project3CM2/key00"  "key00_key0.ngo" "key00_key0.ngd"  	
ngdbuild:  version Diamond (64-bit) 3.11.0.396.4

Copyright (c) 1991-1994 by NeoCAD Inc. All rights reserved.
Copyright (c) 1995 AT&T Corp.   All rights reserved.
Copyright (c) 1995-2001 Lucent Technologies Inc.  All rights reserved.
Copyright (c) 2001 Agere Systems   All rights reserved.
Copyright (c) 2002-2019 Lattice Semiconductor Corporation,  All rights reserved.
Reading 'key00_key0.ngo' ...
Loading NGL library 'C:/lscc/diamond/3.11_x64/ispfpga/xo2c00a/data/xo2alib.ngl'...
Loading NGL library 'C:/lscc/diamond/3.11_x64/ispfpga/xo2c00/data/xo2clib.ngl'...
Loading NGL library 'C:/lscc/diamond/3.11_x64/ispfpga/mg5g00/data/mg5glib.ngl'...
Loading NGL library 'C:/lscc/diamond/3.11_x64/ispfpga/or5g00/data/orc5glib.ngl'...


Running DRC...

    <postMsg mid="1166052" type="Warning" dynamic="2" navigation="1" arg0="logical" arg1="K00/D00/OSCInst0_SEDSTDBY" arg2="K00/D00/OSCInst0_SEDSTDBY"  />
    <postMsg mid="1163101" type="Warning" dynamic="1" navigation="0" arg0="1"  />

Design Results:
    147 blocks expanded
Complete the first expansion.
Writing 'key00_key0.ngd' ...
Total CPU Time: 0 secs 
Total REAL Time: 0 secs 
Peak Memory Usage: 18 MB


map -a "MachXO2" -p LCMXO2-7000HE -t TQFP144 -s 5 -oc Commercial   "key00_key0.ngd" -o "key00_key0_map.ncd" -pr "key00_key0.prf" -mp "key00_key0.mrp" -lpf "C:/Users/martin/Desktop/Arqui3cm2/PrimerParcial/project3CM2/key00/key0/key00_key0_synplify.lpf" -lpf "C:/Users/martin/Desktop/Arqui3cm2/PrimerParcial/project3CM2/key00/key00.lpf" -c 0           
map:  version Diamond (64-bit) 3.11.0.396.4

Copyright (c) 1991-1994 by NeoCAD Inc. All rights reserved.
Copyright (c) 1995 AT&T Corp.   All rights reserved.
Copyright (c) 1995-2001 Lucent Technologies Inc.  All rights reserved.
Copyright (c) 2001 Agere Systems   All rights reserved.
Copyright (c) 2002-2019 Lattice Semiconductor Corporation,  All rights reserved.
   Process the file: key00_key0.ngd
   Picdevice="LCMXO2-7000HE"

   Pictype="TQFP144"

   Picspeed=5

   Remove unused logic

   Do not produce over sized NCDs.

Part used: LCMXO2-7000HETQFP144, Performance used: 5.

Loading device for application map from file 'xo2c7000.nph' in environment: C:/lscc/diamond/3.11_x64/ispfpga.
Package Status:                     Final          Version 1.39.

Running general design DRC...

Removing unused logic...

Optimizing...




Design Summary:
   Number of registers:     36 out of  7209 (0%)
      PFU registers:           36 out of  6864 (1%)
      PIO registers:            0 out of   345 (0%)
   Number of SLICEs:        45 out of  3432 (1%)
      SLICEs as Logic/ROM:     45 out of  3432 (1%)
      SLICEs as RAM:            0 out of  2574 (0%)
      SLICEs as Carry:         12 out of  3432 (0%)
   Number of LUT4s:         89 out of  6864 (1%)
      Number used as logic LUTs:         65
      Number used as distributed RAM:     0
      Number used as ripple logic:       24
      Number used as shift registers:     0
   Number of PIO sites used: 26 + 4(JTAG) out of 115 (26%)
   Number of block RAMs:  0 out of 26 (0%)
   Number of GSRs:        0 out of 1 (0%)
   EFB used :        No
   JTAG used :       No
   Readback used :   No
   Oscillator used : Yes
   Startup used :    No
   POR :             On
   Bandgap :         On
   Number of Power Controller:  0 out of 1 (0%)
   Number of Dynamic Bank Controller (BCINRD):  0 out of 6 (0%)
   Number of Dynamic Bank Controller (BCLVDSO):  0 out of 1 (0%)
   Number of DCCA:  0 out of 8 (0%)
   Number of DCMA:  0 out of 2 (0%)
   Number of PLLs:  0 out of 2 (0%)
   Number of DQSDLLs:  0 out of 2 (0%)
   Number of CLKDIVC:  0 out of 4 (0%)
   Number of ECLKSYNCA:  0 out of 4 (0%)
   Number of ECLKBRIDGECS:  0 out of 2 (0%)
   Notes:-
      1. Total number of LUT4s = (Number of logic LUT4s) + 2*(Number of distributed RAMs) + 2*(Number of ripple logic)
      2. Number of logic LUT4s does not include count of distributed RAM and ripple logic.
   Number of clocks:  4
     Net clk0_c: 3 loads, 3 rising, 0 falling (Driver: K00/D01/oscout )
     Net K02/aux_0_sqmuxa: 4 loads, 4 rising, 0 falling (Driver: K02/aux_0_sqmuxa )
     Net K02/un1_aux88_i: 1 loads, 1 rising, 0 falling (Driver: K02/aux_RNO )
     Net K00/sclk: 13 loads, 13 rising, 0 falling (Driver: K00/D00/OSCInst0 )
   Number of Clock Enables:  0
   Number of LSRs:  3
     Net outr0_c[1]: 1 loads, 1 LSLICEs
     Net K00/D01/sdiv8lto20_i_a2_RNIA3SQ8: 12 loads, 12 LSLICEs
     Net reset0_c: 2 loads, 2 LSLICEs
   Number of nets driven by tri-state buffers:  0
   Top 10 highest fanout non-clock nets:
     Net outr0_c[2]: 14 loads
     Net K00/D01/sdiv8lto20_i_a2_RNIA3SQ8: 13 loads
     Net inkey0_c[1]: 11 loads
     Net outr0_c[1]: 11 loads
     Net inkey0_c[2]: 9 loads
     Net inkey0_c[3]: 9 loads
     Net outr0_c[3]: 9 loads
     Net cdiv00_c[0]: 8 loads
     Net K00/D01/sdiv[16]: 8 loads
     Net K00/D01/sdiv[17]: 8 loads
 

   Number of warnings:  0
   Number of errors:    0



Total CPU Time: 0 secs  
Total REAL Time: 0 secs  
Peak Memory Usage: 36 MB

Dumping design to file key00_key0_map.ncd.

mpartrce -p "key00_key0.p2t" -f "key00_key0.p3t" -tf "key00_key0.pt" "key00_key0_map.ncd" "key00_key0.ncd"

---- MParTrce Tool ----
Removing old design directory at request of -rem command line option to this program.
Running par. Please wait . . .

Lattice Place and Route Report for Design "key00_key0_map.ncd"
Thu Sep 19 11:16:45 2019

PAR: Place And Route Diamond (64-bit) 3.11.0.396.4.
Command Line: par -w -l 5 -i 6 -t 1 -c 0 -e 0 -gui -msgset C:/Users/martin/Desktop/Arqui3cm2/PrimerParcial/project3CM2/key00/promote.xml -exp parUseNBR=1:parCDP=0:parCDR=0:parPathBased=OFF key00_key0_map.ncd key00_key0.dir/5_1.ncd key00_key0.prf
Preference file: key00_key0.prf.
Placement level-cost: 5-1.
Routing Iterations: 6

Loading design for application par from file key00_key0_map.ncd.
Design name: topkey00
NCD version: 3.3
Vendor:      LATTICE
Device:      LCMXO2-7000HE
Package:     TQFP144
Performance: 5
Loading device for application par from file 'xo2c7000.nph' in environment: C:/lscc/diamond/3.11_x64/ispfpga.
Package Status:                     Final          Version 1.39.
Performance Hardware Data Status:   Final          Version 34.4.
License checked out.


Ignore Preference Error(s):  True
Device utilization summary:

   PIO (prelim)   26+4(JTAG)/336     9% used
                  26+4(JTAG)/115     26% bonded

   SLICE             45/3432          1% used

   OSC                1/1           100% used


1 potential circuit loop found in timing analysis.
Number of Signals: 145
Number of Connections: 344

Pin Constraint Summary:
   0 out of 26 pins locked (0% locked).

The following 1 signal is selected to use the primary clock routing resources:
    K00/sclk (driver: K00/D00/OSCInst0, clk load #: 13)


The following 1 signal is selected to use the secondary clock routing resources:
    K00/D01/sdiv8lto20_i_a2_RNIA3SQ8 (driver: K00/D01/SLICE_14, clk load #: 0, sr load #: 12, ce load #: 0)

No signal is selected as Global Set/Reset.
.
Starting Placer Phase 0.
............
Finished Placer Phase 0.  REAL time: 3 secs 

Starting Placer Phase 1.
.....................
Placer score = 14844.
Finished Placer Phase 1.  REAL time: 11 secs 

Starting Placer Phase 2.
.
Placer score =  14805
Finished Placer Phase 2.  REAL time: 11 secs 


------------------ Clock Report ------------------

Global Clock Resources:
  CLK_PIN    : 0 out of 8 (0%)
  PLL        : 0 out of 2 (0%)
  DCM        : 0 out of 2 (0%)
  DCC        : 0 out of 8 (0%)

Global Clocks:
  PRIMARY "K00/sclk" from OSC on comp "K00/D00/OSCInst0" on site "OSC", clk load = 13
  SECONDARY "K00/D01/sdiv8lto20_i_a2_RNIA3SQ8" from F1 on comp "K00/D01/SLICE_14" on site "R21C20B", clk load = 0, ce load = 0, sr load = 12

  PRIMARY  : 1 out of 8 (12%)
  SECONDARY: 1 out of 8 (12%)

Edge Clocks:
  No edge clock selected.

--------------- End of Clock Report ---------------


I/O Usage Summary (final):
   26 + 4(JTAG) out of 336 (8.9%) PIO sites used.
   26 + 4(JTAG) out of 115 (26.1%) bonded PIO sites used.
   Number of PIO comps: 26; differential: 0.
   Number of Vref pins used: 0.

I/O Bank Usage Summary:
+----------+----------------+------------+-----------+
| I/O Bank | Usage          | Bank Vccio | Bank Vref |
+----------+----------------+------------+-----------+
| 0        | 0 / 28 (  0%)  | -          | -         |
| 1        | 0 / 29 (  0%)  | -          | -         |
| 2        | 12 / 29 ( 41%) | 2.5V       | -         |
| 3        | 9 / 9 (100%)   | 2.5V       | -         |
| 4        | 5 / 10 ( 50%)  | 2.5V       | -         |
| 5        | 0 / 10 (  0%)  | -          | -         |
+----------+----------------+------------+-----------+

Total placer CPU time: 9 secs 

Dumping design to file key00_key0.dir/5_1.ncd.

1 potential circuit loop found in timing analysis.
0 connections routed; 344 unrouted.
Starting router resource preassignment

    <postMsg mid="66011008" type="Warning" dynamic="1" navigation="0" arg0="&#xA;   Signal=clk0_c loads=5 clock_loads=3&#xA;   Signal=K02/aux_0_sqmuxa loads=5 clock_loads=4&#xA;   Signal=K02/un1_aux88_i loads=1 clock_loads=1"  />

Completed router resource preassignment. Real time: 13 secs 

Start NBR router at 11:16:58 09/19/19

*****************************************************************
Info: NBR allows conflicts(one node used by more than one signal)
      in the earlier iterations. In each iteration, it tries to  
      solve the conflicts while keeping the critical connections 
      routed as short as possible. The routing process is said to
      be completed when no conflicts exist and all connections   
      are routed.                                                
Note: NBR uses a different method to calculate timing slacks. The
      worst slack and total negative slack may not be the same as
      that in TRCE report. You should always run TRCE to verify  
      your design.                                               
*****************************************************************

1 potential circuit loop found in timing analysis.
Start NBR special constraint process at 11:16:58 09/19/19

Start NBR section for initial routing at 11:16:59 09/19/19
Level 4, iteration 1
16(0.00%) conflicts; 0(0.00%) untouched conn; 0 (nbr) score; 
Estimated worst slack/total negative slack<setup>: 468.019ns/0.000ns; real time: 14 secs 

Info: Initial congestion level at 75% usage is 0
Info: Initial congestion area  at 75% usage is 0 (0.00%)

Start NBR section for normal routing at 11:16:59 09/19/19
Level 4, iteration 1
13(0.00%) conflicts; 0(0.00%) untouched conn; 0 (nbr) score; 
Estimated worst slack/total negative slack<setup>: 468.019ns/0.000ns; real time: 14 secs 
Level 4, iteration 2
10(0.00%) conflicts; 0(0.00%) untouched conn; 0 (nbr) score; 
Estimated worst slack/total negative slack<setup>: 468.157ns/0.000ns; real time: 14 secs 
Level 4, iteration 3
9(0.00%) conflicts; 0(0.00%) untouched conn; 0 (nbr) score; 
Estimated worst slack/total negative slack<setup>: 468.157ns/0.000ns; real time: 14 secs 
Level 4, iteration 4
7(0.00%) conflicts; 0(0.00%) untouched conn; 0 (nbr) score; 
Estimated worst slack/total negative slack<setup>: 468.157ns/0.000ns; real time: 14 secs 
Level 4, iteration 5
7(0.00%) conflicts; 0(0.00%) untouched conn; 0 (nbr) score; 
Estimated worst slack/total negative slack<setup>: 468.157ns/0.000ns; real time: 14 secs 
Level 4, iteration 6
5(0.00%) conflicts; 0(0.00%) untouched conn; 0 (nbr) score; 
Estimated worst slack/total negative slack<setup>: 468.157ns/0.000ns; real time: 14 secs 
Level 4, iteration 7
6(0.00%) conflicts; 0(0.00%) untouched conn; 0 (nbr) score; 
Estimated worst slack/total negative slack<setup>: 468.157ns/0.000ns; real time: 14 secs 
Level 4, iteration 8
5(0.00%) conflicts; 0(0.00%) untouched conn; 0 (nbr) score; 
Estimated worst slack/total negative slack<setup>: 468.157ns/0.000ns; real time: 14 secs 
Level 4, iteration 9
4(0.00%) conflicts; 0(0.00%) untouched conn; 0 (nbr) score; 
Estimated worst slack/total negative slack<setup>: 468.157ns/0.000ns; real time: 14 secs 
Level 4, iteration 10
3(0.00%) conflicts; 0(0.00%) untouched conn; 0 (nbr) score; 
Estimated worst slack/total negative slack<setup>: 468.157ns/0.000ns; real time: 14 secs 
Level 4, iteration 11
3(0.00%) conflicts; 0(0.00%) untouched conn; 0 (nbr) score; 
Estimated worst slack/total negative slack<setup>: 468.157ns/0.000ns; real time: 14 secs 
Level 4, iteration 12
2(0.00%) conflicts; 0(0.00%) untouched conn; 0 (nbr) score; 
Estimated worst slack/total negative slack<setup>: 468.157ns/0.000ns; real time: 14 secs 
Level 4, iteration 13
2(0.00%) conflicts; 0(0.00%) untouched conn; 0 (nbr) score; 
Estimated worst slack/total negative slack<setup>: 468.157ns/0.000ns; real time: 14 secs 
Level 4, iteration 14
0(0.00%) conflict; 0(0.00%) untouched conn; 0 (nbr) score; 
Estimated worst slack/total negative slack<setup>: 468.157ns/0.000ns; real time: 14 secs 

Start NBR section for setup/hold timing optimization with effort level 3 at 11:16:59 09/19/19
1 potential circuit loop found in timing analysis.
1 potential circuit loop found in timing analysis.

Start NBR section for re-routing at 11:16:59 09/19/19
Level 4, iteration 1
0(0.00%) conflict; 0(0.00%) untouched conn; 0 (nbr) score; 
Estimated worst slack/total negative slack<setup>: 468.157ns/0.000ns; real time: 14 secs 

Start NBR section for post-routing at 11:16:59 09/19/19
1 potential circuit loop found in timing analysis.

End NBR router with 0 unrouted connection

NBR Summary
-----------
  Number of unrouted connections : 0 (0.00%)
  Number of connections with timing violations : 0 (0.00%)
  Estimated worst slack<setup> : 468.157ns
  Timing score<setup> : 0
-----------
Notes: The timing info is calculated for SETUP only and all PAR_ADJs are ignored.



    <postMsg mid="66011008" type="Warning" dynamic="1" navigation="0" arg0="&#xA;   Signal=clk0_c loads=5 clock_loads=3&#xA;   Signal=K02/aux_0_sqmuxa loads=5 clock_loads=4&#xA;   Signal=K02/un1_aux88_i loads=1 clock_loads=1"  />

1 potential circuit loop found in timing analysis.
1 potential circuit loop found in timing analysis.
1 potential circuit loop found in timing analysis.
Total CPU time 13 secs 
Total REAL time: 15 secs 
Completely routed.
End of route.  344 routed (100.00%); 0 unrouted.

Hold time timing score: 0, hold timing errors: 0

Timing score: 0 

Dumping design to file key00_key0.dir/5_1.ncd.


PAR_SUMMARY::Run status = Completed
PAR_SUMMARY::Number of unrouted conns = 0
PAR_SUMMARY::Worst  slack<setup/<ns>> = 468.157
PAR_SUMMARY::Timing score<setup/<ns>> = 0.000
PAR_SUMMARY::Worst  slack<hold /<ns>> = 0.379
PAR_SUMMARY::Timing score<hold /<ns>> = 0.000
PAR_SUMMARY::Number of errors = 0

Total CPU  time to completion: 13 secs 
Total REAL time to completion: 15 secs 

par done!

Note: user must run 'Trace' for timing closure signoff.

Copyright (c) 1991-1994 by NeoCAD Inc. All rights reserved.
Copyright (c) 1995 AT&T Corp.   All rights reserved.
Copyright (c) 1995-2001 Lucent Technologies Inc.  All rights reserved.
Copyright (c) 2001 Agere Systems   All rights reserved.
Copyright (c) 2002-2019 Lattice Semiconductor Corporation,  All rights reserved.
Exiting par with exit code 0
Exiting mpartrce with exit code 0

trce -f "key00_key0.pt" -o "key00_key0.twr" "key00_key0.ncd" "key00_key0.prf"
trce:  version Diamond (64-bit) 3.11.0.396.4

Copyright (c) 1991-1994 by NeoCAD Inc. All rights reserved.
Copyright (c) 1995 AT&T Corp.   All rights reserved.
Copyright (c) 1995-2001 Lucent Technologies Inc.  All rights reserved.
Copyright (c) 2001 Agere Systems   All rights reserved.
Copyright (c) 2002-2019 Lattice Semiconductor Corporation,  All rights reserved.

Loading design for application trce from file key00_key0.ncd.
Design name: topkey00
NCD version: 3.3
Vendor:      LATTICE
Device:      LCMXO2-7000HE
Package:     TQFP144
Performance: 5
Loading device for application trce from file 'xo2c7000.nph' in environment: C:/lscc/diamond/3.11_x64/ispfpga.
Package Status:                     Final          Version 1.39.
Performance Hardware Data Status:   Final          Version 34.4.
Setup and Hold Report

--------------------------------------------------------------------------------
Lattice TRACE Report - Setup, Version Diamond (64-bit) 3.11.0.396.4
Thu Sep 19 11:17:01 2019

Copyright (c) 1991-1994 by NeoCAD Inc. All rights reserved.
Copyright (c) 1995 AT&T Corp.   All rights reserved.
Copyright (c) 1995-2001 Lucent Technologies Inc.  All rights reserved.
Copyright (c) 2001 Agere Systems   All rights reserved.
Copyright (c) 2002-2019 Lattice Semiconductor Corporation,  All rights reserved.

Report Information
------------------
Command line:    trce -v 10 -gt -sethld -sp 5 -sphld m -o key00_key0.twr -gui -msgset C:/Users/martin/Desktop/Arqui3cm2/PrimerParcial/project3CM2/key00/promote.xml key00_key0.ncd key00_key0.prf 
Design file:     key00_key0.ncd
Preference file: key00_key0.prf
Device,speed:    LCMXO2-7000HE,5
Report level:    verbose report, limited to 10 items per preference
--------------------------------------------------------------------------------

1 potential circuit loop found in timing analysis.
BLOCK ASYNCPATHS
BLOCK RESETPATHS
--------------------------------------------------------------------------------



Timing summary (Setup):
---------------

Timing errors: 0  Score: 0
Cumulative negative slack: 0

Constraints cover 3165 paths, 1 nets, and 237 connections (68.90% coverage)

--------------------------------------------------------------------------------
Lattice TRACE Report - Hold, Version Diamond (64-bit) 3.11.0.396.4
Thu Sep 19 11:17:01 2019

Copyright (c) 1991-1994 by NeoCAD Inc. All rights reserved.
Copyright (c) 1995 AT&T Corp.   All rights reserved.
Copyright (c) 1995-2001 Lucent Technologies Inc.  All rights reserved.
Copyright (c) 2001 Agere Systems   All rights reserved.
Copyright (c) 2002-2019 Lattice Semiconductor Corporation,  All rights reserved.

Report Information
------------------
Command line:    trce -v 10 -gt -sethld -sp 5 -sphld m -o key00_key0.twr -gui -msgset C:/Users/martin/Desktop/Arqui3cm2/PrimerParcial/project3CM2/key00/promote.xml key00_key0.ncd key00_key0.prf 
Design file:     key00_key0.ncd
Preference file: key00_key0.prf
Device,speed:    LCMXO2-7000HE,m
Report level:    verbose report, limited to 10 items per preference
--------------------------------------------------------------------------------

1 potential circuit loop found in timing analysis.
BLOCK ASYNCPATHS
BLOCK RESETPATHS
--------------------------------------------------------------------------------



Timing summary (Hold):
---------------

Timing errors: 0  Score: 0
Cumulative negative slack: 0

Constraints cover 3165 paths, 1 nets, and 237 connections (68.90% coverage)



Timing summary (Setup and Hold):
---------------

Timing errors: 0 (setup), 0 (hold)
Score: 0 (setup), 0 (hold)
Cumulative negative slack: 0 (0+0)
--------------------------------------------------------------------------------

--------------------------------------------------------------------------------

Total CPU Time: 0 secs 
Total REAL Time: 0 secs 
Peak Memory Usage: 67 MB


tmcheck -par "key00_key0.par" 

bitgen -f "key00_key0.t2b" -w "key00_key0.ncd"  -jedec "key00_key0.prf"


BITGEN: Bitstream Generator Diamond (64-bit) 3.11.0.396.4
Copyright (c) 1991-1994 by NeoCAD Inc. All rights reserved.
Copyright (c) 1995 AT&T Corp.   All rights reserved.
Copyright (c) 1995-2001 Lucent Technologies Inc.  All rights reserved.
Copyright (c) 2001 Agere Systems   All rights reserved.
Copyright (c) 2002-2019 Lattice Semiconductor Corporation,  All rights reserved.


Loading design for application Bitgen from file key00_key0.ncd.
Design name: topkey00
NCD version: 3.3
Vendor:      LATTICE
Device:      LCMXO2-7000HE
Package:     TQFP144
Performance: 5
Loading device for application Bitgen from file 'xo2c7000.nph' in environment: C:/lscc/diamond/3.11_x64/ispfpga.
Package Status:                     Final          Version 1.39.
Performance Hardware Data Status:   Final          Version 34.4.

Running DRC.
DRC detected 0 errors and 0 warnings.
Reading Preference File from key00_key0.prf.

Preference Summary:
+---------------------------------+---------------------------------+
|  Preference                     |  Current Setting                |
+---------------------------------+---------------------------------+
|                         RamCfg  |                        Reset**  |
+---------------------------------+---------------------------------+
|                     MCCLK_FREQ  |                         2.08**  |
+---------------------------------+---------------------------------+
|                  CONFIG_SECURE  |                          OFF**  |
+---------------------------------+---------------------------------+
|                          INBUF  |                           ON**  |
+---------------------------------+---------------------------------+
|                      JTAG_PORT  |                       ENABLE**  |
+---------------------------------+---------------------------------+
|                       SDM_PORT  |                      DISABLE**  |
+---------------------------------+---------------------------------+
|                 SLAVE_SPI_PORT  |                      DISABLE**  |
+---------------------------------+---------------------------------+
|                MASTER_SPI_PORT  |                      DISABLE**  |
+---------------------------------+---------------------------------+
|                       I2C_PORT  |                      DISABLE**  |
+---------------------------------+---------------------------------+
|        MUX_CONFIGURATION_PORTS  |                      DISABLE**  |
+---------------------------------+---------------------------------+
|                  CONFIGURATION  |                          CFG**  |
+---------------------------------+---------------------------------+
|                COMPRESS_CONFIG  |                           ON**  |
+---------------------------------+---------------------------------+
|                        MY_ASSP  |                          OFF**  |
+---------------------------------+---------------------------------+
|               ONE_TIME_PROGRAM  |                          OFF**  |
+---------------------------------+---------------------------------+
|                 ENABLE_TRANSFR  |                      DISABLE**  |
+---------------------------------+---------------------------------+
|                  SHAREDEBRINIT  |                      DISABLE**  |
+---------------------------------+---------------------------------+
|            BACKGROUND_RECONFIG  |                          OFF**  |
+---------------------------------+---------------------------------+
 *  Default setting.
 ** The specified setting matches the default setting.


Creating bit map...
 
Bitstream Status: Final           Version 1.95.
 
Saving bit stream in "key00_key0.jed".
 
===========
UFM Summary.
===========
UFM Size:        2046 Pages (128*2046 Bits).
UFM Utilization: General Purpose Flash Memory.
 
Available General Purpose Flash Memory: 2046 Pages (Page 0 to Page 2045).
Initialized UFM Pages:                     0 Page.
 
Total CPU Time: 3 secs 
Total REAL Time: 4 secs 
Peak Memory Usage: 290 MB
