
Copyright (C) 1994-2018 Synopsys, Inc.
This Synopsys software and all associated documentation are proprietary to Synopsys, Inc.
and may only be used pursuant to the terms and conditions of a written license agreement
with Synopsys, Inc. All other use, reproduction, modification, or distribution of the
Synopsys software or the associated documentation is strictly prohibited.
Tool: Synplify Pro (R)
Build: N-2018.03L-SP1-1
Install: C:\lscc\diamond\3.11_x64\synpbase
OS: Windows 6.2

Hostname: DESKTOP-56RQHKQ

Implementation : shiftLR0
Synopsys HDL compiler and linker, Version comp2018q2p1, Build 461R, Built Apr  1 2019 09:17:43

Modified Files: 2
FID:  path (prevtimestamp, timestamp)
16       C:\Users\martin\Desktop\Arqui3cm2\PrimerParcial\project3CM2\shiftLR00\packageshiftLR00.vhdl (N/A, 2019-09-06 01:24:49)
17       C:\Users\martin\Desktop\Arqui3cm2\PrimerParcial\project3CM2\shiftLR00\topshiftLR00.vhdl (N/A, 2019-09-06 01:25:02)

*******************************************************************
Modules that may have changed as a result of file changes: 5
MID:  lib.cell.view
0        work.div00.div0 may have changed because the following files changed:
                        C:\Users\martin\Desktop\Arqui3cm2\PrimerParcial\project3CM2\shiftLR00\topshiftLR00.vhdl (N/A, 2019-09-06 01:25:02) <-- (may instantiate this module)
2        work.osc00.osc0 may have changed because the following files changed:
                        C:\Users\martin\Desktop\Arqui3cm2\PrimerParcial\project3CM2\shiftLR00\topshiftLR00.vhdl (N/A, 2019-09-06 01:25:02) <-- (may instantiate this module)
4        work.shiftlr00.shiftlr0 may have changed because the following files changed:
                        C:\Users\martin\Desktop\Arqui3cm2\PrimerParcial\project3CM2\shiftLR00\topshiftLR00.vhdl (N/A, 2019-09-06 01:25:02) <-- (may instantiate this module)
6        work.topdiv00.topdiv0 may have changed because the following files changed:
                        C:\Users\martin\Desktop\Arqui3cm2\PrimerParcial\project3CM2\shiftLR00\topshiftLR00.vhdl (N/A, 2019-09-06 01:25:02) <-- (may instantiate this module)
8        work.topshiftlr00.topshiftlr0 may have changed because the following files changed:
                        C:\Users\martin\Desktop\Arqui3cm2\PrimerParcial\project3CM2\shiftLR00\topshiftLR00.vhdl (N/A, 2019-09-06 01:25:02) <-- (architecture and entity definition)

*******************************************************************
Unmodified files: 16
FID:  path (timestamp)
0        C:\Users\martin\Desktop\Arqui3cm2\PrimerParcial\project3CM2\div00VHDL\div00.vhdl (2019-09-02 11:53:22)
1        C:\Users\martin\Desktop\Arqui3cm2\PrimerParcial\project3CM2\div00VHDL\osc00.vhdl (2019-08-29 11:23:54)
2        C:\Users\martin\Desktop\Arqui3cm2\PrimerParcial\project3CM2\div00VHDL\packagediv00.vhdl (2019-09-02 11:47:40)
3        C:\Users\martin\Desktop\Arqui3cm2\PrimerParcial\project3CM2\div00VHDL\topdiv00.vhdl (2019-09-02 11:49:10)
4        C:\Users\martin\Desktop\Arqui3cm2\PrimerParcial\project3CM2\shiftLR00\shiftLR00.vhdl (2019-09-06 01:10:16)
5        C:\lscc\diamond\3.11_x64\cae_library\synthesis\vhdl\machxo2.vhd (2018-11-15 00:32:12)
6        C:\lscc\diamond\3.11_x64\synpbase\lib\cpld\lattice.vhd (2019-04-01 08:08:08)
7        C:\lscc\diamond\3.11_x64\synpbase\lib\vhd\arith.vhd (2019-04-01 08:07:44)
8        C:\lscc\diamond\3.11_x64\synpbase\lib\vhd\hyperents.vhd (2019-04-01 08:07:44)
9        C:\lscc\diamond\3.11_x64\synpbase\lib\vhd\location.map (2019-04-01 15:01:20)
10       C:\lscc\diamond\3.11_x64\synpbase\lib\vhd\numeric.vhd (2019-04-01 08:07:44)
11       C:\lscc\diamond\3.11_x64\synpbase\lib\vhd\snps_haps_pkg.vhd (2019-04-01 08:07:44)
12       C:\lscc\diamond\3.11_x64\synpbase\lib\vhd\std.vhd (2019-04-01 08:07:44)
13       C:\lscc\diamond\3.11_x64\synpbase\lib\vhd\std1164.vhd (2019-04-01 08:07:44)
14       C:\lscc\diamond\3.11_x64\synpbase\lib\vhd\umr_capim.vhd (2019-04-01 08:07:44)
15       C:\lscc\diamond\3.11_x64\synpbase\lib\vhd\unsigned.vhd (2019-04-01 08:07:44)

*******************************************************************
Unchanged modules: 0
MID:  lib.cell.view
