Running in Lattice mode

Starting:    C:\lscc\diamond\3.11_x64\synpbase\bin64\mbin\synbatch.exe
Install:     C:\lscc\diamond\3.11_x64\synpbase
Hostname:    DESKTOP-56RQHKQ
Date:        Fri Sep  6 02:46:32 2019
Version:     N-2018.03L-SP1-1

Arguments:   -product synplify_pro -batch shiftLR00_shiftLR00_synplify.tcl
ProductType: synplify_pro




log file: "C:\Users\martin\Desktop\Arquitectura-de-Computadoras-master\Arquitectura-de-Computadoras-master\I\Practicas\barrelLR00\shiftLR00\shiftLR00_shiftLR00.srr"
Running: hdl_info_gen in foreground

Generating HDL info...
Copied C:\Users\martin\Desktop\Arquitectura-de-Computadoras-master\Arquitectura-de-Computadoras-master\I\Practicas\barrelLR00\shiftLR00\shiftLR00_shiftLR00.srr to C:\Users\martin\Desktop\Arquitectura-de-Computadoras-master\Arquitectura-de-Computadoras-master\I\Practicas\barrelLR00\shiftLR00\shiftLR00_shiftLR00.srf

hdl_info_gen completed
# Fri Sep  6 02:46:33 2019

Return Code: 0
Run Time:00h:00m:00s
log file: "C:\Users\martin\Desktop\Arquitectura-de-Computadoras-master\Arquitectura-de-Computadoras-master\I\Practicas\barrelLR00\shiftLR00\shiftLR00_shiftLR00.srr"
Running: shiftLR00 in foreground

Running proj_1|shiftLR00

Running Flow: compile (Compile) on proj_1|shiftLR00
# Fri Sep  6 02:46:33 2019

Running Flow: compile_flow (Compile Process) on proj_1|shiftLR00
# Fri Sep  6 02:46:33 2019

Running: compiler (Compile Input) on proj_1|shiftLR00
# Fri Sep  6 02:46:33 2019
Copied C:\Users\martin\Desktop\Arquitectura-de-Computadoras-master\Arquitectura-de-Computadoras-master\I\Practicas\barrelLR00\shiftLR00\synwork\shiftLR00_shiftLR00_comp.srs to C:\Users\martin\Desktop\Arquitectura-de-Computadoras-master\Arquitectura-de-Computadoras-master\I\Practicas\barrelLR00\shiftLR00\shiftLR00_shiftLR00.srs

compiler completed
# Fri Sep  6 02:46:36 2019

Return Code: 0
Run Time:00h:00m:03s

Running: multi_srs_gen (Multi-srs Generator) on proj_1|shiftLR00
# Fri Sep  6 02:46:36 2019

multi_srs_gen completed
# Fri Sep  6 02:46:36 2019

Return Code: 0
Run Time:00h:00m:00s
Copied C:\Users\martin\Desktop\Arquitectura-de-Computadoras-master\Arquitectura-de-Computadoras-master\I\Practicas\barrelLR00\shiftLR00\synwork\shiftLR00_shiftLR00_mult.srs to C:\Users\martin\Desktop\Arquitectura-de-Computadoras-master\Arquitectura-de-Computadoras-master\I\Practicas\barrelLR00\shiftLR00\shiftLR00_shiftLR00.srs
Copied C:\Users\martin\Desktop\Arquitectura-de-Computadoras-master\Arquitectura-de-Computadoras-master\I\Practicas\barrelLR00\shiftLR00\shiftLR00_shiftLR00.srr to C:\Users\martin\Desktop\Arquitectura-de-Computadoras-master\Arquitectura-de-Computadoras-master\I\Practicas\barrelLR00\shiftLR00\shiftLR00_shiftLR00.srf
Complete: Compile Process on proj_1|shiftLR00

Running: premap (Premap) on proj_1|shiftLR00
# Fri Sep  6 02:46:36 2019

premap completed with warnings
# Fri Sep  6 02:46:39 2019

Return Code: 1
Run Time:00h:00m:03s
Complete: Compile on proj_1|shiftLR00

Running Flow: map (Map) on proj_1|shiftLR00
# Fri Sep  6 02:46:39 2019
License granted for 4 parallel jobs

Running: fpga_mapper (Map & Optimize) on proj_1|shiftLR00
# Fri Sep  6 02:46:39 2019
Copied C:\Users\martin\Desktop\Arquitectura-de-Computadoras-master\Arquitectura-de-Computadoras-master\I\Practicas\barrelLR00\shiftLR00\synwork\shiftLR00_shiftLR00_m.srm to C:\Users\martin\Desktop\Arquitectura-de-Computadoras-master\Arquitectura-de-Computadoras-master\I\Practicas\barrelLR00\shiftLR00\shiftLR00_shiftLR00.srm

fpga_mapper completed with warnings
# Fri Sep  6 02:46:42 2019

Return Code: 1
Run Time:00h:00m:03s
Complete: Map on proj_1|shiftLR00
Copied C:\Users\martin\Desktop\Arquitectura-de-Computadoras-master\Arquitectura-de-Computadoras-master\I\Practicas\barrelLR00\shiftLR00\shiftLR00_shiftLR00.srr to C:\Users\martin\Desktop\Arquitectura-de-Computadoras-master\Arquitectura-de-Computadoras-master\I\Practicas\barrelLR00\shiftLR00\shiftLR00_shiftLR00.srf
Complete: Logic Synthesis on proj_1|shiftLR00
TCL script complete: "shiftLR00_shiftLR00_synplify.tcl"
exit status=0
exit status=0
Save changes for project:
C:\Users\martin\Desktop\Arquitectura-de-Computadoras-master\Arquitectura-de-Computadoras-master\I\Practicas\barrelLR00\shiftLR00\proj_1.prj
batch mode default:no
