
Copyright (C) 1994-2018 Synopsys, Inc.
This Synopsys software and all associated documentation are proprietary to Synopsys, Inc.
and may only be used pursuant to the terms and conditions of a written license agreement
with Synopsys, Inc. All other use, reproduction, modification, or distribution of the
Synopsys software or the associated documentation is strictly prohibited.
Tool: Synplify Pro (R)
Build: N-2018.03L-SP1-1
Install: C:\lscc\diamond\3.11_x64\synpbase
OS: Windows 6.2

Hostname: DESKTOP-56RQHKQ

Implementation : shiftrRL0
Synopsys HDL compiler and linker, Version comp2018q2p1, Build 461R, Built Apr  1 2019 09:17:43

Modified Files: 1
FID:  path (prevtimestamp, timestamp)
5        C:\Users\martin\Desktop\Arqui3cm2\PrimerParcial\project3CM2\shiftrRL00\shiftrRL00.vhdl (2019-09-06 01:43:34, 2019-09-06 01:58:52)

*******************************************************************
Modules that may have changed as a result of file changes: 1
MID:  lib.cell.view
4        work.shiftrrl00.shiftrrl0 may have changed because the following files changed:
                        C:\Users\martin\Desktop\Arqui3cm2\PrimerParcial\project3CM2\shiftrRL00\shiftrRL00.vhdl (2019-09-06 01:43:34, 2019-09-06 01:58:52) <-- (architecture and entity definition)

*******************************************************************
Unmodified files: 17
FID:  path (timestamp)
0        C:\Users\martin\Desktop\Arqui3cm2\PrimerParcial\project3CM2\div00VHDL\div00.vhdl (2019-09-02 11:53:22)
1        C:\Users\martin\Desktop\Arqui3cm2\PrimerParcial\project3CM2\div00VHDL\osc00.vhdl (2019-08-29 11:23:54)
2        C:\Users\martin\Desktop\Arqui3cm2\PrimerParcial\project3CM2\div00VHDL\packagediv00.vhdl (2019-09-02 11:47:40)
3        C:\Users\martin\Desktop\Arqui3cm2\PrimerParcial\project3CM2\div00VHDL\topdiv00.vhdl (2019-09-02 11:49:10)
4        C:\Users\martin\Desktop\Arqui3cm2\PrimerParcial\project3CM2\shiftrRL00\packageshiftrRL00.vhdl (2019-09-06 01:44:59)
6        C:\Users\martin\Desktop\Arqui3cm2\PrimerParcial\project3CM2\shiftrRL00\topshiftrRL00.vhdl (2019-09-06 01:46:31)
7        C:\lscc\diamond\3.11_x64\cae_library\synthesis\vhdl\machxo2.vhd (2018-11-15 00:32:12)
8        C:\lscc\diamond\3.11_x64\synpbase\lib\cpld\lattice.vhd (2019-04-01 08:08:08)
9        C:\lscc\diamond\3.11_x64\synpbase\lib\vhd\arith.vhd (2019-04-01 08:07:44)
10       C:\lscc\diamond\3.11_x64\synpbase\lib\vhd\hyperents.vhd (2019-04-01 08:07:44)
11       C:\lscc\diamond\3.11_x64\synpbase\lib\vhd\location.map (2019-04-01 15:01:20)
12       C:\lscc\diamond\3.11_x64\synpbase\lib\vhd\numeric.vhd (2019-04-01 08:07:44)
13       C:\lscc\diamond\3.11_x64\synpbase\lib\vhd\snps_haps_pkg.vhd (2019-04-01 08:07:44)
14       C:\lscc\diamond\3.11_x64\synpbase\lib\vhd\std.vhd (2019-04-01 08:07:44)
15       C:\lscc\diamond\3.11_x64\synpbase\lib\vhd\std1164.vhd (2019-04-01 08:07:44)
16       C:\lscc\diamond\3.11_x64\synpbase\lib\vhd\umr_capim.vhd (2019-04-01 08:07:44)
17       C:\lscc\diamond\3.11_x64\synpbase\lib\vhd\unsigned.vhd (2019-04-01 08:07:44)

*******************************************************************
Unchanged modules: 8
MID:  lib.cell.view
0        work.div00.div0
1        work.div00.vhdl
2        work.osc00.osc0
3        work.osc00.vhdl
6        work.topdiv00.topdiv0
7        work.topdiv00.vhdl
8        work.topshiftrrl00.topshiftrrl0
9        work.topshiftrrl00.vhdl
