Running in Lattice mode

Starting:    C:\lscc\diamond\3.11_x64\synpbase\bin64\mbin\synbatch.exe
Install:     C:\lscc\diamond\3.11_x64\synpbase
Hostname:    DESKTOP-18VNAEB
Date:        Sun Aug 11 19:24:29 2019
Version:     N-2018.03L-SP1-1

Arguments:   -product synplify_pro -batch xnor00_xnor00_synplify.tcl
ProductType: synplify_pro




log file: "C:\Users\sony\Desktop\Trabajos\projectArqui3cm2\xnor00\xnor00\xnor00_xnor00.srr"
Running: hdl_info_gen in foreground

Generating HDL info...

hdl_info_gen completed
# Sun Aug 11 19:24:30 2019

Return Code: 0
Run Time:00h:00m:00s
log file: "C:\Users\sony\Desktop\Trabajos\projectArqui3cm2\xnor00\xnor00\xnor00_xnor00.srr"
Running: xnor00 in foreground

Running proj_1|xnor00

Running Flow: compile (Compile) on proj_1|xnor00
# Sun Aug 11 19:24:31 2019

Running Flow: compile_flow (Compile Process) on proj_1|xnor00
# Sun Aug 11 19:24:31 2019

Running: compiler (Compile Input) on proj_1|xnor00
# Sun Aug 11 19:24:31 2019
Copied C:\Users\sony\Desktop\Trabajos\projectArqui3cm2\xnor00\xnor00\synwork\xnor00_xnor00_comp.srs to C:\Users\sony\Desktop\Trabajos\projectArqui3cm2\xnor00\xnor00\xnor00_xnor00.srs

compiler completed
# Sun Aug 11 19:24:33 2019

Return Code: 0
Run Time:00h:00m:02s

Running: multi_srs_gen (Multi-srs Generator) on proj_1|xnor00
# Sun Aug 11 19:24:33 2019

multi_srs_gen completed
# Sun Aug 11 19:24:34 2019

Return Code: 0
Run Time:00h:00m:01s
Copied C:\Users\sony\Desktop\Trabajos\projectArqui3cm2\xnor00\xnor00\synwork\xnor00_xnor00_mult.srs to C:\Users\sony\Desktop\Trabajos\projectArqui3cm2\xnor00\xnor00\xnor00_xnor00.srs
Copied C:\Users\sony\Desktop\Trabajos\projectArqui3cm2\xnor00\xnor00\xnor00_xnor00.srr to C:\Users\sony\Desktop\Trabajos\projectArqui3cm2\xnor00\xnor00\xnor00_xnor00.srf
Complete: Compile Process on proj_1|xnor00

Running: premap (Premap) on proj_1|xnor00
# Sun Aug 11 19:24:34 2019

premap completed
# Sun Aug 11 19:24:38 2019

Return Code: 0
Run Time:00h:00m:04s
Complete: Compile on proj_1|xnor00

Running Flow: map (Map) on proj_1|xnor00
# Sun Aug 11 19:24:38 2019
License granted for 4 parallel jobs

Running: fpga_mapper (Map & Optimize) on proj_1|xnor00
# Sun Aug 11 19:24:38 2019
Copied C:\Users\sony\Desktop\Trabajos\projectArqui3cm2\xnor00\xnor00\synwork\xnor00_xnor00_m.srm to C:\Users\sony\Desktop\Trabajos\projectArqui3cm2\xnor00\xnor00\xnor00_xnor00.srm

fpga_mapper completed
# Sun Aug 11 19:24:44 2019

Return Code: 0
Run Time:00h:00m:06s
Complete: Map on proj_1|xnor00
Copied C:\Users\sony\Desktop\Trabajos\projectArqui3cm2\xnor00\xnor00\xnor00_xnor00.srr to C:\Users\sony\Desktop\Trabajos\projectArqui3cm2\xnor00\xnor00\xnor00_xnor00.srf
Complete: Logic Synthesis on proj_1|xnor00
TCL script complete: "xnor00_xnor00_synplify.tcl"
exit status=0
exit status=0
Save changes for project:
C:\Users\sony\Desktop\Trabajos\projectArqui3cm2\xnor00\xnor00\proj_1.prj
batch mode default:no
