Running in Lattice mode


Starting:    C:\lscc\diamond\3.9_x64\synpbase\bin64\mbin\synbatch.exe
Install:     C:\lscc\diamond\3.9_x64\synpbase
Hostname:    DESKTOP-D6S5ANV
Date:        Thu Aug 24 20:02:41 2017
Version:     L-2016.09L

Arguments:   -product synplify_pro -batch adder00_adder00_synplify.tcl
ProductType: synplify_pro





Technology initialized from device list to: LATTICE-XP

log file: "C:\Users\mange\Desktop\adder8bit00\adder00\adder00_adder00.srr"

Running: hdl_info_gen in foreground



Generating HDL info...


hdl_info_gen completed
# Thu Aug 24 20:02:42 2017

Return Code: 0
Run Time:00h:00m:00s

Copied C:\Users\mange\Desktop\adder8bit00\adder00\adder00_adder00.srr to C:\Users\mange\Desktop\adder8bit00\adder00\adder00_adder00.srf

log file: "C:\Users\mange\Desktop\adder8bit00\adder00\adder00_adder00.srr"

Running: adder00 in foreground



Running proj_1|adder00


Running: compile (Compile) on proj_1|adder00
# Thu Aug 24 20:02:42 2017


Running: compile_flow (Compile Process) on proj_1|adder00
# Thu Aug 24 20:02:42 2017


Running: compiler (Compile Input) on proj_1|adder00
# Thu Aug 24 20:02:42 2017

Copied C:\Users\mange\Desktop\adder8bit00\adder00\synwork\adder00_adder00_comp.srs to C:\Users\mange\Desktop\adder8bit00\adder00\adder00_adder00.srs


compiler completed
# Thu Aug 24 20:02:45 2017

Return Code: 0
Run Time:00h:00m:03s


Running: multi_srs_gen (Multi-srs Generator) on proj_1|adder00
# Thu Aug 24 20:02:45 2017


multi_srs_gen completed
# Thu Aug 24 20:02:45 2017

Return Code: 0
Run Time:00h:00m:00s

Copied C:\Users\mange\Desktop\adder8bit00\adder00\synwork\adder00_adder00_mult.srs to C:\Users\mange\Desktop\adder8bit00\adder00\adder00_adder00.srs

Copied C:\Users\mange\Desktop\adder8bit00\adder00\adder00_adder00.srr to C:\Users\mange\Desktop\adder8bit00\adder00\adder00_adder00.srf

Complete: Compile Process on proj_1|adder00


Running: premap (Pre-mapping) on proj_1|adder00
# Thu Aug 24 20:02:45 2017


premap completed
# Thu Aug 24 20:02:47 2017

Return Code: 0
Run Time:00h:00m:02s

Complete: Compile on proj_1|adder00


Running: map (Map) on proj_1|adder00
# Thu Aug 24 20:02:47 2017

License granted for 4 parallel jobs


Running: fpga_mapper (Map & Optimize) on proj_1|adder00
# Thu Aug 24 20:02:47 2017

Copied C:\Users\mange\Desktop\adder8bit00\adder00\synwork\adder00_adder00_m.srm to C:\Users\mange\Desktop\adder8bit00\adder00\adder00_adder00.srm


fpga_mapper completed
# Thu Aug 24 20:02:50 2017

Return Code: 0
Run Time:00h:00m:03s

Complete: Map on proj_1|adder00

Copied C:\Users\mange\Desktop\adder8bit00\adder00\adder00_adder00.srr to C:\Users\mange\Desktop\adder8bit00\adder00\adder00_adder00.srf

Complete: Logic Synthesis on proj_1|adder00

TCL script complete: "adder00_adder00_synplify.tcl"

exit status=0

exit status=0

Save changes for project:
C:\Users\mange\Desktop\adder8bit00\adder00\proj_1.prj

batch mode default:no

