
Copyright (C) 1994-2018 Synopsys, Inc.
This Synopsys software and all associated documentation are proprietary to Synopsys, Inc.
and may only be used pursuant to the terms and conditions of a written license agreement
with Synopsys, Inc. All other use, reproduction, modification, or distribution of the
Synopsys software or the associated documentation is strictly prohibited.
Tool: Synplify Pro (R)
Build: N-2018.03L-SP1-1
Install: C:\lscc\diamond\3.11_x64\synpbase
OS: Windows 6.2

Hostname: DESKTOP-56RQHKQ

Implementation : key0
Synopsys HDL compiler and linker, Version comp2018q2p1, Build 461R, Built Apr  1 2019 09:17:43

Modified Files: 3
FID:  path (prevtimestamp, timestamp)
4        C:\Users\martin\Desktop\Arqui3cm2\PrimerParcial\project3CM2\key00\coder00.vhdl (2019-09-19 10:55:41, 2019-09-23 11:49:19)
6        C:\Users\martin\Desktop\Arqui3cm2\PrimerParcial\project3CM2\key00\packagekey00.vhdl (2019-09-19 11:04:09, 2019-09-19 11:26:37)
7        C:\Users\martin\Desktop\Arqui3cm2\PrimerParcial\project3CM2\key00\topkey00.vhdl (2019-09-19 11:09:35, 2019-09-19 11:28:37)

*******************************************************************
Modules that may have changed as a result of file changes: 6
MID:  lib.cell.view
0        work.coder00.coder0 may have changed because the following files changed:
                        C:\Users\martin\Desktop\Arqui3cm2\PrimerParcial\project3CM2\key00\coder00.vhdl (2019-09-19 10:55:41, 2019-09-23 11:49:19) <-- (architecture and entity definition)
                        C:\Users\martin\Desktop\Arqui3cm2\PrimerParcial\project3CM2\key00\topkey00.vhdl (2019-09-19 11:09:35, 2019-09-19 11:28:37) <-- (may instantiate this module)
2        work.contring00.contring0 may have changed because the following files changed:
                        C:\Users\martin\Desktop\Arqui3cm2\PrimerParcial\project3CM2\key00\topkey00.vhdl (2019-09-19 11:09:35, 2019-09-19 11:28:37) <-- (may instantiate this module)
4        work.div00.div0 may have changed because the following files changed:
                        C:\Users\martin\Desktop\Arqui3cm2\PrimerParcial\project3CM2\key00\topkey00.vhdl (2019-09-19 11:09:35, 2019-09-19 11:28:37) <-- (may instantiate this module)
6        work.osc00.osc0 may have changed because the following files changed:
                        C:\Users\martin\Desktop\Arqui3cm2\PrimerParcial\project3CM2\key00\topkey00.vhdl (2019-09-19 11:09:35, 2019-09-19 11:28:37) <-- (may instantiate this module)
8        work.topdiv00.topdiv0 may have changed because the following files changed:
                        C:\Users\martin\Desktop\Arqui3cm2\PrimerParcial\project3CM2\key00\topkey00.vhdl (2019-09-19 11:09:35, 2019-09-19 11:28:37) <-- (may instantiate this module)
10       work.topkey00.topkey0 may have changed because the following files changed:
                        C:\Users\martin\Desktop\Arqui3cm2\PrimerParcial\project3CM2\key00\topkey00.vhdl (2019-09-19 11:09:35, 2019-09-19 11:28:37) <-- (architecture and entity definition)

*******************************************************************
Unmodified files: 16
FID:  path (timestamp)
0        C:\Users\martin\Desktop\Arqui3cm2\PrimerParcial\project3CM2\div00VHDL\div00.vhdl (2019-09-02 11:53:22)
1        C:\Users\martin\Desktop\Arqui3cm2\PrimerParcial\project3CM2\div00VHDL\osc00.vhdl (2019-08-29 11:23:54)
2        C:\Users\martin\Desktop\Arqui3cm2\PrimerParcial\project3CM2\div00VHDL\packagediv00.vhdl (2019-09-02 11:47:40)
3        C:\Users\martin\Desktop\Arqui3cm2\PrimerParcial\project3CM2\div00VHDL\topdiv00.vhdl (2019-09-02 11:49:10)
5        C:\Users\martin\Desktop\Arqui3cm2\PrimerParcial\project3CM2\key00\contring00.vhdl (2019-09-17 09:06:43)
8        C:\lscc\diamond\3.11_x64\cae_library\synthesis\vhdl\machxo2.vhd (2018-11-15 00:32:12)
9        C:\lscc\diamond\3.11_x64\synpbase\lib\cpld\lattice.vhd (2019-04-01 08:08:08)
10       C:\lscc\diamond\3.11_x64\synpbase\lib\vhd\arith.vhd (2019-04-01 08:07:44)
11       C:\lscc\diamond\3.11_x64\synpbase\lib\vhd\hyperents.vhd (2019-04-01 08:07:44)
12       C:\lscc\diamond\3.11_x64\synpbase\lib\vhd\location.map (2019-04-01 15:01:20)
13       C:\lscc\diamond\3.11_x64\synpbase\lib\vhd\numeric.vhd (2019-04-01 08:07:44)
14       C:\lscc\diamond\3.11_x64\synpbase\lib\vhd\snps_haps_pkg.vhd (2019-04-01 08:07:44)
15       C:\lscc\diamond\3.11_x64\synpbase\lib\vhd\std.vhd (2019-04-01 08:07:44)
16       C:\lscc\diamond\3.11_x64\synpbase\lib\vhd\std1164.vhd (2019-04-01 08:07:44)
17       C:\lscc\diamond\3.11_x64\synpbase\lib\vhd\umr_capim.vhd (2019-04-01 08:07:44)
18       C:\lscc\diamond\3.11_x64\synpbase\lib\vhd\unsigned.vhd (2019-04-01 08:07:44)

*******************************************************************
Unchanged modules: 0
MID:  lib.cell.view
