
Copyright (C) 1994-2018 Synopsys, Inc.
This Synopsys software and all associated documentation are proprietary to Synopsys, Inc.
and may only be used pursuant to the terms and conditions of a written license agreement
with Synopsys, Inc. All other use, reproduction, modification, or distribution of the
Synopsys software or the associated documentation is strictly prohibited.
Tool: Synplify Pro (R)
Build: N-2018.03L-SP1-1
Install: C:\lscc\diamond\3.11_x64\synpbase
OS: Windows 6.2

Hostname: DESKTOP-56RQHKQ

Implementation : shiftLR00
Synopsys HDL compiler and linker, Version comp2018q2p1, Build 461R, Built Apr  1 2019 09:17:43

Modified Files: 36
FID:  path (prevtimestamp, timestamp)
18       C:\Users\martin\Desktop\Arquitectura-de-Computadoras-master\Arquitectura-de-Computadoras-master\I\Practicas\barrel\barrelLR02\div00.vhd (N/A, 2019-08-04 00:00:34)
19       C:\Users\martin\Desktop\Arquitectura-de-Computadoras-master\Arquitectura-de-Computadoras-master\I\Practicas\barrel\barrelLR02\osc00.vhd (N/A, 2019-08-04 00:00:34)
20       C:\Users\martin\Desktop\Arquitectura-de-Computadoras-master\Arquitectura-de-Computadoras-master\I\Practicas\barrel\barrelLR02\packagediv00.vhd (N/A, 2019-08-04 00:00:34)
21       C:\Users\martin\Desktop\Arquitectura-de-Computadoras-master\Arquitectura-de-Computadoras-master\I\Practicas\barrel\barrelLR02\packageshiftRL00.vhd (N/A, 2019-08-04 00:00:34)
22       C:\Users\martin\Desktop\Arquitectura-de-Computadoras-master\Arquitectura-de-Computadoras-master\I\Practicas\barrel\barrelLR02\shiftRL00.vhd (N/A, 2019-09-06 04:41:35)
23       C:\Users\martin\Desktop\Arquitectura-de-Computadoras-master\Arquitectura-de-Computadoras-master\I\Practicas\barrel\barrelLR02\topdiv00.vhd (N/A, 2019-08-04 00:00:34)
24       C:\Users\martin\Desktop\Arquitectura-de-Computadoras-master\Arquitectura-de-Computadoras-master\I\Practicas\barrel\barrelLR02\topshiftRL00.vhd (N/A, 2019-08-04 00:00:34)
0        C:\Users\sandra\Desktop\barrelLR02\div00.vhd (2019-02-21 17:15:30, N/A)
1        C:\Users\sandra\Desktop\barrelLR02\osc00.vhd (2019-02-21 17:15:29, N/A)
2        C:\Users\sandra\Desktop\barrelLR02\packagediv00.vhd (2019-02-21 17:17:45, N/A)
3        C:\Users\sandra\Desktop\barrelLR02\packageshiftRL00.vhd (2019-02-21 19:15:02, N/A)
4        C:\Users\sandra\Desktop\barrelLR02\shiftRL00.vhd (2019-02-21 19:57:00, N/A)
5        C:\Users\sandra\Desktop\barrelLR02\topdiv00.vhd (2019-02-21 19:31:48, N/A)
6        C:\Users\sandra\Desktop\barrelLR02\topshiftRL00.vhd (2019-02-21 19:12:23, N/A)
7        C:\lscc\diamond\3.10_x64\cae_library\synthesis\vhdl\machxo2.vhd (2017-04-27 17:11:44, N/A)
8        C:\lscc\diamond\3.10_x64\synpbase\lib\cpld\lattice.vhd (2017-08-05 02:23:36, N/A)
9        C:\lscc\diamond\3.10_x64\synpbase\lib\vhd\arith.vhd (2017-08-05 01:03:44, N/A)
10       C:\lscc\diamond\3.10_x64\synpbase\lib\vhd\hyperents.vhd (2017-08-05 01:03:44, N/A)
11       C:\lscc\diamond\3.10_x64\synpbase\lib\vhd\location.map (2017-08-05 07:43:28, N/A)
12       C:\lscc\diamond\3.10_x64\synpbase\lib\vhd\numeric.vhd (2017-08-05 01:03:44, N/A)
13       C:\lscc\diamond\3.10_x64\synpbase\lib\vhd\snps_haps_pkg.vhd (2017-08-05 01:03:44, N/A)
14       C:\lscc\diamond\3.10_x64\synpbase\lib\vhd\std.vhd (2017-08-05 01:03:44, N/A)
15       C:\lscc\diamond\3.10_x64\synpbase\lib\vhd\std1164.vhd (2017-08-05 01:03:44, N/A)
16       C:\lscc\diamond\3.10_x64\synpbase\lib\vhd\umr_capim.vhd (2017-08-05 01:03:44, N/A)
17       C:\lscc\diamond\3.10_x64\synpbase\lib\vhd\unsigned.vhd (2017-08-05 01:03:44, N/A)
25       C:\lscc\diamond\3.11_x64\cae_library\synthesis\vhdl\machxo2.vhd (N/A, 2018-11-15 00:32:12)
26       C:\lscc\diamond\3.11_x64\synpbase\lib\cpld\lattice.vhd (N/A, 2019-04-01 08:08:08)
27       C:\lscc\diamond\3.11_x64\synpbase\lib\vhd\arith.vhd (N/A, 2019-04-01 08:07:44)
28       C:\lscc\diamond\3.11_x64\synpbase\lib\vhd\hyperents.vhd (N/A, 2019-04-01 08:07:44)
29       C:\lscc\diamond\3.11_x64\synpbase\lib\vhd\location.map (N/A, 2019-04-01 15:01:20)
30       C:\lscc\diamond\3.11_x64\synpbase\lib\vhd\numeric.vhd (N/A, 2019-04-01 08:07:44)
31       C:\lscc\diamond\3.11_x64\synpbase\lib\vhd\snps_haps_pkg.vhd (N/A, 2019-04-01 08:07:44)
32       C:\lscc\diamond\3.11_x64\synpbase\lib\vhd\std.vhd (N/A, 2019-04-01 08:07:44)
33       C:\lscc\diamond\3.11_x64\synpbase\lib\vhd\std1164.vhd (N/A, 2019-04-01 08:07:44)
34       C:\lscc\diamond\3.11_x64\synpbase\lib\vhd\umr_capim.vhd (N/A, 2019-04-01 08:07:44)
35       C:\lscc\diamond\3.11_x64\synpbase\lib\vhd\unsigned.vhd (N/A, 2019-04-01 08:07:44)

*******************************************************************
Modules that may have changed as a result of file changes: 5
MID:  lib.cell.view
0        work.div00.div0 may have changed because the following files changed:
                        C:\Users\martin\Desktop\Arquitectura-de-Computadoras-master\Arquitectura-de-Computadoras-master\I\Practicas\barrel\barrelLR02\div00.vhd (N/A, 2019-08-04 00:00:34) <-- (architecture and entity definition)
                        C:\Users\martin\Desktop\Arquitectura-de-Computadoras-master\Arquitectura-de-Computadoras-master\I\Practicas\barrel\barrelLR02\topdiv00.vhd (N/A, 2019-08-04 00:00:34) <-- (may instantiate this module)
                        C:\Users\martin\Desktop\Arquitectura-de-Computadoras-master\Arquitectura-de-Computadoras-master\I\Practicas\barrel\barrelLR02\topshiftRL00.vhd (N/A, 2019-08-04 00:00:34) <-- (may instantiate this module)
2        work.osc00.osc0 may have changed because the following files changed:
                        C:\Users\martin\Desktop\Arquitectura-de-Computadoras-master\Arquitectura-de-Computadoras-master\I\Practicas\barrel\barrelLR02\osc00.vhd (N/A, 2019-08-04 00:00:34) <-- (architecture and entity definition)
                        C:\Users\martin\Desktop\Arquitectura-de-Computadoras-master\Arquitectura-de-Computadoras-master\I\Practicas\barrel\barrelLR02\topdiv00.vhd (N/A, 2019-08-04 00:00:34) <-- (may instantiate this module)
                        C:\Users\martin\Desktop\Arquitectura-de-Computadoras-master\Arquitectura-de-Computadoras-master\I\Practicas\barrel\barrelLR02\topshiftRL00.vhd (N/A, 2019-08-04 00:00:34) <-- (may instantiate this module)
4        work.shiftrl00.shiftrl0 may have changed because the following files changed:
                        C:\Users\martin\Desktop\Arquitectura-de-Computadoras-master\Arquitectura-de-Computadoras-master\I\Practicas\barrel\barrelLR02\shiftRL00.vhd (N/A, 2019-09-06 04:41:35) <-- (architecture and entity definition)
                        C:\Users\martin\Desktop\Arquitectura-de-Computadoras-master\Arquitectura-de-Computadoras-master\I\Practicas\barrel\barrelLR02\topshiftRL00.vhd (N/A, 2019-08-04 00:00:34) <-- (may instantiate this module)
6        work.topdiv00.topdiv0 may have changed because the following files changed:
                        C:\Users\martin\Desktop\Arquitectura-de-Computadoras-master\Arquitectura-de-Computadoras-master\I\Practicas\barrel\barrelLR02\topdiv00.vhd (N/A, 2019-08-04 00:00:34) <-- (architecture and entity definition)
                        C:\Users\martin\Desktop\Arquitectura-de-Computadoras-master\Arquitectura-de-Computadoras-master\I\Practicas\barrel\barrelLR02\topshiftRL00.vhd (N/A, 2019-08-04 00:00:34) <-- (may instantiate this module)
8        work.topshiftrl00.topshiftrl0 may have changed because the following files changed:
                        C:\Users\martin\Desktop\Arquitectura-de-Computadoras-master\Arquitectura-de-Computadoras-master\I\Practicas\barrel\barrelLR02\topshiftRL00.vhd (N/A, 2019-08-04 00:00:34) <-- (architecture and entity definition)

*******************************************************************
Unmodified files: 0
FID:  path (timestamp)

*******************************************************************
Unchanged modules: 0
MID:  lib.cell.view
